<?xml version="1.0" encoding="UTF-8"?>
<!-- Generated by org.testng.reporters.JUnitReportReporter -->
<testsuite hostname="INTELLIFYLT021" failures="0" tests="72" name="Tests.Job_Management" time="278.803" errors="13" timestamp="2025-11-17T20:51:01 IST" skipped="50">
  <testcase classname="Tests.Job_Management" name="sampleTest" time="0.002"/>
  <testcase classname="Tests.Job_Management" name="testSeven_JobManagement" time="8.037">
    <skipped/>
  </testcase> <!-- testSeven_JobManagement -->
  <testcase classname="Tests.Job_Management" name="testSeven_JobManagement" time="15.654">
    <skipped/>
  </testcase> <!-- testSeven_JobManagement -->
  <testcase classname="Tests.Job_Management" name="testSeven_JobManagement" time="8.031">
    <skipped/>
  </testcase> <!-- testSeven_JobManagement -->
  <testcase classname="Tests.Job_Management" name="testSeven_JobManagement" time="8.018">
    <error message="An unknown server-side error occurred while processing the command. Original error: &#039;POST /element&#039; cannot be proxied to UiAutomator2 server because the instrumentation process is not running (probably crashed). Check the server log and/or the logcat output for more details
Build info: version: &#039;3.141.59&#039;, revision: &#039;e82be7d358&#039;, time: &#039;2018-11-14T08:17:03&#039;
System info: host: &#039;INTELLIFYLT021&#039;, ip: &#039;192.168.10.209&#039;, os.name: &#039;Windows 11&#039;, os.arch: &#039;amd64&#039;, os.version: &#039;10.0&#039;, java.version: &#039;21.0.8&#039;
Driver info: io.appium.java_client.android.AndroidDriver
Capabilities {adbExecTimeout: 120000, app: C:\Users\subhashohal\Downlo..., appActivity: com.xometry.workcenter.prev..., appPackage: com.xometry.workcenter.prev..., automationName: UiAutomator2, databaseEnabled: false, desired: {adbExecTimeout: 120000, app: C:\Users\subhashohal\Downlo..., appActivity: com.xometry.workcenter.prev..., appPackage: com.xometry.workcenter.prev..., automationName: UiAutomator2, deviceName: vivo 1916, fullReset: false, newCommandTimeout: 300, noReset: false, platformName: android, platformVersion: 9, udid: 6609da97, uiautomator2ServerInstallTimeout: 60000, uiautomator2ServerLaunchTimeout: 60000}, deviceApiLevel: 28, deviceManufacturer: vivo, deviceModel: vivo 1916, deviceName: 6609da97, deviceScreenDensity: 320, deviceScreenSize: 720x1544, deviceUDID: 6609da97, fullReset: false, javascriptEnabled: true, locationContextEnabled: false, networkConnectionEnabled: true, newCommandTimeout: 300, noReset: false, pixelRatio: 2, platform: LINUX, platformName: Android, platformVersion: 9, statBarHeight: 56, takesScreenshot: true, udid: 6609da97, uiautomator2ServerInstallTimeout: 60000, uiautomator2ServerLaunchTimeout: 60000, viewportRect: {height: 1351, left: 0, top: 56, width: 720}, warnings: {}, webStorageEnabled: false}
Session ID: 6ee734ab-405c-4a09-a5b6-53b918533da8
*** Element info: {Using=xpath, value=//android.view.View[@content-desc=&quot;Job Management&quot;]/com.horcrux.svg.SvgView/com.horcrux.svg.GroupView/com.horcrux.svg.PathView}" type="org.openqa.selenium.WebDriverException">
      <![CDATA[org.openqa.selenium.WebDriverException: An unknown server-side error occurred while processing the command. Original error: 'POST /element' cannot be proxied to UiAutomator2 server because the instrumentation process is not running (probably crashed). Check the server log and/or the logcat output for more details
Build info: version: '3.141.59', revision: 'e82be7d358', time: '2018-11-14T08:17:03'
System info: host: 'INTELLIFYLT021', ip: '192.168.10.209', os.name: 'Windows 11', os.arch: 'amd64', os.version: '10.0', java.version: '21.0.8'
Driver info: io.appium.java_client.android.AndroidDriver
Capabilities {adbExecTimeout: 120000, app: C:\Users\subhashohal\Downlo..., appActivity: com.xometry.workcenter.prev..., appPackage: com.xometry.workcenter.prev..., automationName: UiAutomator2, databaseEnabled: false, desired: {adbExecTimeout: 120000, app: C:\Users\subhashohal\Downlo..., appActivity: com.xometry.workcenter.prev..., appPackage: com.xometry.workcenter.prev..., automationName: UiAutomator2, deviceName: vivo 1916, fullReset: false, newCommandTimeout: 300, noReset: false, platformName: android, platformVersion: 9, udid: 6609da97, uiautomator2ServerInstallTimeout: 60000, uiautomator2ServerLaunchTimeout: 60000}, deviceApiLevel: 28, deviceManufacturer: vivo, deviceModel: vivo 1916, deviceName: 6609da97, deviceScreenDensity: 320, deviceScreenSize: 720x1544, deviceUDID: 6609da97, fullReset: false, javascriptEnabled: true, locationContextEnabled: false, networkConnectionEnabled: true, newCommandTimeout: 300, noReset: false, pixelRatio: 2, platform: LINUX, platformName: Android, platformVersion: 9, statBarHeight: 56, takesScreenshot: true, udid: 6609da97, uiautomator2ServerInstallTimeout: 60000, uiautomator2ServerLaunchTimeout: 60000, viewportRect: {height: 1351, left: 0, top: 56, width: 720}, warnings: {}, webStorageEnabled: false}
Session ID: 6ee734ab-405c-4a09-a5b6-53b918533da8
*** Element info: {Using=xpath, value=//android.view.View[@content-desc="Job Management"]/com.horcrux.svg.SvgView/com.horcrux.svg.GroupView/com.horcrux.svg.PathView}
at java.base/jdk.internal.reflect.DirectConstructorHandleAccessor.newInstance(DirectConstructorHandleAccessor.java:62)
at java.base/java.lang.reflect.Constructor.newInstanceWithCaller(Constructor.java:502)
at java.base/java.lang.reflect.Constructor.newInstance(Constructor.java:486)
at org.openqa.selenium.remote.http.W3CHttpResponseCodec.createException(W3CHttpResponseCodec.java:187)
at org.openqa.selenium.remote.http.W3CHttpResponseCodec.decode(W3CHttpResponseCodec.java:122)
at org.openqa.selenium.remote.http.W3CHttpResponseCodec.decode(W3CHttpResponseCodec.java:49)
at org.openqa.selenium.remote.HttpCommandExecutor.execute(HttpCommandExecutor.java:158)
at io.appium.java_client.remote.AppiumCommandExecutor.execute(AppiumCommandExecutor.java:239)
at org.openqa.selenium.remote.RemoteWebDriver.execute(RemoteWebDriver.java:552)
at io.appium.java_client.DefaultGenericMobileDriver.execute(DefaultGenericMobileDriver.java:42)
at io.appium.java_client.AppiumDriver.execute(AppiumDriver.java:1)
at io.appium.java_client.android.AndroidDriver.execute(AndroidDriver.java:1)
at org.openqa.selenium.remote.RemoteWebDriver.findElement(RemoteWebDriver.java:323)
at io.appium.java_client.DefaultGenericMobileDriver.findElement(DefaultGenericMobileDriver.java:62)
at io.appium.java_client.AppiumDriver.findElement(AppiumDriver.java:1)
at io.appium.java_client.android.AndroidDriver.findElement(AndroidDriver.java:1)
at org.openqa.selenium.remote.RemoteWebDriver.findElementByXPath(RemoteWebDriver.java:428)
at io.appium.java_client.DefaultGenericMobileDriver.findElementByXPath(DefaultGenericMobileDriver.java:152)
at io.appium.java_client.AppiumDriver.findElementByXPath(AppiumDriver.java:1)
at io.appium.java_client.android.AndroidDriver.findElementByXPath(AndroidDriver.java:1)
at org.openqa.selenium.By$ByXPath.findElement(By.java:353)
at org.openqa.selenium.remote.RemoteWebDriver.findElement(RemoteWebDriver.java:315)
at io.appium.java_client.DefaultGenericMobileDriver.findElement(DefaultGenericMobileDriver.java:58)
at io.appium.java_client.AppiumDriver.findElement(AppiumDriver.java:1)
at io.appium.java_client.android.AndroidDriver.findElement(AndroidDriver.java:1)
at Tests.Job_Management.testSeven_JobManagement(Job_Management.java:33)
at java.base/jdk.internal.reflect.DirectMethodHandleAccessor.invoke(DirectMethodHandleAccessor.java:103)
at java.base/java.lang.reflect.Method.invoke(Method.java:580)
at org.testng.internal.invokers.MethodInvocationHelper.invokeMethod(MethodInvocationHelper.java:141)
at org.testng.internal.invokers.TestInvoker.invokeMethod(TestInvoker.java:687)
at org.testng.internal.invokers.TestInvoker.retryFailed(TestInvoker.java:269)
at org.testng.internal.invokers.MethodRunner.runInSequence(MethodRunner.java:76)
at org.testng.internal.invokers.TestInvoker$MethodInvocationAgent.invoke(TestInvoker.java:995)
at org.testng.internal.invokers.TestInvoker.invokeTestMethods(TestInvoker.java:203)
at org.testng.internal.invokers.TestMethodWorker.invokeTestMethods(TestMethodWorker.java:154)
at org.testng.internal.invokers.TestMethodWorker.run(TestMethodWorker.java:134)
at java.base/java.util.ArrayList.forEach(ArrayList.java:1596)
at org.testng.TestRunner.privateRun(TestRunner.java:741)
at org.testng.TestRunner.run(TestRunner.java:616)
at org.testng.SuiteRunner.runTest(SuiteRunner.java:421)
at org.testng.SuiteRunner.runSequentially(SuiteRunner.java:413)
at org.testng.SuiteRunner.privateRun(SuiteRunner.java:373)
at org.testng.SuiteRunner.run(SuiteRunner.java:312)
at org.testng.SuiteRunnerWorker.runSuite(SuiteRunnerWorker.java:52)
at org.testng.SuiteRunnerWorker.run(SuiteRunnerWorker.java:95)
at org.testng.TestNG.runSuitesSequentially(TestNG.java:1274)
at org.testng.TestNG.runSuitesLocally(TestNG.java:1208)
at org.testng.TestNG.runSuites(TestNG.java:1112)
at org.testng.TestNG.run(TestNG.java:1079)
at org.testng.remote.AbstractRemoteTestNG.run(AbstractRemoteTestNG.java:115)
at org.testng.remote.RemoteTestNG.initAndRun(RemoteTestNG.java:293)
at org.testng.remote.RemoteTestNG.main(RemoteTestNG.java:91)
]]>
    </error>
  </testcase> <!-- testSeven_JobManagement -->
  <testcase classname="Tests.Job_Management" name="testEight_SearchJob" time="0.000">
    <skipped/>
  </testcase> <!-- testEight_SearchJob -->
  <testcase classname="Tests.Job_Management" name="testNine_ViewDetails" time="0.000">
    <skipped/>
  </testcase> <!-- testNine_ViewDetails -->
  <testcase classname="Tests.Job_Management" name="testtwelve_RS" time="3.041">
    <skipped/>
  </testcase> <!-- testtwelve_RS -->
  <testcase classname="Tests.Job_Management" name="testtwelve_RS" time="3.035">
    <skipped/>
  </testcase> <!-- testtwelve_RS -->
  <testcase classname="Tests.Job_Management" name="testtwelve_RS" time="3.026">
    <skipped/>
  </testcase> <!-- testtwelve_RS -->
  <testcase classname="Tests.Job_Management" name="testtwelve_RS" time="3.037">
    <error message="An unknown server-side error occurred while processing the command. Original error: &#039;POST /element&#039; cannot be proxied to UiAutomator2 server because the instrumentation process is not running (probably crashed). Check the server log and/or the logcat output for more details
Build info: version: &#039;3.141.59&#039;, revision: &#039;e82be7d358&#039;, time: &#039;2018-11-14T08:17:03&#039;
System info: host: &#039;INTELLIFYLT021&#039;, ip: &#039;192.168.10.209&#039;, os.name: &#039;Windows 11&#039;, os.arch: &#039;amd64&#039;, os.version: &#039;10.0&#039;, java.version: &#039;21.0.8&#039;
Driver info: io.appium.java_client.android.AndroidDriver
Capabilities {adbExecTimeout: 120000, app: C:\Users\subhashohal\Downlo..., appActivity: com.xometry.workcenter.prev..., appPackage: com.xometry.workcenter.prev..., automationName: UiAutomator2, databaseEnabled: false, desired: {adbExecTimeout: 120000, app: C:\Users\subhashohal\Downlo..., appActivity: com.xometry.workcenter.prev..., appPackage: com.xometry.workcenter.prev..., automationName: UiAutomator2, deviceName: vivo 1916, fullReset: false, newCommandTimeout: 300, noReset: false, platformName: android, platformVersion: 9, udid: 6609da97, uiautomator2ServerInstallTimeout: 60000, uiautomator2ServerLaunchTimeout: 60000}, deviceApiLevel: 28, deviceManufacturer: vivo, deviceModel: vivo 1916, deviceName: 6609da97, deviceScreenDensity: 320, deviceScreenSize: 720x1544, deviceUDID: 6609da97, fullReset: false, javascriptEnabled: true, locationContextEnabled: false, networkConnectionEnabled: true, newCommandTimeout: 300, noReset: false, pixelRatio: 2, platform: LINUX, platformName: Android, platformVersion: 9, statBarHeight: 56, takesScreenshot: true, udid: 6609da97, uiautomator2ServerInstallTimeout: 60000, uiautomator2ServerLaunchTimeout: 60000, viewportRect: {height: 1351, left: 0, top: 56, width: 720}, warnings: {}, webStorageEnabled: false}
Session ID: 6ee734ab-405c-4a09-a5b6-53b918533da8
*** Element info: {Using=xpath, value=//android.view.ViewGroup[@content-desc=&quot;Request Support&quot;]}" type="org.openqa.selenium.WebDriverException">
      <![CDATA[org.openqa.selenium.WebDriverException: An unknown server-side error occurred while processing the command. Original error: 'POST /element' cannot be proxied to UiAutomator2 server because the instrumentation process is not running (probably crashed). Check the server log and/or the logcat output for more details
Build info: version: '3.141.59', revision: 'e82be7d358', time: '2018-11-14T08:17:03'
System info: host: 'INTELLIFYLT021', ip: '192.168.10.209', os.name: 'Windows 11', os.arch: 'amd64', os.version: '10.0', java.version: '21.0.8'
Driver info: io.appium.java_client.android.AndroidDriver
Capabilities {adbExecTimeout: 120000, app: C:\Users\subhashohal\Downlo..., appActivity: com.xometry.workcenter.prev..., appPackage: com.xometry.workcenter.prev..., automationName: UiAutomator2, databaseEnabled: false, desired: {adbExecTimeout: 120000, app: C:\Users\subhashohal\Downlo..., appActivity: com.xometry.workcenter.prev..., appPackage: com.xometry.workcenter.prev..., automationName: UiAutomator2, deviceName: vivo 1916, fullReset: false, newCommandTimeout: 300, noReset: false, platformName: android, platformVersion: 9, udid: 6609da97, uiautomator2ServerInstallTimeout: 60000, uiautomator2ServerLaunchTimeout: 60000}, deviceApiLevel: 28, deviceManufacturer: vivo, deviceModel: vivo 1916, deviceName: 6609da97, deviceScreenDensity: 320, deviceScreenSize: 720x1544, deviceUDID: 6609da97, fullReset: false, javascriptEnabled: true, locationContextEnabled: false, networkConnectionEnabled: true, newCommandTimeout: 300, noReset: false, pixelRatio: 2, platform: LINUX, platformName: Android, platformVersion: 9, statBarHeight: 56, takesScreenshot: true, udid: 6609da97, uiautomator2ServerInstallTimeout: 60000, uiautomator2ServerLaunchTimeout: 60000, viewportRect: {height: 1351, left: 0, top: 56, width: 720}, warnings: {}, webStorageEnabled: false}
Session ID: 6ee734ab-405c-4a09-a5b6-53b918533da8
*** Element info: {Using=xpath, value=//android.view.ViewGroup[@content-desc="Request Support"]}
at java.base/jdk.internal.reflect.DirectConstructorHandleAccessor.newInstance(DirectConstructorHandleAccessor.java:62)
at java.base/java.lang.reflect.Constructor.newInstanceWithCaller(Constructor.java:502)
at java.base/java.lang.reflect.Constructor.newInstance(Constructor.java:486)
at org.openqa.selenium.remote.http.W3CHttpResponseCodec.createException(W3CHttpResponseCodec.java:187)
at org.openqa.selenium.remote.http.W3CHttpResponseCodec.decode(W3CHttpResponseCodec.java:122)
at org.openqa.selenium.remote.http.W3CHttpResponseCodec.decode(W3CHttpResponseCodec.java:49)
at org.openqa.selenium.remote.HttpCommandExecutor.execute(HttpCommandExecutor.java:158)
at io.appium.java_client.remote.AppiumCommandExecutor.execute(AppiumCommandExecutor.java:239)
at org.openqa.selenium.remote.RemoteWebDriver.execute(RemoteWebDriver.java:552)
at io.appium.java_client.DefaultGenericMobileDriver.execute(DefaultGenericMobileDriver.java:42)
at io.appium.java_client.AppiumDriver.execute(AppiumDriver.java:1)
at io.appium.java_client.android.AndroidDriver.execute(AndroidDriver.java:1)
at org.openqa.selenium.remote.RemoteWebDriver.findElement(RemoteWebDriver.java:323)
at io.appium.java_client.DefaultGenericMobileDriver.findElement(DefaultGenericMobileDriver.java:62)
at io.appium.java_client.AppiumDriver.findElement(AppiumDriver.java:1)
at io.appium.java_client.android.AndroidDriver.findElement(AndroidDriver.java:1)
at org.openqa.selenium.remote.RemoteWebDriver.findElementByXPath(RemoteWebDriver.java:428)
at io.appium.java_client.DefaultGenericMobileDriver.findElementByXPath(DefaultGenericMobileDriver.java:152)
at io.appium.java_client.AppiumDriver.findElementByXPath(AppiumDriver.java:1)
at io.appium.java_client.android.AndroidDriver.findElementByXPath(AndroidDriver.java:1)
at org.openqa.selenium.By$ByXPath.findElement(By.java:353)
at org.openqa.selenium.remote.RemoteWebDriver.findElement(RemoteWebDriver.java:315)
at io.appium.java_client.DefaultGenericMobileDriver.findElement(DefaultGenericMobileDriver.java:58)
at io.appium.java_client.AppiumDriver.findElement(AppiumDriver.java:1)
at io.appium.java_client.android.AndroidDriver.findElement(AndroidDriver.java:1)
at Tests.Job_Management.testtwelve_RS(Job_Management.java:79)
at java.base/jdk.internal.reflect.DirectMethodHandleAccessor.invoke(DirectMethodHandleAccessor.java:103)
at java.base/java.lang.reflect.Method.invoke(Method.java:580)
at org.testng.internal.invokers.MethodInvocationHelper.invokeMethod(MethodInvocationHelper.java:141)
at org.testng.internal.invokers.TestInvoker.invokeMethod(TestInvoker.java:687)
at org.testng.internal.invokers.TestInvoker.retryFailed(TestInvoker.java:269)
at org.testng.internal.invokers.MethodRunner.runInSequence(MethodRunner.java:76)
at org.testng.internal.invokers.TestInvoker$MethodInvocationAgent.invoke(TestInvoker.java:995)
at org.testng.internal.invokers.TestInvoker.invokeTestMethods(TestInvoker.java:203)
at org.testng.internal.invokers.TestMethodWorker.invokeTestMethods(TestMethodWorker.java:154)
at org.testng.internal.invokers.TestMethodWorker.run(TestMethodWorker.java:134)
at java.base/java.util.ArrayList.forEach(ArrayList.java:1596)
at org.testng.TestRunner.privateRun(TestRunner.java:741)
at org.testng.TestRunner.run(TestRunner.java:616)
at org.testng.SuiteRunner.runTest(SuiteRunner.java:421)
at org.testng.SuiteRunner.runSequentially(SuiteRunner.java:413)
at org.testng.SuiteRunner.privateRun(SuiteRunner.java:373)
at org.testng.SuiteRunner.run(SuiteRunner.java:312)
at org.testng.SuiteRunnerWorker.runSuite(SuiteRunnerWorker.java:52)
at org.testng.SuiteRunnerWorker.run(SuiteRunnerWorker.java:95)
at org.testng.TestNG.runSuitesSequentially(TestNG.java:1274)
at org.testng.TestNG.runSuitesLocally(TestNG.java:1208)
at org.testng.TestNG.runSuites(TestNG.java:1112)
at org.testng.TestNG.run(TestNG.java:1079)
at org.testng.remote.AbstractRemoteTestNG.run(AbstractRemoteTestNG.java:115)
at org.testng.remote.RemoteTestNG.initAndRun(RemoteTestNG.java:293)
at org.testng.remote.RemoteTestNG.main(RemoteTestNG.java:91)
]]>
    </error>
  </testcase> <!-- testtwelve_RS -->
  <testcase classname="Tests.Job_Management" name="testThirteen" time="0.000">
    <skipped/>
  </testcase> <!-- testThirteen -->
  <testcase classname="Tests.Job_Management" name="testForteen" time="0.000">
    <skipped/>
  </testcase> <!-- testForteen -->
  <testcase classname="Tests.Job_Management" name="testFifteen" time="0.000">
    <skipped/>
  </testcase> <!-- testFifteen -->
  <testcase classname="Tests.Job_Management" name="testSixteen" time="3.311"/>
  <testcase classname="Tests.Job_Management" name="testSeventeen_DownloadJobFiles" time="3.033">
    <skipped/>
  </testcase> <!-- testSeventeen_DownloadJobFiles -->
  <testcase classname="Tests.Job_Management" name="testSeventeen_DownloadJobFiles" time="3.027">
    <error message="An unknown server-side error occurred while processing the command. Original error: &#039;POST /element&#039; cannot be proxied to UiAutomator2 server because the instrumentation process is not running (probably crashed). Check the server log and/or the logcat output for more details
Build info: version: &#039;3.141.59&#039;, revision: &#039;e82be7d358&#039;, time: &#039;2018-11-14T08:17:03&#039;
System info: host: &#039;INTELLIFYLT021&#039;, ip: &#039;192.168.10.209&#039;, os.name: &#039;Windows 11&#039;, os.arch: &#039;amd64&#039;, os.version: &#039;10.0&#039;, java.version: &#039;21.0.8&#039;
Driver info: io.appium.java_client.android.AndroidDriver
Capabilities {adbExecTimeout: 120000, app: C:\Users\subhashohal\Downlo..., appActivity: com.xometry.workcenter.prev..., appPackage: com.xometry.workcenter.prev..., automationName: UiAutomator2, databaseEnabled: false, desired: {adbExecTimeout: 120000, app: C:\Users\subhashohal\Downlo..., appActivity: com.xometry.workcenter.prev..., appPackage: com.xometry.workcenter.prev..., automationName: UiAutomator2, deviceName: vivo 1916, fullReset: false, newCommandTimeout: 300, noReset: false, platformName: android, platformVersion: 9, udid: 6609da97, uiautomator2ServerInstallTimeout: 60000, uiautomator2ServerLaunchTimeout: 60000}, deviceApiLevel: 28, deviceManufacturer: vivo, deviceModel: vivo 1916, deviceName: 6609da97, deviceScreenDensity: 320, deviceScreenSize: 720x1544, deviceUDID: 6609da97, fullReset: false, javascriptEnabled: true, locationContextEnabled: false, networkConnectionEnabled: true, newCommandTimeout: 300, noReset: false, pixelRatio: 2, platform: LINUX, platformName: Android, platformVersion: 9, statBarHeight: 56, takesScreenshot: true, udid: 6609da97, uiautomator2ServerInstallTimeout: 60000, uiautomator2ServerLaunchTimeout: 60000, viewportRect: {height: 1351, left: 0, top: 56, width: 720}, warnings: {}, webStorageEnabled: false}
Session ID: 6ee734ab-405c-4a09-a5b6-53b918533da8
*** Element info: {Using=xpath, value=//android.view.ViewGroup[@content-desc=&quot;Download Job Files&quot;]}" type="org.openqa.selenium.WebDriverException">
      <![CDATA[org.openqa.selenium.WebDriverException: An unknown server-side error occurred while processing the command. Original error: 'POST /element' cannot be proxied to UiAutomator2 server because the instrumentation process is not running (probably crashed). Check the server log and/or the logcat output for more details
Build info: version: '3.141.59', revision: 'e82be7d358', time: '2018-11-14T08:17:03'
System info: host: 'INTELLIFYLT021', ip: '192.168.10.209', os.name: 'Windows 11', os.arch: 'amd64', os.version: '10.0', java.version: '21.0.8'
Driver info: io.appium.java_client.android.AndroidDriver
Capabilities {adbExecTimeout: 120000, app: C:\Users\subhashohal\Downlo..., appActivity: com.xometry.workcenter.prev..., appPackage: com.xometry.workcenter.prev..., automationName: UiAutomator2, databaseEnabled: false, desired: {adbExecTimeout: 120000, app: C:\Users\subhashohal\Downlo..., appActivity: com.xometry.workcenter.prev..., appPackage: com.xometry.workcenter.prev..., automationName: UiAutomator2, deviceName: vivo 1916, fullReset: false, newCommandTimeout: 300, noReset: false, platformName: android, platformVersion: 9, udid: 6609da97, uiautomator2ServerInstallTimeout: 60000, uiautomator2ServerLaunchTimeout: 60000}, deviceApiLevel: 28, deviceManufacturer: vivo, deviceModel: vivo 1916, deviceName: 6609da97, deviceScreenDensity: 320, deviceScreenSize: 720x1544, deviceUDID: 6609da97, fullReset: false, javascriptEnabled: true, locationContextEnabled: false, networkConnectionEnabled: true, newCommandTimeout: 300, noReset: false, pixelRatio: 2, platform: LINUX, platformName: Android, platformVersion: 9, statBarHeight: 56, takesScreenshot: true, udid: 6609da97, uiautomator2ServerInstallTimeout: 60000, uiautomator2ServerLaunchTimeout: 60000, viewportRect: {height: 1351, left: 0, top: 56, width: 720}, warnings: {}, webStorageEnabled: false}
Session ID: 6ee734ab-405c-4a09-a5b6-53b918533da8
*** Element info: {Using=xpath, value=//android.view.ViewGroup[@content-desc="Download Job Files"]}
at java.base/jdk.internal.reflect.DirectConstructorHandleAccessor.newInstance(DirectConstructorHandleAccessor.java:62)
at java.base/java.lang.reflect.Constructor.newInstanceWithCaller(Constructor.java:502)
at java.base/java.lang.reflect.Constructor.newInstance(Constructor.java:486)
at org.openqa.selenium.remote.http.W3CHttpResponseCodec.createException(W3CHttpResponseCodec.java:187)
at org.openqa.selenium.remote.http.W3CHttpResponseCodec.decode(W3CHttpResponseCodec.java:122)
at org.openqa.selenium.remote.http.W3CHttpResponseCodec.decode(W3CHttpResponseCodec.java:49)
at org.openqa.selenium.remote.HttpCommandExecutor.execute(HttpCommandExecutor.java:158)
at io.appium.java_client.remote.AppiumCommandExecutor.execute(AppiumCommandExecutor.java:239)
at org.openqa.selenium.remote.RemoteWebDriver.execute(RemoteWebDriver.java:552)
at io.appium.java_client.DefaultGenericMobileDriver.execute(DefaultGenericMobileDriver.java:42)
at io.appium.java_client.AppiumDriver.execute(AppiumDriver.java:1)
at io.appium.java_client.android.AndroidDriver.execute(AndroidDriver.java:1)
at org.openqa.selenium.remote.RemoteWebDriver.findElement(RemoteWebDriver.java:323)
at io.appium.java_client.DefaultGenericMobileDriver.findElement(DefaultGenericMobileDriver.java:62)
at io.appium.java_client.AppiumDriver.findElement(AppiumDriver.java:1)
at io.appium.java_client.android.AndroidDriver.findElement(AndroidDriver.java:1)
at org.openqa.selenium.remote.RemoteWebDriver.findElementByXPath(RemoteWebDriver.java:428)
at io.appium.java_client.DefaultGenericMobileDriver.findElementByXPath(DefaultGenericMobileDriver.java:152)
at io.appium.java_client.AppiumDriver.findElementByXPath(AppiumDriver.java:1)
at io.appium.java_client.android.AndroidDriver.findElementByXPath(AndroidDriver.java:1)
at org.openqa.selenium.By$ByXPath.findElement(By.java:353)
at org.openqa.selenium.remote.RemoteWebDriver.findElement(RemoteWebDriver.java:315)
at io.appium.java_client.DefaultGenericMobileDriver.findElement(DefaultGenericMobileDriver.java:58)
at io.appium.java_client.AppiumDriver.findElement(AppiumDriver.java:1)
at io.appium.java_client.android.AndroidDriver.findElement(AndroidDriver.java:1)
at Tests.Job_Management.testSeventeen_DownloadJobFiles(Job_Management.java:195)
at java.base/jdk.internal.reflect.DirectMethodHandleAccessor.invoke(DirectMethodHandleAccessor.java:103)
at java.base/java.lang.reflect.Method.invoke(Method.java:580)
at org.testng.internal.invokers.MethodInvocationHelper.invokeMethod(MethodInvocationHelper.java:141)
at org.testng.internal.invokers.TestInvoker.invokeMethod(TestInvoker.java:687)
at org.testng.internal.invokers.TestInvoker.retryFailed(TestInvoker.java:269)
at org.testng.internal.invokers.MethodRunner.runInSequence(MethodRunner.java:76)
at org.testng.internal.invokers.TestInvoker$MethodInvocationAgent.invoke(TestInvoker.java:995)
at org.testng.internal.invokers.TestInvoker.invokeTestMethods(TestInvoker.java:203)
at org.testng.internal.invokers.TestMethodWorker.invokeTestMethods(TestMethodWorker.java:154)
at org.testng.internal.invokers.TestMethodWorker.run(TestMethodWorker.java:134)
at java.base/java.util.ArrayList.forEach(ArrayList.java:1596)
at org.testng.TestRunner.privateRun(TestRunner.java:741)
at org.testng.TestRunner.run(TestRunner.java:616)
at org.testng.SuiteRunner.runTest(SuiteRunner.java:421)
at org.testng.SuiteRunner.runSequentially(SuiteRunner.java:413)
at org.testng.SuiteRunner.privateRun(SuiteRunner.java:373)
at org.testng.SuiteRunner.run(SuiteRunner.java:312)
at org.testng.SuiteRunnerWorker.runSuite(SuiteRunnerWorker.java:52)
at org.testng.SuiteRunnerWorker.run(SuiteRunnerWorker.java:95)
at org.testng.TestNG.runSuitesSequentially(TestNG.java:1274)
at org.testng.TestNG.runSuitesLocally(TestNG.java:1208)
at org.testng.TestNG.runSuites(TestNG.java:1112)
at org.testng.TestNG.run(TestNG.java:1079)
at org.testng.remote.AbstractRemoteTestNG.run(AbstractRemoteTestNG.java:115)
at org.testng.remote.RemoteTestNG.initAndRun(RemoteTestNG.java:293)
at org.testng.remote.RemoteTestNG.main(RemoteTestNG.java:91)
]]>
    </error>
  </testcase> <!-- testSeventeen_DownloadJobFiles -->
  <testcase classname="Tests.Job_Management" name="testSeventeen_DownloadJobFiles" time="3.016">
    <skipped/>
  </testcase> <!-- testSeventeen_DownloadJobFiles -->
  <testcase classname="Tests.Job_Management" name="testSeventeen_DownloadJobFiles" time="3.052">
    <skipped/>
  </testcase> <!-- testSeventeen_DownloadJobFiles -->
  <testcase classname="Tests.Job_Management" name="testEighteen_AllPartFiles" time="0.000">
    <skipped/>
  </testcase> <!-- testEighteen_AllPartFiles -->
  <testcase classname="Tests.Job_Management" name="testNineteen_AllTravelers" time="0.000">
    <skipped/>
  </testcase> <!-- testNineteen_AllTravelers -->
  <testcase classname="Tests.Job_Management" name="testTwenty_AllJobFiles" time="0.000">
    <skipped/>
  </testcase> <!-- testTwenty_AllJobFiles -->
  <testcase classname="Tests.Job_Management" name="testTwentyone_PurchaseOrder" time="0.000">
    <skipped/>
  </testcase> <!-- testTwentyone_PurchaseOrder -->
  <testcase classname="Tests.Job_Management" name="testTwentytwo_InventoryList" time="0.000">
    <skipped/>
  </testcase> <!-- testTwentytwo_InventoryList -->
  <testcase classname="Tests.Job_Management" name="testTwentythree" time="8.035">
    <skipped/>
  </testcase> <!-- testTwentythree -->
  <testcase classname="Tests.Job_Management" name="testTwentythree" time="8.031">
    <error message="An unknown server-side error occurred while processing the command. Original error: &#039;POST /element&#039; cannot be proxied to UiAutomator2 server because the instrumentation process is not running (probably crashed). Check the server log and/or the logcat output for more details
Build info: version: &#039;3.141.59&#039;, revision: &#039;e82be7d358&#039;, time: &#039;2018-11-14T08:17:03&#039;
System info: host: &#039;INTELLIFYLT021&#039;, ip: &#039;192.168.10.209&#039;, os.name: &#039;Windows 11&#039;, os.arch: &#039;amd64&#039;, os.version: &#039;10.0&#039;, java.version: &#039;21.0.8&#039;
Driver info: io.appium.java_client.android.AndroidDriver
Capabilities {adbExecTimeout: 120000, app: C:\Users\subhashohal\Downlo..., appActivity: com.xometry.workcenter.prev..., appPackage: com.xometry.workcenter.prev..., automationName: UiAutomator2, databaseEnabled: false, desired: {adbExecTimeout: 120000, app: C:\Users\subhashohal\Downlo..., appActivity: com.xometry.workcenter.prev..., appPackage: com.xometry.workcenter.prev..., automationName: UiAutomator2, deviceName: vivo 1916, fullReset: false, newCommandTimeout: 300, noReset: false, platformName: android, platformVersion: 9, udid: 6609da97, uiautomator2ServerInstallTimeout: 60000, uiautomator2ServerLaunchTimeout: 60000}, deviceApiLevel: 28, deviceManufacturer: vivo, deviceModel: vivo 1916, deviceName: 6609da97, deviceScreenDensity: 320, deviceScreenSize: 720x1544, deviceUDID: 6609da97, fullReset: false, javascriptEnabled: true, locationContextEnabled: false, networkConnectionEnabled: true, newCommandTimeout: 300, noReset: false, pixelRatio: 2, platform: LINUX, platformName: Android, platformVersion: 9, statBarHeight: 56, takesScreenshot: true, udid: 6609da97, uiautomator2ServerInstallTimeout: 60000, uiautomator2ServerLaunchTimeout: 60000, viewportRect: {height: 1351, left: 0, top: 56, width: 720}, warnings: {}, webStorageEnabled: false}
Session ID: 6ee734ab-405c-4a09-a5b6-53b918533da8
*** Element info: {Using=xpath, value=//android.view.ViewGroup[@content-desc=&quot;Job Details, +&quot;]}" type="org.openqa.selenium.WebDriverException">
      <![CDATA[org.openqa.selenium.WebDriverException: An unknown server-side error occurred while processing the command. Original error: 'POST /element' cannot be proxied to UiAutomator2 server because the instrumentation process is not running (probably crashed). Check the server log and/or the logcat output for more details
Build info: version: '3.141.59', revision: 'e82be7d358', time: '2018-11-14T08:17:03'
System info: host: 'INTELLIFYLT021', ip: '192.168.10.209', os.name: 'Windows 11', os.arch: 'amd64', os.version: '10.0', java.version: '21.0.8'
Driver info: io.appium.java_client.android.AndroidDriver
Capabilities {adbExecTimeout: 120000, app: C:\Users\subhashohal\Downlo..., appActivity: com.xometry.workcenter.prev..., appPackage: com.xometry.workcenter.prev..., automationName: UiAutomator2, databaseEnabled: false, desired: {adbExecTimeout: 120000, app: C:\Users\subhashohal\Downlo..., appActivity: com.xometry.workcenter.prev..., appPackage: com.xometry.workcenter.prev..., automationName: UiAutomator2, deviceName: vivo 1916, fullReset: false, newCommandTimeout: 300, noReset: false, platformName: android, platformVersion: 9, udid: 6609da97, uiautomator2ServerInstallTimeout: 60000, uiautomator2ServerLaunchTimeout: 60000}, deviceApiLevel: 28, deviceManufacturer: vivo, deviceModel: vivo 1916, deviceName: 6609da97, deviceScreenDensity: 320, deviceScreenSize: 720x1544, deviceUDID: 6609da97, fullReset: false, javascriptEnabled: true, locationContextEnabled: false, networkConnectionEnabled: true, newCommandTimeout: 300, noReset: false, pixelRatio: 2, platform: LINUX, platformName: Android, platformVersion: 9, statBarHeight: 56, takesScreenshot: true, udid: 6609da97, uiautomator2ServerInstallTimeout: 60000, uiautomator2ServerLaunchTimeout: 60000, viewportRect: {height: 1351, left: 0, top: 56, width: 720}, warnings: {}, webStorageEnabled: false}
Session ID: 6ee734ab-405c-4a09-a5b6-53b918533da8
*** Element info: {Using=xpath, value=//android.view.ViewGroup[@content-desc="Job Details, +"]}
at java.base/jdk.internal.reflect.DirectConstructorHandleAccessor.newInstance(DirectConstructorHandleAccessor.java:62)
at java.base/java.lang.reflect.Constructor.newInstanceWithCaller(Constructor.java:502)
at java.base/java.lang.reflect.Constructor.newInstance(Constructor.java:486)
at org.openqa.selenium.remote.http.W3CHttpResponseCodec.createException(W3CHttpResponseCodec.java:187)
at org.openqa.selenium.remote.http.W3CHttpResponseCodec.decode(W3CHttpResponseCodec.java:122)
at org.openqa.selenium.remote.http.W3CHttpResponseCodec.decode(W3CHttpResponseCodec.java:49)
at org.openqa.selenium.remote.HttpCommandExecutor.execute(HttpCommandExecutor.java:158)
at io.appium.java_client.remote.AppiumCommandExecutor.execute(AppiumCommandExecutor.java:239)
at org.openqa.selenium.remote.RemoteWebDriver.execute(RemoteWebDriver.java:552)
at io.appium.java_client.DefaultGenericMobileDriver.execute(DefaultGenericMobileDriver.java:42)
at io.appium.java_client.AppiumDriver.execute(AppiumDriver.java:1)
at io.appium.java_client.android.AndroidDriver.execute(AndroidDriver.java:1)
at org.openqa.selenium.remote.RemoteWebDriver.findElement(RemoteWebDriver.java:323)
at io.appium.java_client.DefaultGenericMobileDriver.findElement(DefaultGenericMobileDriver.java:62)
at io.appium.java_client.AppiumDriver.findElement(AppiumDriver.java:1)
at io.appium.java_client.android.AndroidDriver.findElement(AndroidDriver.java:1)
at org.openqa.selenium.remote.RemoteWebDriver.findElementByXPath(RemoteWebDriver.java:428)
at io.appium.java_client.DefaultGenericMobileDriver.findElementByXPath(DefaultGenericMobileDriver.java:152)
at io.appium.java_client.AppiumDriver.findElementByXPath(AppiumDriver.java:1)
at io.appium.java_client.android.AndroidDriver.findElementByXPath(AndroidDriver.java:1)
at org.openqa.selenium.By$ByXPath.findElement(By.java:353)
at org.openqa.selenium.remote.RemoteWebDriver.findElement(RemoteWebDriver.java:315)
at io.appium.java_client.DefaultGenericMobileDriver.findElement(DefaultGenericMobileDriver.java:58)
at io.appium.java_client.AppiumDriver.findElement(AppiumDriver.java:1)
at io.appium.java_client.android.AndroidDriver.findElement(AndroidDriver.java:1)
at Tests.Job_Management.testTwentythree(Job_Management.java:584)
at java.base/jdk.internal.reflect.DirectMethodHandleAccessor.invoke(DirectMethodHandleAccessor.java:103)
at java.base/java.lang.reflect.Method.invoke(Method.java:580)
at org.testng.internal.invokers.MethodInvocationHelper.invokeMethod(MethodInvocationHelper.java:141)
at org.testng.internal.invokers.TestInvoker.invokeMethod(TestInvoker.java:687)
at org.testng.internal.invokers.TestInvoker.retryFailed(TestInvoker.java:269)
at org.testng.internal.invokers.MethodRunner.runInSequence(MethodRunner.java:76)
at org.testng.internal.invokers.TestInvoker$MethodInvocationAgent.invoke(TestInvoker.java:995)
at org.testng.internal.invokers.TestInvoker.invokeTestMethods(TestInvoker.java:203)
at org.testng.internal.invokers.TestMethodWorker.invokeTestMethods(TestMethodWorker.java:154)
at org.testng.internal.invokers.TestMethodWorker.run(TestMethodWorker.java:134)
at java.base/java.util.ArrayList.forEach(ArrayList.java:1596)
at org.testng.TestRunner.privateRun(TestRunner.java:741)
at org.testng.TestRunner.run(TestRunner.java:616)
at org.testng.SuiteRunner.runTest(SuiteRunner.java:421)
at org.testng.SuiteRunner.runSequentially(SuiteRunner.java:413)
at org.testng.SuiteRunner.privateRun(SuiteRunner.java:373)
at org.testng.SuiteRunner.run(SuiteRunner.java:312)
at org.testng.SuiteRunnerWorker.runSuite(SuiteRunnerWorker.java:52)
at org.testng.SuiteRunnerWorker.run(SuiteRunnerWorker.java:95)
at org.testng.TestNG.runSuitesSequentially(TestNG.java:1274)
at org.testng.TestNG.runSuitesLocally(TestNG.java:1208)
at org.testng.TestNG.runSuites(TestNG.java:1112)
at org.testng.TestNG.run(TestNG.java:1079)
at org.testng.remote.AbstractRemoteTestNG.run(AbstractRemoteTestNG.java:115)
at org.testng.remote.RemoteTestNG.initAndRun(RemoteTestNG.java:293)
at org.testng.remote.RemoteTestNG.main(RemoteTestNG.java:91)
]]>
    </error>
  </testcase> <!-- testTwentythree -->
  <testcase classname="Tests.Job_Management" name="testTwentythree" time="8.029">
    <skipped/>
  </testcase> <!-- testTwentythree -->
  <testcase classname="Tests.Job_Management" name="testTwentythree" time="8.038">
    <skipped/>
  </testcase> <!-- testTwentythree -->
  <testcase classname="Tests.Job_Management" name="testtwentyfour" time="8.034"/>
  <testcase classname="Tests.Job_Management" name="testtwentyfive" time="3.023">
    <skipped/>
  </testcase> <!-- testtwentyfive -->
  <testcase classname="Tests.Job_Management" name="testtwentyfive" time="3.041">
    <skipped/>
  </testcase> <!-- testtwentyfive -->
  <testcase classname="Tests.Job_Management" name="testtwentyfive" time="3.028">
    <skipped/>
  </testcase> <!-- testtwentyfive -->
  <testcase classname="Tests.Job_Management" name="testtwentyfive" time="3.031">
    <error message="An unknown server-side error occurred while processing the command. Original error: &#039;POST /element&#039; cannot be proxied to UiAutomator2 server because the instrumentation process is not running (probably crashed). Check the server log and/or the logcat output for more details
Build info: version: &#039;3.141.59&#039;, revision: &#039;e82be7d358&#039;, time: &#039;2018-11-14T08:17:03&#039;
System info: host: &#039;INTELLIFYLT021&#039;, ip: &#039;192.168.10.209&#039;, os.name: &#039;Windows 11&#039;, os.arch: &#039;amd64&#039;, os.version: &#039;10.0&#039;, java.version: &#039;21.0.8&#039;
Driver info: io.appium.java_client.android.AndroidDriver
Capabilities {adbExecTimeout: 120000, app: C:\Users\subhashohal\Downlo..., appActivity: com.xometry.workcenter.prev..., appPackage: com.xometry.workcenter.prev..., automationName: UiAutomator2, databaseEnabled: false, desired: {adbExecTimeout: 120000, app: C:\Users\subhashohal\Downlo..., appActivity: com.xometry.workcenter.prev..., appPackage: com.xometry.workcenter.prev..., automationName: UiAutomator2, deviceName: vivo 1916, fullReset: false, newCommandTimeout: 300, noReset: false, platformName: android, platformVersion: 9, udid: 6609da97, uiautomator2ServerInstallTimeout: 60000, uiautomator2ServerLaunchTimeout: 60000}, deviceApiLevel: 28, deviceManufacturer: vivo, deviceModel: vivo 1916, deviceName: 6609da97, deviceScreenDensity: 320, deviceScreenSize: 720x1544, deviceUDID: 6609da97, fullReset: false, javascriptEnabled: true, locationContextEnabled: false, networkConnectionEnabled: true, newCommandTimeout: 300, noReset: false, pixelRatio: 2, platform: LINUX, platformName: Android, platformVersion: 9, statBarHeight: 56, takesScreenshot: true, udid: 6609da97, uiautomator2ServerInstallTimeout: 60000, uiautomator2ServerLaunchTimeout: 60000, viewportRect: {height: 1351, left: 0, top: 56, width: 720}, warnings: {}, webStorageEnabled: false}
Session ID: 6ee734ab-405c-4a09-a5b6-53b918533da8
*** Element info: {Using=xpath, value=//android.view.ViewGroup[@content-desc=&quot;Job Milestones, +&quot;]}" type="org.openqa.selenium.WebDriverException">
      <![CDATA[org.openqa.selenium.WebDriverException: An unknown server-side error occurred while processing the command. Original error: 'POST /element' cannot be proxied to UiAutomator2 server because the instrumentation process is not running (probably crashed). Check the server log and/or the logcat output for more details
Build info: version: '3.141.59', revision: 'e82be7d358', time: '2018-11-14T08:17:03'
System info: host: 'INTELLIFYLT021', ip: '192.168.10.209', os.name: 'Windows 11', os.arch: 'amd64', os.version: '10.0', java.version: '21.0.8'
Driver info: io.appium.java_client.android.AndroidDriver
Capabilities {adbExecTimeout: 120000, app: C:\Users\subhashohal\Downlo..., appActivity: com.xometry.workcenter.prev..., appPackage: com.xometry.workcenter.prev..., automationName: UiAutomator2, databaseEnabled: false, desired: {adbExecTimeout: 120000, app: C:\Users\subhashohal\Downlo..., appActivity: com.xometry.workcenter.prev..., appPackage: com.xometry.workcenter.prev..., automationName: UiAutomator2, deviceName: vivo 1916, fullReset: false, newCommandTimeout: 300, noReset: false, platformName: android, platformVersion: 9, udid: 6609da97, uiautomator2ServerInstallTimeout: 60000, uiautomator2ServerLaunchTimeout: 60000}, deviceApiLevel: 28, deviceManufacturer: vivo, deviceModel: vivo 1916, deviceName: 6609da97, deviceScreenDensity: 320, deviceScreenSize: 720x1544, deviceUDID: 6609da97, fullReset: false, javascriptEnabled: true, locationContextEnabled: false, networkConnectionEnabled: true, newCommandTimeout: 300, noReset: false, pixelRatio: 2, platform: LINUX, platformName: Android, platformVersion: 9, statBarHeight: 56, takesScreenshot: true, udid: 6609da97, uiautomator2ServerInstallTimeout: 60000, uiautomator2ServerLaunchTimeout: 60000, viewportRect: {height: 1351, left: 0, top: 56, width: 720}, warnings: {}, webStorageEnabled: false}
Session ID: 6ee734ab-405c-4a09-a5b6-53b918533da8
*** Element info: {Using=xpath, value=//android.view.ViewGroup[@content-desc="Job Milestones, +"]}
at java.base/jdk.internal.reflect.DirectConstructorHandleAccessor.newInstance(DirectConstructorHandleAccessor.java:62)
at java.base/java.lang.reflect.Constructor.newInstanceWithCaller(Constructor.java:502)
at java.base/java.lang.reflect.Constructor.newInstance(Constructor.java:486)
at org.openqa.selenium.remote.http.W3CHttpResponseCodec.createException(W3CHttpResponseCodec.java:187)
at org.openqa.selenium.remote.http.W3CHttpResponseCodec.decode(W3CHttpResponseCodec.java:122)
at org.openqa.selenium.remote.http.W3CHttpResponseCodec.decode(W3CHttpResponseCodec.java:49)
at org.openqa.selenium.remote.HttpCommandExecutor.execute(HttpCommandExecutor.java:158)
at io.appium.java_client.remote.AppiumCommandExecutor.execute(AppiumCommandExecutor.java:239)
at org.openqa.selenium.remote.RemoteWebDriver.execute(RemoteWebDriver.java:552)
at io.appium.java_client.DefaultGenericMobileDriver.execute(DefaultGenericMobileDriver.java:42)
at io.appium.java_client.AppiumDriver.execute(AppiumDriver.java:1)
at io.appium.java_client.android.AndroidDriver.execute(AndroidDriver.java:1)
at org.openqa.selenium.remote.RemoteWebDriver.findElement(RemoteWebDriver.java:323)
at io.appium.java_client.DefaultGenericMobileDriver.findElement(DefaultGenericMobileDriver.java:62)
at io.appium.java_client.AppiumDriver.findElement(AppiumDriver.java:1)
at io.appium.java_client.android.AndroidDriver.findElement(AndroidDriver.java:1)
at org.openqa.selenium.remote.RemoteWebDriver.findElementByXPath(RemoteWebDriver.java:428)
at io.appium.java_client.DefaultGenericMobileDriver.findElementByXPath(DefaultGenericMobileDriver.java:152)
at io.appium.java_client.AppiumDriver.findElementByXPath(AppiumDriver.java:1)
at io.appium.java_client.android.AndroidDriver.findElementByXPath(AndroidDriver.java:1)
at org.openqa.selenium.By$ByXPath.findElement(By.java:353)
at org.openqa.selenium.remote.RemoteWebDriver.findElement(RemoteWebDriver.java:315)
at io.appium.java_client.DefaultGenericMobileDriver.findElement(DefaultGenericMobileDriver.java:58)
at io.appium.java_client.AppiumDriver.findElement(AppiumDriver.java:1)
at io.appium.java_client.android.AndroidDriver.findElement(AndroidDriver.java:1)
at Tests.Job_Management.testtwentyfive(Job_Management.java:616)
at java.base/jdk.internal.reflect.DirectMethodHandleAccessor.invoke(DirectMethodHandleAccessor.java:103)
at java.base/java.lang.reflect.Method.invoke(Method.java:580)
at org.testng.internal.invokers.MethodInvocationHelper.invokeMethod(MethodInvocationHelper.java:141)
at org.testng.internal.invokers.TestInvoker.invokeMethod(TestInvoker.java:687)
at org.testng.internal.invokers.TestInvoker.retryFailed(TestInvoker.java:269)
at org.testng.internal.invokers.MethodRunner.runInSequence(MethodRunner.java:76)
at org.testng.internal.invokers.TestInvoker$MethodInvocationAgent.invoke(TestInvoker.java:995)
at org.testng.internal.invokers.TestInvoker.invokeTestMethods(TestInvoker.java:203)
at org.testng.internal.invokers.TestMethodWorker.invokeTestMethods(TestMethodWorker.java:154)
at org.testng.internal.invokers.TestMethodWorker.run(TestMethodWorker.java:134)
at java.base/java.util.ArrayList.forEach(ArrayList.java:1596)
at org.testng.TestRunner.privateRun(TestRunner.java:741)
at org.testng.TestRunner.run(TestRunner.java:616)
at org.testng.SuiteRunner.runTest(SuiteRunner.java:421)
at org.testng.SuiteRunner.runSequentially(SuiteRunner.java:413)
at org.testng.SuiteRunner.privateRun(SuiteRunner.java:373)
at org.testng.SuiteRunner.run(SuiteRunner.java:312)
at org.testng.SuiteRunnerWorker.runSuite(SuiteRunnerWorker.java:52)
at org.testng.SuiteRunnerWorker.run(SuiteRunnerWorker.java:95)
at org.testng.TestNG.runSuitesSequentially(TestNG.java:1274)
at org.testng.TestNG.runSuitesLocally(TestNG.java:1208)
at org.testng.TestNG.runSuites(TestNG.java:1112)
at org.testng.TestNG.run(TestNG.java:1079)
at org.testng.remote.AbstractRemoteTestNG.run(AbstractRemoteTestNG.java:115)
at org.testng.remote.RemoteTestNG.initAndRun(RemoteTestNG.java:293)
at org.testng.remote.RemoteTestNG.main(RemoteTestNG.java:91)
]]>
    </error>
  </testcase> <!-- testtwentyfive -->
  <testcase classname="Tests.Job_Management" name="testtwentysix" time="3.035">
    <skipped/>
  </testcase> <!-- testtwentysix -->
  <testcase classname="Tests.Job_Management" name="testtwentysix" time="3.026">
    <error message="An unknown server-side error occurred while processing the command. Original error: &#039;POST /element&#039; cannot be proxied to UiAutomator2 server because the instrumentation process is not running (probably crashed). Check the server log and/or the logcat output for more details
Build info: version: &#039;3.141.59&#039;, revision: &#039;e82be7d358&#039;, time: &#039;2018-11-14T08:17:03&#039;
System info: host: &#039;INTELLIFYLT021&#039;, ip: &#039;192.168.10.209&#039;, os.name: &#039;Windows 11&#039;, os.arch: &#039;amd64&#039;, os.version: &#039;10.0&#039;, java.version: &#039;21.0.8&#039;
Driver info: io.appium.java_client.android.AndroidDriver
Capabilities {adbExecTimeout: 120000, app: C:\Users\subhashohal\Downlo..., appActivity: com.xometry.workcenter.prev..., appPackage: com.xometry.workcenter.prev..., automationName: UiAutomator2, databaseEnabled: false, desired: {adbExecTimeout: 120000, app: C:\Users\subhashohal\Downlo..., appActivity: com.xometry.workcenter.prev..., appPackage: com.xometry.workcenter.prev..., automationName: UiAutomator2, deviceName: vivo 1916, fullReset: false, newCommandTimeout: 300, noReset: false, platformName: android, platformVersion: 9, udid: 6609da97, uiautomator2ServerInstallTimeout: 60000, uiautomator2ServerLaunchTimeout: 60000}, deviceApiLevel: 28, deviceManufacturer: vivo, deviceModel: vivo 1916, deviceName: 6609da97, deviceScreenDensity: 320, deviceScreenSize: 720x1544, deviceUDID: 6609da97, fullReset: false, javascriptEnabled: true, locationContextEnabled: false, networkConnectionEnabled: true, newCommandTimeout: 300, noReset: false, pixelRatio: 2, platform: LINUX, platformName: Android, platformVersion: 9, statBarHeight: 56, takesScreenshot: true, udid: 6609da97, uiautomator2ServerInstallTimeout: 60000, uiautomator2ServerLaunchTimeout: 60000, viewportRect: {height: 1351, left: 0, top: 56, width: 720}, warnings: {}, webStorageEnabled: false}
Session ID: 6ee734ab-405c-4a09-a5b6-53b918533da8
*** Element info: {Using=xpath, value=//android.widget.ImageView[@content-desc=&quot;arrowRight&quot;]}" type="org.openqa.selenium.WebDriverException">
      <![CDATA[org.openqa.selenium.WebDriverException: An unknown server-side error occurred while processing the command. Original error: 'POST /element' cannot be proxied to UiAutomator2 server because the instrumentation process is not running (probably crashed). Check the server log and/or the logcat output for more details
Build info: version: '3.141.59', revision: 'e82be7d358', time: '2018-11-14T08:17:03'
System info: host: 'INTELLIFYLT021', ip: '192.168.10.209', os.name: 'Windows 11', os.arch: 'amd64', os.version: '10.0', java.version: '21.0.8'
Driver info: io.appium.java_client.android.AndroidDriver
Capabilities {adbExecTimeout: 120000, app: C:\Users\subhashohal\Downlo..., appActivity: com.xometry.workcenter.prev..., appPackage: com.xometry.workcenter.prev..., automationName: UiAutomator2, databaseEnabled: false, desired: {adbExecTimeout: 120000, app: C:\Users\subhashohal\Downlo..., appActivity: com.xometry.workcenter.prev..., appPackage: com.xometry.workcenter.prev..., automationName: UiAutomator2, deviceName: vivo 1916, fullReset: false, newCommandTimeout: 300, noReset: false, platformName: android, platformVersion: 9, udid: 6609da97, uiautomator2ServerInstallTimeout: 60000, uiautomator2ServerLaunchTimeout: 60000}, deviceApiLevel: 28, deviceManufacturer: vivo, deviceModel: vivo 1916, deviceName: 6609da97, deviceScreenDensity: 320, deviceScreenSize: 720x1544, deviceUDID: 6609da97, fullReset: false, javascriptEnabled: true, locationContextEnabled: false, networkConnectionEnabled: true, newCommandTimeout: 300, noReset: false, pixelRatio: 2, platform: LINUX, platformName: Android, platformVersion: 9, statBarHeight: 56, takesScreenshot: true, udid: 6609da97, uiautomator2ServerInstallTimeout: 60000, uiautomator2ServerLaunchTimeout: 60000, viewportRect: {height: 1351, left: 0, top: 56, width: 720}, warnings: {}, webStorageEnabled: false}
Session ID: 6ee734ab-405c-4a09-a5b6-53b918533da8
*** Element info: {Using=xpath, value=//android.widget.ImageView[@content-desc="arrowRight"]}
at java.base/jdk.internal.reflect.DirectConstructorHandleAccessor.newInstance(DirectConstructorHandleAccessor.java:62)
at java.base/java.lang.reflect.Constructor.newInstanceWithCaller(Constructor.java:502)
at java.base/java.lang.reflect.Constructor.newInstance(Constructor.java:486)
at org.openqa.selenium.remote.http.W3CHttpResponseCodec.createException(W3CHttpResponseCodec.java:187)
at org.openqa.selenium.remote.http.W3CHttpResponseCodec.decode(W3CHttpResponseCodec.java:122)
at org.openqa.selenium.remote.http.W3CHttpResponseCodec.decode(W3CHttpResponseCodec.java:49)
at org.openqa.selenium.remote.HttpCommandExecutor.execute(HttpCommandExecutor.java:158)
at io.appium.java_client.remote.AppiumCommandExecutor.execute(AppiumCommandExecutor.java:239)
at org.openqa.selenium.remote.RemoteWebDriver.execute(RemoteWebDriver.java:552)
at io.appium.java_client.DefaultGenericMobileDriver.execute(DefaultGenericMobileDriver.java:42)
at io.appium.java_client.AppiumDriver.execute(AppiumDriver.java:1)
at io.appium.java_client.android.AndroidDriver.execute(AndroidDriver.java:1)
at org.openqa.selenium.remote.RemoteWebDriver.findElement(RemoteWebDriver.java:323)
at io.appium.java_client.DefaultGenericMobileDriver.findElement(DefaultGenericMobileDriver.java:62)
at io.appium.java_client.AppiumDriver.findElement(AppiumDriver.java:1)
at io.appium.java_client.android.AndroidDriver.findElement(AndroidDriver.java:1)
at org.openqa.selenium.remote.RemoteWebDriver.findElementByXPath(RemoteWebDriver.java:428)
at io.appium.java_client.DefaultGenericMobileDriver.findElementByXPath(DefaultGenericMobileDriver.java:152)
at io.appium.java_client.AppiumDriver.findElementByXPath(AppiumDriver.java:1)
at io.appium.java_client.android.AndroidDriver.findElementByXPath(AndroidDriver.java:1)
at org.openqa.selenium.By$ByXPath.findElement(By.java:353)
at org.openqa.selenium.remote.RemoteWebDriver.findElement(RemoteWebDriver.java:315)
at io.appium.java_client.DefaultGenericMobileDriver.findElement(DefaultGenericMobileDriver.java:58)
at io.appium.java_client.AppiumDriver.findElement(AppiumDriver.java:1)
at io.appium.java_client.android.AndroidDriver.findElement(AndroidDriver.java:1)
at Tests.Job_Management.testtwentysix(Job_Management.java:624)
at java.base/jdk.internal.reflect.DirectMethodHandleAccessor.invoke(DirectMethodHandleAccessor.java:103)
at java.base/java.lang.reflect.Method.invoke(Method.java:580)
at org.testng.internal.invokers.MethodInvocationHelper.invokeMethod(MethodInvocationHelper.java:141)
at org.testng.internal.invokers.TestInvoker.invokeMethod(TestInvoker.java:687)
at org.testng.internal.invokers.TestInvoker.retryFailed(TestInvoker.java:269)
at org.testng.internal.invokers.MethodRunner.runInSequence(MethodRunner.java:76)
at org.testng.internal.invokers.TestInvoker$MethodInvocationAgent.invoke(TestInvoker.java:995)
at org.testng.internal.invokers.TestInvoker.invokeTestMethods(TestInvoker.java:203)
at org.testng.internal.invokers.TestMethodWorker.invokeTestMethods(TestMethodWorker.java:154)
at org.testng.internal.invokers.TestMethodWorker.run(TestMethodWorker.java:134)
at java.base/java.util.ArrayList.forEach(ArrayList.java:1596)
at org.testng.TestRunner.privateRun(TestRunner.java:741)
at org.testng.TestRunner.run(TestRunner.java:616)
at org.testng.SuiteRunner.runTest(SuiteRunner.java:421)
at org.testng.SuiteRunner.runSequentially(SuiteRunner.java:413)
at org.testng.SuiteRunner.privateRun(SuiteRunner.java:373)
at org.testng.SuiteRunner.run(SuiteRunner.java:312)
at org.testng.SuiteRunnerWorker.runSuite(SuiteRunnerWorker.java:52)
at org.testng.SuiteRunnerWorker.run(SuiteRunnerWorker.java:95)
at org.testng.TestNG.runSuitesSequentially(TestNG.java:1274)
at org.testng.TestNG.runSuitesLocally(TestNG.java:1208)
at org.testng.TestNG.runSuites(TestNG.java:1112)
at org.testng.TestNG.run(TestNG.java:1079)
at org.testng.remote.AbstractRemoteTestNG.run(AbstractRemoteTestNG.java:115)
at org.testng.remote.RemoteTestNG.initAndRun(RemoteTestNG.java:293)
at org.testng.remote.RemoteTestNG.main(RemoteTestNG.java:91)
]]>
    </error>
  </testcase> <!-- testtwentysix -->
  <testcase classname="Tests.Job_Management" name="testtwentysix" time="3.032">
    <skipped/>
  </testcase> <!-- testtwentysix -->
  <testcase classname="Tests.Job_Management" name="testtwentysix" time="3.036">
    <skipped/>
  </testcase> <!-- testtwentysix -->
  <testcase classname="Tests.Job_Management" name="testtwentyseven" time="8.035"/>
  <testcase classname="Tests.Job_Management" name="testtwentyEight" time="3.046">
    <skipped/>
  </testcase> <!-- testtwentyEight -->
  <testcase classname="Tests.Job_Management" name="testtwentyEight" time="3.029">
    <skipped/>
  </testcase> <!-- testtwentyEight -->
  <testcase classname="Tests.Job_Management" name="testtwentyEight" time="3.031">
    <error message="An unknown server-side error occurred while processing the command. Original error: &#039;POST /element&#039; cannot be proxied to UiAutomator2 server because the instrumentation process is not running (probably crashed). Check the server log and/or the logcat output for more details
Build info: version: &#039;3.141.59&#039;, revision: &#039;e82be7d358&#039;, time: &#039;2018-11-14T08:17:03&#039;
System info: host: &#039;INTELLIFYLT021&#039;, ip: &#039;192.168.10.209&#039;, os.name: &#039;Windows 11&#039;, os.arch: &#039;amd64&#039;, os.version: &#039;10.0&#039;, java.version: &#039;21.0.8&#039;
Driver info: io.appium.java_client.android.AndroidDriver
Capabilities {adbExecTimeout: 120000, app: C:\Users\subhashohal\Downlo..., appActivity: com.xometry.workcenter.prev..., appPackage: com.xometry.workcenter.prev..., automationName: UiAutomator2, databaseEnabled: false, desired: {adbExecTimeout: 120000, app: C:\Users\subhashohal\Downlo..., appActivity: com.xometry.workcenter.prev..., appPackage: com.xometry.workcenter.prev..., automationName: UiAutomator2, deviceName: vivo 1916, fullReset: false, newCommandTimeout: 300, noReset: false, platformName: android, platformVersion: 9, udid: 6609da97, uiautomator2ServerInstallTimeout: 60000, uiautomator2ServerLaunchTimeout: 60000}, deviceApiLevel: 28, deviceManufacturer: vivo, deviceModel: vivo 1916, deviceName: 6609da97, deviceScreenDensity: 320, deviceScreenSize: 720x1544, deviceUDID: 6609da97, fullReset: false, javascriptEnabled: true, locationContextEnabled: false, networkConnectionEnabled: true, newCommandTimeout: 300, noReset: false, pixelRatio: 2, platform: LINUX, platformName: Android, platformVersion: 9, statBarHeight: 56, takesScreenshot: true, udid: 6609da97, uiautomator2ServerInstallTimeout: 60000, uiautomator2ServerLaunchTimeout: 60000, viewportRect: {height: 1351, left: 0, top: 56, width: 720}, warnings: {}, webStorageEnabled: false}
Session ID: 6ee734ab-405c-4a09-a5b6-53b918533da8
*** Element info: {Using=xpath, value=//android.view.ViewGroup[@content-desc=&quot;Download Part Files&quot;]}" type="org.openqa.selenium.WebDriverException">
      <![CDATA[org.openqa.selenium.WebDriverException: An unknown server-side error occurred while processing the command. Original error: 'POST /element' cannot be proxied to UiAutomator2 server because the instrumentation process is not running (probably crashed). Check the server log and/or the logcat output for more details
Build info: version: '3.141.59', revision: 'e82be7d358', time: '2018-11-14T08:17:03'
System info: host: 'INTELLIFYLT021', ip: '192.168.10.209', os.name: 'Windows 11', os.arch: 'amd64', os.version: '10.0', java.version: '21.0.8'
Driver info: io.appium.java_client.android.AndroidDriver
Capabilities {adbExecTimeout: 120000, app: C:\Users\subhashohal\Downlo..., appActivity: com.xometry.workcenter.prev..., appPackage: com.xometry.workcenter.prev..., automationName: UiAutomator2, databaseEnabled: false, desired: {adbExecTimeout: 120000, app: C:\Users\subhashohal\Downlo..., appActivity: com.xometry.workcenter.prev..., appPackage: com.xometry.workcenter.prev..., automationName: UiAutomator2, deviceName: vivo 1916, fullReset: false, newCommandTimeout: 300, noReset: false, platformName: android, platformVersion: 9, udid: 6609da97, uiautomator2ServerInstallTimeout: 60000, uiautomator2ServerLaunchTimeout: 60000}, deviceApiLevel: 28, deviceManufacturer: vivo, deviceModel: vivo 1916, deviceName: 6609da97, deviceScreenDensity: 320, deviceScreenSize: 720x1544, deviceUDID: 6609da97, fullReset: false, javascriptEnabled: true, locationContextEnabled: false, networkConnectionEnabled: true, newCommandTimeout: 300, noReset: false, pixelRatio: 2, platform: LINUX, platformName: Android, platformVersion: 9, statBarHeight: 56, takesScreenshot: true, udid: 6609da97, uiautomator2ServerInstallTimeout: 60000, uiautomator2ServerLaunchTimeout: 60000, viewportRect: {height: 1351, left: 0, top: 56, width: 720}, warnings: {}, webStorageEnabled: false}
Session ID: 6ee734ab-405c-4a09-a5b6-53b918533da8
*** Element info: {Using=xpath, value=//android.view.ViewGroup[@content-desc="Download Part Files"]}
at java.base/jdk.internal.reflect.DirectConstructorHandleAccessor.newInstance(DirectConstructorHandleAccessor.java:62)
at java.base/java.lang.reflect.Constructor.newInstanceWithCaller(Constructor.java:502)
at java.base/java.lang.reflect.Constructor.newInstance(Constructor.java:486)
at org.openqa.selenium.remote.http.W3CHttpResponseCodec.createException(W3CHttpResponseCodec.java:187)
at org.openqa.selenium.remote.http.W3CHttpResponseCodec.decode(W3CHttpResponseCodec.java:122)
at org.openqa.selenium.remote.http.W3CHttpResponseCodec.decode(W3CHttpResponseCodec.java:49)
at org.openqa.selenium.remote.HttpCommandExecutor.execute(HttpCommandExecutor.java:158)
at io.appium.java_client.remote.AppiumCommandExecutor.execute(AppiumCommandExecutor.java:239)
at org.openqa.selenium.remote.RemoteWebDriver.execute(RemoteWebDriver.java:552)
at io.appium.java_client.DefaultGenericMobileDriver.execute(DefaultGenericMobileDriver.java:42)
at io.appium.java_client.AppiumDriver.execute(AppiumDriver.java:1)
at io.appium.java_client.android.AndroidDriver.execute(AndroidDriver.java:1)
at org.openqa.selenium.remote.RemoteWebDriver.findElement(RemoteWebDriver.java:323)
at io.appium.java_client.DefaultGenericMobileDriver.findElement(DefaultGenericMobileDriver.java:62)
at io.appium.java_client.AppiumDriver.findElement(AppiumDriver.java:1)
at io.appium.java_client.android.AndroidDriver.findElement(AndroidDriver.java:1)
at org.openqa.selenium.remote.RemoteWebDriver.findElementByXPath(RemoteWebDriver.java:428)
at io.appium.java_client.DefaultGenericMobileDriver.findElementByXPath(DefaultGenericMobileDriver.java:152)
at io.appium.java_client.AppiumDriver.findElementByXPath(AppiumDriver.java:1)
at io.appium.java_client.android.AndroidDriver.findElementByXPath(AndroidDriver.java:1)
at org.openqa.selenium.By$ByXPath.findElement(By.java:353)
at org.openqa.selenium.remote.RemoteWebDriver.findElement(RemoteWebDriver.java:315)
at io.appium.java_client.DefaultGenericMobileDriver.findElement(DefaultGenericMobileDriver.java:58)
at io.appium.java_client.AppiumDriver.findElement(AppiumDriver.java:1)
at io.appium.java_client.android.AndroidDriver.findElement(AndroidDriver.java:1)
at Tests.Job_Management.testtwentyEight(Job_Management.java:656)
at java.base/jdk.internal.reflect.DirectMethodHandleAccessor.invoke(DirectMethodHandleAccessor.java:103)
at java.base/java.lang.reflect.Method.invoke(Method.java:580)
at org.testng.internal.invokers.MethodInvocationHelper.invokeMethod(MethodInvocationHelper.java:141)
at org.testng.internal.invokers.TestInvoker.invokeMethod(TestInvoker.java:687)
at org.testng.internal.invokers.TestInvoker.retryFailed(TestInvoker.java:269)
at org.testng.internal.invokers.MethodRunner.runInSequence(MethodRunner.java:76)
at org.testng.internal.invokers.TestInvoker$MethodInvocationAgent.invoke(TestInvoker.java:995)
at org.testng.internal.invokers.TestInvoker.invokeTestMethods(TestInvoker.java:203)
at org.testng.internal.invokers.TestMethodWorker.invokeTestMethods(TestMethodWorker.java:154)
at org.testng.internal.invokers.TestMethodWorker.run(TestMethodWorker.java:134)
at java.base/java.util.ArrayList.forEach(ArrayList.java:1596)
at org.testng.TestRunner.privateRun(TestRunner.java:741)
at org.testng.TestRunner.run(TestRunner.java:616)
at org.testng.SuiteRunner.runTest(SuiteRunner.java:421)
at org.testng.SuiteRunner.runSequentially(SuiteRunner.java:413)
at org.testng.SuiteRunner.privateRun(SuiteRunner.java:373)
at org.testng.SuiteRunner.run(SuiteRunner.java:312)
at org.testng.SuiteRunnerWorker.runSuite(SuiteRunnerWorker.java:52)
at org.testng.SuiteRunnerWorker.run(SuiteRunnerWorker.java:95)
at org.testng.TestNG.runSuitesSequentially(TestNG.java:1274)
at org.testng.TestNG.runSuitesLocally(TestNG.java:1208)
at org.testng.TestNG.runSuites(TestNG.java:1112)
at org.testng.TestNG.run(TestNG.java:1079)
at org.testng.remote.AbstractRemoteTestNG.run(AbstractRemoteTestNG.java:115)
at org.testng.remote.RemoteTestNG.initAndRun(RemoteTestNG.java:293)
at org.testng.remote.RemoteTestNG.main(RemoteTestNG.java:91)
]]>
    </error>
  </testcase> <!-- testtwentyEight -->
  <testcase classname="Tests.Job_Management" name="testtwentyEight" time="3.034">
    <skipped/>
  </testcase> <!-- testtwentyEight -->
  <testcase classname="Tests.Job_Management" name="testtwentynine" time="0.000">
    <skipped/>
  </testcase> <!-- testtwentynine -->
  <testcase classname="Tests.Job_Management" name="testthirty" time="0.000">
    <skipped/>
  </testcase> <!-- testthirty -->
  <testcase classname="Tests.Job_Management" name="testthirtyone" time="0.000">
    <skipped/>
  </testcase> <!-- testthirtyone -->
  <testcase classname="Tests.Job_Management" name="testthirtytwo" time="0.001">
    <skipped/>
  </testcase> <!-- testthirtytwo -->
  <testcase classname="Tests.Job_Management" name="testthirtythree" time="8.038">
    <skipped/>
  </testcase> <!-- testthirtythree -->
  <testcase classname="Tests.Job_Management" name="testthirtythree" time="8.038">
    <error message="An unknown server-side error occurred while processing the command. Original error: &#039;POST /element&#039; cannot be proxied to UiAutomator2 server because the instrumentation process is not running (probably crashed). Check the server log and/or the logcat output for more details
Build info: version: &#039;3.141.59&#039;, revision: &#039;e82be7d358&#039;, time: &#039;2018-11-14T08:17:03&#039;
System info: host: &#039;INTELLIFYLT021&#039;, ip: &#039;192.168.10.209&#039;, os.name: &#039;Windows 11&#039;, os.arch: &#039;amd64&#039;, os.version: &#039;10.0&#039;, java.version: &#039;21.0.8&#039;
Driver info: io.appium.java_client.android.AndroidDriver
Capabilities {adbExecTimeout: 120000, app: C:\Users\subhashohal\Downlo..., appActivity: com.xometry.workcenter.prev..., appPackage: com.xometry.workcenter.prev..., automationName: UiAutomator2, databaseEnabled: false, desired: {adbExecTimeout: 120000, app: C:\Users\subhashohal\Downlo..., appActivity: com.xometry.workcenter.prev..., appPackage: com.xometry.workcenter.prev..., automationName: UiAutomator2, deviceName: vivo 1916, fullReset: false, newCommandTimeout: 300, noReset: false, platformName: android, platformVersion: 9, udid: 6609da97, uiautomator2ServerInstallTimeout: 60000, uiautomator2ServerLaunchTimeout: 60000}, deviceApiLevel: 28, deviceManufacturer: vivo, deviceModel: vivo 1916, deviceName: 6609da97, deviceScreenDensity: 320, deviceScreenSize: 720x1544, deviceUDID: 6609da97, fullReset: false, javascriptEnabled: true, locationContextEnabled: false, networkConnectionEnabled: true, newCommandTimeout: 300, noReset: false, pixelRatio: 2, platform: LINUX, platformName: Android, platformVersion: 9, statBarHeight: 56, takesScreenshot: true, udid: 6609da97, uiautomator2ServerInstallTimeout: 60000, uiautomator2ServerLaunchTimeout: 60000, viewportRect: {height: 1351, left: 0, top: 56, width: 720}, warnings: {}, webStorageEnabled: false}
Session ID: 6ee734ab-405c-4a09-a5b6-53b918533da8
*** Element info: {Using=accessibility id, value=STL}" type="org.openqa.selenium.WebDriverException">
      <![CDATA[org.openqa.selenium.WebDriverException: An unknown server-side error occurred while processing the command. Original error: 'POST /element' cannot be proxied to UiAutomator2 server because the instrumentation process is not running (probably crashed). Check the server log and/or the logcat output for more details
Build info: version: '3.141.59', revision: 'e82be7d358', time: '2018-11-14T08:17:03'
System info: host: 'INTELLIFYLT021', ip: '192.168.10.209', os.name: 'Windows 11', os.arch: 'amd64', os.version: '10.0', java.version: '21.0.8'
Driver info: io.appium.java_client.android.AndroidDriver
Capabilities {adbExecTimeout: 120000, app: C:\Users\subhashohal\Downlo..., appActivity: com.xometry.workcenter.prev..., appPackage: com.xometry.workcenter.prev..., automationName: UiAutomator2, databaseEnabled: false, desired: {adbExecTimeout: 120000, app: C:\Users\subhashohal\Downlo..., appActivity: com.xometry.workcenter.prev..., appPackage: com.xometry.workcenter.prev..., automationName: UiAutomator2, deviceName: vivo 1916, fullReset: false, newCommandTimeout: 300, noReset: false, platformName: android, platformVersion: 9, udid: 6609da97, uiautomator2ServerInstallTimeout: 60000, uiautomator2ServerLaunchTimeout: 60000}, deviceApiLevel: 28, deviceManufacturer: vivo, deviceModel: vivo 1916, deviceName: 6609da97, deviceScreenDensity: 320, deviceScreenSize: 720x1544, deviceUDID: 6609da97, fullReset: false, javascriptEnabled: true, locationContextEnabled: false, networkConnectionEnabled: true, newCommandTimeout: 300, noReset: false, pixelRatio: 2, platform: LINUX, platformName: Android, platformVersion: 9, statBarHeight: 56, takesScreenshot: true, udid: 6609da97, uiautomator2ServerInstallTimeout: 60000, uiautomator2ServerLaunchTimeout: 60000, viewportRect: {height: 1351, left: 0, top: 56, width: 720}, warnings: {}, webStorageEnabled: false}
Session ID: 6ee734ab-405c-4a09-a5b6-53b918533da8
*** Element info: {Using=accessibility id, value=STL}
at java.base/jdk.internal.reflect.DirectConstructorHandleAccessor.newInstance(DirectConstructorHandleAccessor.java:62)
at java.base/java.lang.reflect.Constructor.newInstanceWithCaller(Constructor.java:502)
at java.base/java.lang.reflect.Constructor.newInstance(Constructor.java:486)
at org.openqa.selenium.remote.http.W3CHttpResponseCodec.createException(W3CHttpResponseCodec.java:187)
at org.openqa.selenium.remote.http.W3CHttpResponseCodec.decode(W3CHttpResponseCodec.java:122)
at org.openqa.selenium.remote.http.W3CHttpResponseCodec.decode(W3CHttpResponseCodec.java:49)
at org.openqa.selenium.remote.HttpCommandExecutor.execute(HttpCommandExecutor.java:158)
at io.appium.java_client.remote.AppiumCommandExecutor.execute(AppiumCommandExecutor.java:239)
at org.openqa.selenium.remote.RemoteWebDriver.execute(RemoteWebDriver.java:552)
at io.appium.java_client.DefaultGenericMobileDriver.execute(DefaultGenericMobileDriver.java:42)
at io.appium.java_client.AppiumDriver.execute(AppiumDriver.java:1)
at io.appium.java_client.android.AndroidDriver.execute(AndroidDriver.java:1)
at org.openqa.selenium.remote.RemoteWebDriver.findElement(RemoteWebDriver.java:323)
at io.appium.java_client.DefaultGenericMobileDriver.findElement(DefaultGenericMobileDriver.java:62)
at io.appium.java_client.AppiumDriver.findElement(AppiumDriver.java:1)
at io.appium.java_client.android.AndroidDriver.findElement(AndroidDriver.java:1)
at io.appium.java_client.FindsByAccessibilityId.findElementByAccessibilityId(FindsByAccessibilityId.java:37)
at io.appium.java_client.MobileBy$ByAccessibilityId.findElement(MobileBy.java:342)
at org.openqa.selenium.remote.RemoteWebDriver.findElement(RemoteWebDriver.java:315)
at io.appium.java_client.DefaultGenericMobileDriver.findElement(DefaultGenericMobileDriver.java:58)
at io.appium.java_client.AppiumDriver.findElement(AppiumDriver.java:1)
at io.appium.java_client.android.AndroidDriver.findElement(AndroidDriver.java:1)
at org.openqa.selenium.support.ui.ExpectedConditions$7.apply(ExpectedConditions.java:205)
at org.openqa.selenium.support.ui.ExpectedConditions$7.apply(ExpectedConditions.java:201)
at org.openqa.selenium.support.ui.FluentWait.until(FluentWait.java:249)
at Tests.Job_Management.testthirtythree(Job_Management.java:730)
at java.base/jdk.internal.reflect.DirectMethodHandleAccessor.invoke(DirectMethodHandleAccessor.java:103)
at java.base/java.lang.reflect.Method.invoke(Method.java:580)
at org.testng.internal.invokers.MethodInvocationHelper.invokeMethod(MethodInvocationHelper.java:141)
at org.testng.internal.invokers.TestInvoker.invokeMethod(TestInvoker.java:687)
at org.testng.internal.invokers.TestInvoker.retryFailed(TestInvoker.java:269)
at org.testng.internal.invokers.MethodRunner.runInSequence(MethodRunner.java:76)
at org.testng.internal.invokers.TestInvoker$MethodInvocationAgent.invoke(TestInvoker.java:995)
at org.testng.internal.invokers.TestInvoker.invokeTestMethods(TestInvoker.java:203)
at org.testng.internal.invokers.TestMethodWorker.invokeTestMethods(TestMethodWorker.java:154)
at org.testng.internal.invokers.TestMethodWorker.run(TestMethodWorker.java:134)
at java.base/java.util.ArrayList.forEach(ArrayList.java:1596)
at org.testng.TestRunner.privateRun(TestRunner.java:741)
at org.testng.TestRunner.run(TestRunner.java:616)
at org.testng.SuiteRunner.runTest(SuiteRunner.java:421)
at org.testng.SuiteRunner.runSequentially(SuiteRunner.java:413)
at org.testng.SuiteRunner.privateRun(SuiteRunner.java:373)
at org.testng.SuiteRunner.run(SuiteRunner.java:312)
at org.testng.SuiteRunnerWorker.runSuite(SuiteRunnerWorker.java:52)
at org.testng.SuiteRunnerWorker.run(SuiteRunnerWorker.java:95)
at org.testng.TestNG.runSuitesSequentially(TestNG.java:1274)
at org.testng.TestNG.runSuitesLocally(TestNG.java:1208)
at org.testng.TestNG.runSuites(TestNG.java:1112)
at org.testng.TestNG.run(TestNG.java:1079)
at org.testng.remote.AbstractRemoteTestNG.run(AbstractRemoteTestNG.java:115)
at org.testng.remote.RemoteTestNG.initAndRun(RemoteTestNG.java:293)
at org.testng.remote.RemoteTestNG.main(RemoteTestNG.java:91)
]]>
    </error>
  </testcase> <!-- testthirtythree -->
  <testcase classname="Tests.Job_Management" name="testthirtythree" time="8.033">
    <skipped/>
  </testcase> <!-- testthirtythree -->
  <testcase classname="Tests.Job_Management" name="testthirtythree" time="8.030">
    <skipped/>
  </testcase> <!-- testthirtythree -->
  <testcase classname="Tests.Job_Management" name="testthirtyfour" time="8.031">
    <skipped/>
  </testcase> <!-- testthirtyfour -->
  <testcase classname="Tests.Job_Management" name="testthirtyfour" time="8.038">
    <skipped/>
  </testcase> <!-- testthirtyfour -->
  <testcase classname="Tests.Job_Management" name="testthirtyfour" time="8.023">
    <skipped/>
  </testcase> <!-- testthirtyfour -->
  <testcase classname="Tests.Job_Management" name="testthirtyfour" time="8.022">
    <error message="An unknown server-side error occurred while processing the command. Original error: &#039;POST /element&#039; cannot be proxied to UiAutomator2 server because the instrumentation process is not running (probably crashed). Check the server log and/or the logcat output for more details
Build info: version: &#039;3.141.59&#039;, revision: &#039;e82be7d358&#039;, time: &#039;2018-11-14T08:17:03&#039;
System info: host: &#039;INTELLIFYLT021&#039;, ip: &#039;192.168.10.209&#039;, os.name: &#039;Windows 11&#039;, os.arch: &#039;amd64&#039;, os.version: &#039;10.0&#039;, java.version: &#039;21.0.8&#039;
Driver info: io.appium.java_client.android.AndroidDriver
Capabilities {adbExecTimeout: 120000, app: C:\Users\subhashohal\Downlo..., appActivity: com.xometry.workcenter.prev..., appPackage: com.xometry.workcenter.prev..., automationName: UiAutomator2, databaseEnabled: false, desired: {adbExecTimeout: 120000, app: C:\Users\subhashohal\Downlo..., appActivity: com.xometry.workcenter.prev..., appPackage: com.xometry.workcenter.prev..., automationName: UiAutomator2, deviceName: vivo 1916, fullReset: false, newCommandTimeout: 300, noReset: false, platformName: android, platformVersion: 9, udid: 6609da97, uiautomator2ServerInstallTimeout: 60000, uiautomator2ServerLaunchTimeout: 60000}, deviceApiLevel: 28, deviceManufacturer: vivo, deviceModel: vivo 1916, deviceName: 6609da97, deviceScreenDensity: 320, deviceScreenSize: 720x1544, deviceUDID: 6609da97, fullReset: false, javascriptEnabled: true, locationContextEnabled: false, networkConnectionEnabled: true, newCommandTimeout: 300, noReset: false, pixelRatio: 2, platform: LINUX, platformName: Android, platformVersion: 9, statBarHeight: 56, takesScreenshot: true, udid: 6609da97, uiautomator2ServerInstallTimeout: 60000, uiautomator2ServerLaunchTimeout: 60000, viewportRect: {height: 1351, left: 0, top: 56, width: 720}, warnings: {}, webStorageEnabled: false}
Session ID: 6ee734ab-405c-4a09-a5b6-53b918533da8
*** Element info: {Using=xpath, value=//android.view.ViewGroup[@content-desc=&quot;STEP&quot;]}" type="org.openqa.selenium.WebDriverException">
      <![CDATA[org.openqa.selenium.WebDriverException: An unknown server-side error occurred while processing the command. Original error: 'POST /element' cannot be proxied to UiAutomator2 server because the instrumentation process is not running (probably crashed). Check the server log and/or the logcat output for more details
Build info: version: '3.141.59', revision: 'e82be7d358', time: '2018-11-14T08:17:03'
System info: host: 'INTELLIFYLT021', ip: '192.168.10.209', os.name: 'Windows 11', os.arch: 'amd64', os.version: '10.0', java.version: '21.0.8'
Driver info: io.appium.java_client.android.AndroidDriver
Capabilities {adbExecTimeout: 120000, app: C:\Users\subhashohal\Downlo..., appActivity: com.xometry.workcenter.prev..., appPackage: com.xometry.workcenter.prev..., automationName: UiAutomator2, databaseEnabled: false, desired: {adbExecTimeout: 120000, app: C:\Users\subhashohal\Downlo..., appActivity: com.xometry.workcenter.prev..., appPackage: com.xometry.workcenter.prev..., automationName: UiAutomator2, deviceName: vivo 1916, fullReset: false, newCommandTimeout: 300, noReset: false, platformName: android, platformVersion: 9, udid: 6609da97, uiautomator2ServerInstallTimeout: 60000, uiautomator2ServerLaunchTimeout: 60000}, deviceApiLevel: 28, deviceManufacturer: vivo, deviceModel: vivo 1916, deviceName: 6609da97, deviceScreenDensity: 320, deviceScreenSize: 720x1544, deviceUDID: 6609da97, fullReset: false, javascriptEnabled: true, locationContextEnabled: false, networkConnectionEnabled: true, newCommandTimeout: 300, noReset: false, pixelRatio: 2, platform: LINUX, platformName: Android, platformVersion: 9, statBarHeight: 56, takesScreenshot: true, udid: 6609da97, uiautomator2ServerInstallTimeout: 60000, uiautomator2ServerLaunchTimeout: 60000, viewportRect: {height: 1351, left: 0, top: 56, width: 720}, warnings: {}, webStorageEnabled: false}
Session ID: 6ee734ab-405c-4a09-a5b6-53b918533da8
*** Element info: {Using=xpath, value=//android.view.ViewGroup[@content-desc="STEP"]}
at java.base/jdk.internal.reflect.DirectConstructorHandleAccessor.newInstance(DirectConstructorHandleAccessor.java:62)
at java.base/java.lang.reflect.Constructor.newInstanceWithCaller(Constructor.java:502)
at java.base/java.lang.reflect.Constructor.newInstance(Constructor.java:486)
at org.openqa.selenium.remote.http.W3CHttpResponseCodec.createException(W3CHttpResponseCodec.java:187)
at org.openqa.selenium.remote.http.W3CHttpResponseCodec.decode(W3CHttpResponseCodec.java:122)
at org.openqa.selenium.remote.http.W3CHttpResponseCodec.decode(W3CHttpResponseCodec.java:49)
at org.openqa.selenium.remote.HttpCommandExecutor.execute(HttpCommandExecutor.java:158)
at io.appium.java_client.remote.AppiumCommandExecutor.execute(AppiumCommandExecutor.java:239)
at org.openqa.selenium.remote.RemoteWebDriver.execute(RemoteWebDriver.java:552)
at io.appium.java_client.DefaultGenericMobileDriver.execute(DefaultGenericMobileDriver.java:42)
at io.appium.java_client.AppiumDriver.execute(AppiumDriver.java:1)
at io.appium.java_client.android.AndroidDriver.execute(AndroidDriver.java:1)
at org.openqa.selenium.remote.RemoteWebDriver.findElement(RemoteWebDriver.java:323)
at io.appium.java_client.DefaultGenericMobileDriver.findElement(DefaultGenericMobileDriver.java:62)
at io.appium.java_client.AppiumDriver.findElement(AppiumDriver.java:1)
at io.appium.java_client.android.AndroidDriver.findElement(AndroidDriver.java:1)
at org.openqa.selenium.remote.RemoteWebDriver.findElementByXPath(RemoteWebDriver.java:428)
at io.appium.java_client.DefaultGenericMobileDriver.findElementByXPath(DefaultGenericMobileDriver.java:152)
at io.appium.java_client.AppiumDriver.findElementByXPath(AppiumDriver.java:1)
at io.appium.java_client.android.AndroidDriver.findElementByXPath(AndroidDriver.java:1)
at org.openqa.selenium.By$ByXPath.findElement(By.java:353)
at org.openqa.selenium.remote.RemoteWebDriver.findElement(RemoteWebDriver.java:315)
[...]
at Tests.Job_Management.testthirtysix(Job_Management.java:1491)
at java.base/jdk.internal.reflect.DirectMethodHandleAccessor.invoke(DirectMethodHandleAccessor.java:103)
at java.base/java.lang.reflect.Method.invoke(Method.java:580)
at org.testng.internal.invokers.MethodInvocationHelper.invokeMethod(MethodInvocationHelper.java:141)
at org.testng.internal.invokers.TestInvoker.invokeMethod(TestInvoker.java:687)
at org.testng.internal.invokers.TestInvoker.invokeTestMethod(TestInvoker.java:230)
at org.testng.internal.invokers.MethodRunner.runInSequence(MethodRunner.java:63)
at org.testng.internal.invokers.TestInvoker$MethodInvocationAgent.invoke(TestInvoker.java:995)
at org.testng.internal.invokers.TestInvoker.invokeTestMethods(TestInvoker.java:203)
at org.testng.internal.invokers.TestMethodWorker.invokeTestMethods(TestMethodWorker.java:154)
at org.testng.internal.invokers.TestMethodWorker.run(TestMethodWorker.java:134)
at java.base/java.util.ArrayList.forEach(ArrayList.java:1596)
at org.testng.TestRunner.privateRun(TestRunner.java:741)
at org.testng.TestRunner.run(TestRunner.java:616)
at org.testng.SuiteRunner.runTest(SuiteRunner.java:421)
at org.testng.SuiteRunner.runSequentially(SuiteRunner.java:413)
at org.testng.SuiteRunner.privateRun(SuiteRunner.java:373)
at org.testng.SuiteRunner.run(SuiteRunner.java:312)
at org.testng.SuiteRunnerWorker.runSuite(SuiteRunnerWorker.java:52)
at org.testng.SuiteRunnerWorker.run(SuiteRunnerWorker.java:95)
at org.testng.TestNG.runSuitesSequentially(TestNG.java:1274)
at org.testng.TestNG.runSuitesLocally(TestNG.java:1208)
at org.testng.TestNG.runSuites(TestNG.java:1112)
at org.testng.TestNG.run(TestNG.java:1079)
at org.testng.remote.AbstractRemoteTestNG.run(AbstractRemoteTestNG.java:115)
at org.testng.remote.RemoteTestNG.initAndRun(RemoteTestNG.java:293)
at org.testng.remote.RemoteTestNG.main(RemoteTestNG.java:91)
]]>
    </error>
  </testcase> <!-- testthirtysix -->
  <testcase classname="Tests.Job_Management" name="testthirtyseven" time="8.025"/>
  <testcase classname="Tests.Job_Management" name="testthirtyEight" time="9.092"/>
  <testcase classname="Tests.Job_Management" name="testthirtyNine" time="3.038"/>
  <testcase classname="Tests.Job_Management" name="testForty" time="3.030">
    <skipped/>
  </testcase> <!-- testForty -->
  <testcase classname="Tests.Job_Management" name="testForty" time="3.032">
    <skipped/>
  </testcase> <!-- testForty -->
  <testcase classname="Tests.Job_Management" name="testForty" time="3.030">
    <error message="An unknown server-side error occurred while processing the command. Original error: &#039;POST /element&#039; cannot be proxied to UiAutomator2 server because the instrumentation process is not running (probably crashed). Check the server log and/or the logcat output for more details
Build info: version: &#039;3.141.59&#039;, revision: &#039;e82be7d358&#039;, time: &#039;2018-11-14T08:17:03&#039;
System info: host: &#039;INTELLIFYLT021&#039;, ip: &#039;192.168.10.209&#039;, os.name: &#039;Windows 11&#039;, os.arch: &#039;amd64&#039;, os.version: &#039;10.0&#039;, java.version: &#039;21.0.8&#039;
Driver info: io.appium.java_client.android.AndroidDriver
Capabilities {adbExecTimeout: 120000, app: C:\Users\subhashohal\Downlo..., appActivity: com.xometry.workcenter.prev..., appPackage: com.xometry.workcenter.prev..., automationName: UiAutomator2, databaseEnabled: false, desired: {adbExecTimeout: 120000, app: C:\Users\subhashohal\Downlo..., appActivity: com.xometry.workcenter.prev..., appPackage: com.xometry.workcenter.prev..., automationName: UiAutomator2, deviceName: vivo 1916, fullReset: false, newCommandTimeout: 300, noReset: false, platformName: android, platformVersion: 9, udid: 6609da97, uiautomator2ServerInstallTimeout: 60000, uiautomator2ServerLaunchTimeout: 60000}, deviceApiLevel: 28, deviceManufacturer: vivo, deviceModel: vivo 1916, deviceName: 6609da97, deviceScreenDensity: 320, deviceScreenSize: 720x1544, deviceUDID: 6609da97, fullReset: false, javascriptEnabled: true, locationContextEnabled: false, networkConnectionEnabled: true, newCommandTimeout: 300, noReset: false, pixelRatio: 2, platform: LINUX, platformName: Android, platformVersion: 9, statBarHeight: 56, takesScreenshot: true, udid: 6609da97, uiautomator2ServerInstallTimeout: 60000, uiautomator2ServerLaunchTimeout: 60000, viewportRect: {height: 1351, left: 0, top: 56, width: 720}, warnings: {}, webStorageEnabled: false}
Session ID: 6ee734ab-405c-4a09-a5b6-53b918533da8
*** Element info: {Using=xpath, value=//android.view.ViewGroup[@content-desc=&quot;Subtasks&quot;]}" type="org.openqa.selenium.WebDriverException">
      <![CDATA[org.openqa.selenium.WebDriverException: An unknown server-side error occurred while processing the command. Original error: 'POST /element' cannot be proxied to UiAutomator2 server because the instrumentation process is not running (probably crashed). Check the server log and/or the logcat output for more details
Build info: version: '3.141.59', revision: 'e82be7d358', time: '2018-11-14T08:17:03'
System info: host: 'INTELLIFYLT021', ip: '192.168.10.209', os.name: 'Windows 11', os.arch: 'amd64', os.version: '10.0', java.version: '21.0.8'
Driver info: io.appium.java_client.android.AndroidDriver
Capabilities {adbExecTimeout: 120000, app: C:\Users\subhashohal\Downlo..., appActivity: com.xometry.workcenter.prev..., appPackage: com.xometry.workcenter.prev..., automationName: UiAutomator2, databaseEnabled: false, desired: {adbExecTimeout: 120000, app: C:\Users\subhashohal\Downlo..., appActivity: com.xometry.workcenter.prev..., appPackage: com.xometry.workcenter.prev..., automationName: UiAutomator2, deviceName: vivo 1916, fullReset: false, newCommandTimeout: 300, noReset: false, platformName: android, platformVersion: 9, udid: 6609da97, uiautomator2ServerInstallTimeout: 60000, uiautomator2ServerLaunchTimeout: 60000}, deviceApiLevel: 28, deviceManufacturer: vivo, deviceModel: vivo 1916, deviceName: 6609da97, deviceScreenDensity: 320, deviceScreenSize: 720x1544, deviceUDID: 6609da97, fullReset: false, javascriptEnabled: true, locationContextEnabled: false, networkConnectionEnabled: true, newCommandTimeout: 300, noReset: false, pixelRatio: 2, platform: LINUX, platformName: Android, platformVersion: 9, statBarHeight: 56, takesScreenshot: true, udid: 6609da97, uiautomator2ServerInstallTimeout: 60000, uiautomator2ServerLaunchTimeout: 60000, viewportRect: {height: 1351, left: 0, top: 56, width: 720}, warnings: {}, webStorageEnabled: false}
Session ID: 6ee734ab-405c-4a09-a5b6-53b918533da8
*** Element info: {Using=xpath, value=//android.view.ViewGroup[@content-desc="Subtasks"]}
at java.base/jdk.internal.reflect.DirectConstructorHandleAccessor.newInstance(DirectConstructorHandleAccessor.java:62)
at java.base/java.lang.reflect.Constructor.newInstanceWithCaller(Constructor.java:502)
at java.base/java.lang.reflect.Constructor.newInstance(Constructor.java:486)
at org.openqa.selenium.remote.http.W3CHttpResponseCodec.createException(W3CHttpResponseCodec.java:187)
at org.openqa.selenium.remote.http.W3CHttpResponseCodec.decode(W3CHttpResponseCodec.java:122)
at org.openqa.selenium.remote.http.W3CHttpResponseCodec.decode(W3CHttpResponseCodec.java:49)
at org.openqa.selenium.remote.HttpCommandExecutor.execute(HttpCommandExecutor.java:158)
at io.appium.java_client.remote.AppiumCommandExecutor.execute(AppiumCommandExecutor.java:239)
at org.openqa.selenium.remote.RemoteWebDriver.execute(RemoteWebDriver.java:552)
at io.appium.java_client.DefaultGenericMobileDriver.execute(DefaultGenericMobileDriver.java:42)
at io.appium.java_client.AppiumDriver.execute(AppiumDriver.java:1)
at io.appium.java_client.android.AndroidDriver.execute(AndroidDriver.java:1)
at org.openqa.selenium.remote.RemoteWebDriver.findElement(RemoteWebDriver.java:323)
at io.appium.java_client.DefaultGenericMobileDriver.findElement(DefaultGenericMobileDriver.java:62)
at io.appium.java_client.AppiumDriver.findElement(AppiumDriver.java:1)
at io.appium.java_client.android.AndroidDriver.findElement(AndroidDriver.java:1)
at org.openqa.selenium.remote.RemoteWebDriver.findElementByXPath(RemoteWebDriver.java:428)
at io.appium.java_client.DefaultGenericMobileDriver.findElementByXPath(DefaultGenericMobileDriver.java:152)
at io.appium.java_client.AppiumDriver.findElementByXPath(AppiumDriver.java:1)
at io.appium.java_client.android.AndroidDriver.findElementByXPath(AndroidDriver.java:1)
at org.openqa.selenium.By$ByXPath.findElement(By.java:353)
at org.openqa.selenium.remote.RemoteWebDriver.findElement(RemoteWebDriver.java:315)
at io.appium.java_client.DefaultGenericMobileDriver.findElement(DefaultGenericMobileDriver.java:58)
at io.appium.java_client.AppiumDriver.findElement(AppiumDriver.java:1)
at io.appium.java_client.android.AndroidDriver.findElement(AndroidDriver.java:1)
at Tests.Job_Management.testForty(Job_Management.java:1559)
at java.base/jdk.internal.reflect.DirectMethodHandleAccessor.invoke(DirectMethodHandleAccessor.java:103)
at java.base/java.lang.reflect.Method.invoke(Method.java:580)
at org.testng.internal.invokers.MethodInvocationHelper.invokeMethod(MethodInvocationHelper.java:141)
at org.testng.internal.invokers.TestInvoker.invokeMethod(TestInvoker.java:687)
at org.testng.internal.invokers.TestInvoker.retryFailed(TestInvoker.java:269)
at org.testng.internal.invokers.MethodRunner.runInSequence(MethodRunner.java:76)
at org.testng.internal.invokers.TestInvoker$MethodInvocationAgent.invoke(TestInvoker.java:995)
at org.testng.internal.invokers.TestInvoker.invokeTestMethods(TestInvoker.java:203)
at org.testng.internal.invokers.TestMethodWorker.invokeTestMethods(TestMethodWorker.java:154)
at org.testng.internal.invokers.TestMethodWorker.run(TestMethodWorker.java:134)
at java.base/java.util.ArrayList.forEach(ArrayList.java:1596)
at org.testng.TestRunner.privateRun(TestRunner.java:741)
at org.testng.TestRunner.run(TestRunner.java:616)
at org.testng.SuiteRunner.runTest(SuiteRunner.java:421)
at org.testng.SuiteRunner.runSequentially(SuiteRunner.java:413)
at org.testng.SuiteRunner.privateRun(SuiteRunner.java:373)
at org.testng.SuiteRunner.run(SuiteRunner.java:312)
at org.testng.SuiteRunnerWorker.runSuite(SuiteRunnerWorker.java:52)
at org.testng.SuiteRunnerWorker.run(SuiteRunnerWorker.java:95)
at org.testng.TestNG.runSuitesSequentially(TestNG.java:1274)
at org.testng.TestNG.runSuitesLocally(TestNG.java:1208)
at org.testng.TestNG.runSuites(TestNG.java:1112)
at org.testng.TestNG.run(TestNG.java:1079)
at org.testng.remote.AbstractRemoteTestNG.run(AbstractRemoteTestNG.java:115)
at org.testng.remote.RemoteTestNG.initAndRun(RemoteTestNG.java:293)
at org.testng.remote.RemoteTestNG.main(RemoteTestNG.java:91)
]]>
    </error>
  </testcase> <!-- testForty -->
  <testcase classname="Tests.Job_Management" name="testForty" time="3.028">
    <skipped/>
  </testcase> <!-- testForty -->
  <testcase classname="Tests.Job_Management" name="testUploadFileFromGallery" time="0.013"/>
  <testcase classname="Tests.Job_Management" name="testFortytwo" time="3.034">
    <error message="An unknown server-side error occurred while processing the command. Original error: &#039;POST /element&#039; cannot be proxied to UiAutomator2 server because the instrumentation process is not running (probably crashed). Check the server log and/or the logcat output for more details
Build info: version: &#039;3.141.59&#039;, revision: &#039;e82be7d358&#039;, time: &#039;2018-11-14T08:17:03&#039;
System info: host: &#039;INTELLIFYLT021&#039;, ip: &#039;192.168.10.209&#039;, os.name: &#039;Windows 11&#039;, os.arch: &#039;amd64&#039;, os.version: &#039;10.0&#039;, java.version: &#039;21.0.8&#039;
Driver info: io.appium.java_client.android.AndroidDriver
Capabilities {adbExecTimeout: 120000, app: C:\Users\subhashohal\Downlo..., appActivity: com.xometry.workcenter.prev..., appPackage: com.xometry.workcenter.prev..., automationName: UiAutomator2, databaseEnabled: false, desired: {adbExecTimeout: 120000, app: C:\Users\subhashohal\Downlo..., appActivity: com.xometry.workcenter.prev..., appPackage: com.xometry.workcenter.prev..., automationName: UiAutomator2, deviceName: vivo 1916, fullReset: false, newCommandTimeout: 300, noReset: false, platformName: android, platformVersion: 9, udid: 6609da97, uiautomator2ServerInstallTimeout: 60000, uiautomator2ServerLaunchTimeout: 60000}, deviceApiLevel: 28, deviceManufacturer: vivo, deviceModel: vivo 1916, deviceName: 6609da97, deviceScreenDensity: 320, deviceScreenSize: 720x1544, deviceUDID: 6609da97, fullReset: false, javascriptEnabled: true, locationContextEnabled: false, networkConnectionEnabled: true, newCommandTimeout: 300, noReset: false, pixelRatio: 2, platform: LINUX, platformName: Android, platformVersion: 9, statBarHeight: 56, takesScreenshot: true, udid: 6609da97, uiautomator2ServerInstallTimeout: 60000, uiautomator2ServerLaunchTimeout: 60000, viewportRect: {height: 1351, left: 0, top: 56, width: 720}, warnings: {}, webStorageEnabled: false}
Session ID: 6ee734ab-405c-4a09-a5b6-53b918533da8
*** Element info: {Using=xpath, value=//android.view.ViewGroup[@content-desc=&quot;In Progress&quot;]}" type="org.openqa.selenium.WebDriverException">
      <![CDATA[org.openqa.selenium.WebDriverException: An unknown server-side error occurred while processing the command. Original error: 'POST /element' cannot be proxied to UiAutomator2 server because the instrumentation process is not running (probably crashed). Check the server log and/or the logcat output for more details
Build info: version: '3.141.59', revision: 'e82be7d358', time: '2018-11-14T08:17:03'
System info: host: 'INTELLIFYLT021', ip: '192.168.10.209', os.name: 'Windows 11', os.arch: 'amd64', os.version: '10.0', java.version: '21.0.8'
Driver info: io.appium.java_client.android.AndroidDriver
Capabilities {adbExecTimeout: 120000, app: C:\Users\subhashohal\Downlo..., appActivity: com.xometry.workcenter.prev..., appPackage: com.xometry.workcenter.prev..., automationName: UiAutomator2, databaseEnabled: false, desired: {adbExecTimeout: 120000, app: C:\Users\subhashohal\Downlo..., appActivity: com.xometry.workcenter.prev..., appPackage: com.xometry.workcenter.prev..., automationName: UiAutomator2, deviceName: vivo 1916, fullReset: false, newCommandTimeout: 300, noReset: false, platformName: android, platformVersion: 9, udid: 6609da97, uiautomator2ServerInstallTimeout: 60000, uiautomator2ServerLaunchTimeout: 60000}, deviceApiLevel: 28, deviceManufacturer: vivo, deviceModel: vivo 1916, deviceName: 6609da97, deviceScreenDensity: 320, deviceScreenSize: 720x1544, deviceUDID: 6609da97, fullReset: false, javascriptEnabled: true, locationContextEnabled: false, networkConnectionEnabled: true, newCommandTimeout: 300, noReset: false, pixelRatio: 2, platform: LINUX, platformName: Android, platformVersion: 9, statBarHeight: 56, takesScreenshot: true, udid: 6609da97, uiautomator2ServerInstallTimeout: 60000, uiautomator2ServerLaunchTimeout: 60000, viewportRect: {height: 1351, left: 0, top: 56, width: 720}, warnings: {}, webStorageEnabled: false}
Session ID: 6ee734ab-405c-4a09-a5b6-53b918533da8
*** Element info: {Using=xpath, value=//android.view.ViewGroup[@content-desc="In Progress"]}
at java.base/jdk.internal.reflect.DirectConstructorHandleAccessor.newInstance(DirectConstructorHandleAccessor.java:62)
at java.base/java.lang.reflect.Constructor.newInstanceWithCaller(Constructor.java:502)
at java.base/java.lang.reflect.Constructor.newInstance(Constructor.java:486)
at org.openqa.selenium.remote.http.W3CHttpResponseCodec.createException(W3CHttpResponseCodec.java:187)
at org.openqa.selenium.remote.http.W3CHttpResponseCodec.decode(W3CHttpResponseCodec.java:122)
at org.openqa.selenium.remote.http.W3CHttpResponseCodec.decode(W3CHttpResponseCodec.java:49)
at org.openqa.selenium.remote.HttpCommandExecutor.execute(HttpCommandExecutor.java:158)
at io.appium.java_client.remote.AppiumCommandExecutor.execute(AppiumCommandExecutor.java:239)
at org.openqa.selenium.remote.RemoteWebDriver.execute(RemoteWebDriver.java:552)
at io.appium.java_client.DefaultGenericMobileDriver.execute(DefaultGenericMobileDriver.java:42)
at io.appium.java_client.AppiumDriver.execute(AppiumDriver.java:1)
at io.appium.java_client.android.AndroidDriver.execute(AndroidDriver.java:1)
at org.openqa.selenium.remote.RemoteWebDriver.findElement(RemoteWebDriver.java:323)
at io.appium.java_client.DefaultGenericMobileDriver.findElement(DefaultGenericMobileDriver.java:62)
at io.appium.java_client.AppiumDriver.findElement(AppiumDriver.java:1)
at io.appium.java_client.android.AndroidDriver.findElement(AndroidDriver.java:1)
at org.openqa.selenium.remote.RemoteWebDriver.findElementByXPath(RemoteWebDriver.java:428)
at io.appium.java_client.DefaultGenericMobileDriver.findElementByXPath(DefaultGenericMobileDriver.java:152)
at io.appium.java_client.AppiumDriver.findElementByXPath(AppiumDriver.java:1)
at io.appium.java_client.android.AndroidDriver.findElementByXPath(AndroidDriver.java:1)
at org.openqa.selenium.By$ByXPath.findElement(By.java:353)
at org.openqa.selenium.remote.RemoteWebDriver.findElement(RemoteWebDriver.java:315)
at io.appium.java_client.DefaultGenericMobileDriver.findElement(DefaultGenericMobileDriver.java:58)
at io.appium.java_client.AppiumDriver.findElement(AppiumDriver.java:1)
at io.appium.java_client.android.AndroidDriver.findElement(AndroidDriver.java:1)
at Tests.Job_Management.testFortytwo(Job_Management.java:1630)
at java.base/jdk.internal.reflect.DirectMethodHandleAccessor.invoke(DirectMethodHandleAccessor.java:103)
at java.base/java.lang.reflect.Method.invoke(Method.java:580)
at org.testng.internal.invokers.MethodInvocationHelper.invokeMethod(MethodInvocationHelper.java:141)
at org.testng.internal.invokers.TestInvoker.invokeMethod(TestInvoker.java:687)
at org.testng.internal.invokers.TestInvoker.retryFailed(TestInvoker.java:269)
at org.testng.internal.invokers.MethodRunner.runInSequence(MethodRunner.java:76)
at org.testng.internal.invokers.TestInvoker$MethodInvocationAgent.invoke(TestInvoker.java:995)
at org.testng.internal.invokers.TestInvoker.invokeTestMethods(TestInvoker.java:203)
at org.testng.internal.invokers.TestMethodWorker.invokeTestMethods(TestMethodWorker.java:154)
at org.testng.internal.invokers.TestMethodWorker.run(TestMethodWorker.java:134)
at java.base/java.util.ArrayList.forEach(ArrayList.java:1596)
at org.testng.TestRunner.privateRun(TestRunner.java:741)
at org.testng.TestRunner.run(TestRunner.java:616)
at org.testng.SuiteRunner.runTest(SuiteRunner.java:421)
at org.testng.SuiteRunner.runSequentially(SuiteRunner.java:413)
at org.testng.SuiteRunner.privateRun(SuiteRunner.java:373)
at org.testng.SuiteRunner.run(SuiteRunner.java:312)
at org.testng.SuiteRunnerWorker.runSuite(SuiteRunnerWorker.java:52)
at org.testng.SuiteRunnerWorker.run(SuiteRunnerWorker.java:95)
at org.testng.TestNG.runSuitesSequentially(TestNG.java:1274)
at org.testng.TestNG.runSuitesLocally(TestNG.java:1208)
at org.testng.TestNG.runSuites(TestNG.java:1112)
at org.testng.TestNG.run(TestNG.java:1079)
at org.testng.remote.AbstractRemoteTestNG.run(AbstractRemoteTestNG.java:115)
at org.testng.remote.RemoteTestNG.initAndRun(RemoteTestNG.java:293)
at org.testng.remote.RemoteTestNG.main(RemoteTestNG.java:91)
]]>
    </error>
  </testcase> <!-- testFortytwo -->
  <testcase classname="Tests.Job_Management" name="testFortytwo" time="3.036">
    <skipped/>
  </testcase> <!-- testFortytwo -->
  <testcase classname="Tests.Job_Management" name="testFortytwo" time="3.032">
    <skipped/>
  </testcase> <!-- testFortytwo -->
  <testcase classname="Tests.Job_Management" name="testFortytwo" time="3.038">
    <skipped/>
  </testcase> <!-- testFortytwo -->
  <testcase classname="Tests.Job_Management" name="testFortythree" time="3.035"/>
</testsuite> <!-- Tests.Job_Management -->
