<?xml version="1.0" encoding="UTF-8"?>
<!-- Generated by org.testng.reporters.JUnitReportReporter -->
<testsuite hostname="INTELLIFYLT021" failures="0" tests="16" name="Tests.JobBoard" time="121.998" errors="3" timestamp="2025-10-16T15:09:05 IST" skipped="6">
  <testcase classname="Tests.JobBoard" name="testTwelve" time="20.129"/>
  <testcase classname="Tests.JobBoard" name="sampleTest" time="0.011"/>
  <testcase classname="Tests.JobBoard" name="testone" time="0.930"/>
  <testcase classname="Tests.JobBoard" name="testtwo" time="11.312">
    <error message="An element could not be located on the page using the given search parameters.
For documentation on this error, please visit: https://www.seleniumhq.org/exceptions/no_such_element.html
Build info: version: &#039;3.141.59&#039;, revision: &#039;e82be7d358&#039;, time: &#039;2018-11-14T08:17:03&#039;
System info: host: &#039;INTELLIFYLT021&#039;, ip: &#039;192.168.10.209&#039;, os.name: &#039;Windows 11&#039;, os.arch: &#039;amd64&#039;, os.version: &#039;10.0&#039;, java.version: &#039;21.0.8&#039;
Driver info: io.appium.java_client.android.AndroidDriver
Capabilities {adbExecTimeout: 120000, app: C:\Users\subhashohal\Downlo..., appActivity: com.xometry.workcenter.prev..., appPackage: com.xometry.workcenter.prev..., automationName: UiAutomator2, databaseEnabled: false, desired: {adbExecTimeout: 120000, app: C:\Users\subhashohal\Downlo..., appActivity: com.xometry.workcenter.prev..., appPackage: com.xometry.workcenter.prev..., automationName: UiAutomator2, deviceName: vivo 1916, fullReset: false, newCommandTimeout: 300, noReset: false, platformName: android, platformVersion: 9, udid: 6609da97, uiautomator2ServerInstallTimeout: 60000, uiautomator2ServerLaunchTimeout: 60000}, deviceApiLevel: 28, deviceManufacturer: vivo, deviceModel: vivo 1916, deviceName: 6609da97, deviceScreenDensity: 320, deviceScreenSize: 720x1544, deviceUDID: 6609da97, fullReset: false, javascriptEnabled: true, locationContextEnabled: false, networkConnectionEnabled: true, newCommandTimeout: 300, noReset: false, pixelRatio: 2, platform: LINUX, platformName: Android, platformVersion: 9, statBarHeight: 56, takesScreenshot: true, udid: 6609da97, uiautomator2ServerInstallTimeout: 60000, uiautomator2ServerLaunchTimeout: 60000, viewportRect: {height: 1351, left: 0, top: 56, width: 720}, warnings: {}, webStorageEnabled: false}
Session ID: 2590364f-4f62-40ac-b7d4-7b5e183e33ce
*** Element info: {Using=-android uiautomator, value=new UiScrollable(new UiSelector().scrollable(true)).scrollIntoView(new UiSelector().text(&quot;Job Board&quot;));}" type="org.openqa.selenium.NoSuchElementException">
      <![CDATA[org.openqa.selenium.NoSuchElementException: An element could not be located on the page using the given search parameters.
For documentation on this error, please visit: https://www.seleniumhq.org/exceptions/no_such_element.html
Build info: version: '3.141.59', revision: 'e82be7d358', time: '2018-11-14T08:17:03'
System info: host: 'INTELLIFYLT021', ip: '192.168.10.209', os.name: 'Windows 11', os.arch: 'amd64', os.version: '10.0', java.version: '21.0.8'
Driver info: io.appium.java_client.android.AndroidDriver
Capabilities {adbExecTimeout: 120000, app: C:\Users\subhashohal\Downlo..., appActivity: com.xometry.workcenter.prev..., appPackage: com.xometry.workcenter.prev..., automationName: UiAutomator2, databaseEnabled: false, desired: {adbExecTimeout: 120000, app: C:\Users\subhashohal\Downlo..., appActivity: com.xometry.workcenter.prev..., appPackage: com.xometry.workcenter.prev..., automationName: UiAutomator2, deviceName: vivo 1916, fullReset: false, newCommandTimeout: 300, noReset: false, platformName: android, platformVersion: 9, udid: 6609da97, uiautomator2ServerInstallTimeout: 60000, uiautomator2ServerLaunchTimeout: 60000}, deviceApiLevel: 28, deviceManufacturer: vivo, deviceModel: vivo 1916, deviceName: 6609da97, deviceScreenDensity: 320, deviceScreenSize: 720x1544, deviceUDID: 6609da97, fullReset: false, javascriptEnabled: true, locationContextEnabled: false, networkConnectionEnabled: true, newCommandTimeout: 300, noReset: false, pixelRatio: 2, platform: LINUX, platformName: Android, platformVersion: 9, statBarHeight: 56, takesScreenshot: true, udid: 6609da97, uiautomator2ServerInstallTimeout: 60000, uiautomator2ServerLaunchTimeout: 60000, viewportRect: {height: 1351, left: 0, top: 56, width: 720}, warnings: {}, webStorageEnabled: false}
Session ID: 2590364f-4f62-40ac-b7d4-7b5e183e33ce
*** Element info: {Using=-android uiautomator, value=new UiScrollable(new UiSelector().scrollable(true)).scrollIntoView(new UiSelector().text("Job Board"));}
at java.base/jdk.internal.reflect.DirectConstructorHandleAccessor.newInstance(DirectConstructorHandleAccessor.java:62)
at java.base/java.lang.reflect.Constructor.newInstanceWithCaller(Constructor.java:502)
at java.base/java.lang.reflect.Constructor.newInstance(Constructor.java:486)
at org.openqa.selenium.remote.http.W3CHttpResponseCodec.createException(W3CHttpResponseCodec.java:187)
at org.openqa.selenium.remote.http.W3CHttpResponseCodec.decode(W3CHttpResponseCodec.java:122)
at org.openqa.selenium.remote.http.W3CHttpResponseCodec.decode(W3CHttpResponseCodec.java:49)
at org.openqa.selenium.remote.HttpCommandExecutor.execute(HttpCommandExecutor.java:158)
at io.appium.java_client.remote.AppiumCommandExecutor.execute(AppiumCommandExecutor.java:239)
at org.openqa.selenium.remote.RemoteWebDriver.execute(RemoteWebDriver.java:552)
at io.appium.java_client.DefaultGenericMobileDriver.execute(DefaultGenericMobileDriver.java:42)
at io.appium.java_client.AppiumDriver.execute(AppiumDriver.java:1)
at io.appium.java_client.android.AndroidDriver.execute(AndroidDriver.java:1)
at org.openqa.selenium.remote.RemoteWebDriver.findElement(RemoteWebDriver.java:323)
at io.appium.java_client.DefaultGenericMobileDriver.findElement(DefaultGenericMobileDriver.java:62)
at io.appium.java_client.AppiumDriver.findElement(AppiumDriver.java:1)
at io.appium.java_client.android.AndroidDriver.findElement(AndroidDriver.java:1)
at io.appium.java_client.FindsByAndroidUIAutomator.findElementByAndroidUIAutomator(FindsByAndroidUIAutomator.java:38)
at Tests.JobBoard.testtwo(JobBoard.java:43)
at java.base/jdk.internal.reflect.DirectMethodHandleAccessor.invoke(DirectMethodHandleAccessor.java:103)
at java.base/java.lang.reflect.Method.invoke(Method.java:580)
at org.testng.internal.invokers.MethodInvocationHelper.invokeMethod(MethodInvocationHelper.java:141)
at org.testng.internal.invokers.TestInvoker.invokeMethod(TestInvoker.java:687)
at org.testng.internal.invokers.TestInvoker.invokeTestMethod(TestInvoker.java:230)
at org.testng.internal.invokers.MethodRunner.runInSequence(MethodRunner.java:63)
at org.testng.internal.invokers.TestInvoker$MethodInvocationAgent.invoke(TestInvoker.java:995)
at org.testng.internal.invokers.TestInvoker.invokeTestMethods(TestInvoker.java:203)
at org.testng.internal.invokers.TestMethodWorker.invokeTestMethods(TestMethodWorker.java:154)
at org.testng.internal.invokers.TestMethodWorker.run(TestMethodWorker.java:134)
at java.base/java.util.ArrayList.forEach(ArrayList.java:1596)
at org.testng.TestRunner.privateRun(TestRunner.java:741)
at org.testng.TestRunner.run(TestRunner.java:616)
at org.testng.SuiteRunner.runTest(SuiteRunner.java:421)
at org.testng.SuiteRunner.runSequentially(SuiteRunner.java:413)
at org.testng.SuiteRunner.privateRun(SuiteRunner.java:373)
at org.testng.SuiteRunner.run(SuiteRunner.java:312)
at org.testng.SuiteRunnerWorker.runSuite(SuiteRunnerWorker.java:52)
at org.testng.SuiteRunnerWorker.run(SuiteRunnerWorker.java:95)
at org.testng.TestNG.runSuitesSequentially(TestNG.java:1274)
at org.testng.TestNG.runSuitesLocally(TestNG.java:1208)
at org.testng.TestNG.runSuites(TestNG.java:1112)
at org.testng.TestNG.run(TestNG.java:1079)
at org.testng.remote.AbstractRemoteTestNG.run(AbstractRemoteTestNG.java:115)
at org.testng.remote.RemoteTestNG.initAndRun(RemoteTestNG.java:293)
at org.testng.remote.RemoteTestNG.main(RemoteTestNG.java:91)
]]>
    </error>
  </testcase> <!-- testtwo -->
  <testcase classname="Tests.JobBoard" name="testthree" time="0.379"/>
  <testcase classname="Tests.JobBoard" name="testFour" time="3.440"/>
  <testcase classname="Tests.JobBoard" name="testFive" time="3.328"/>
  <testcase classname="Tests.JobBoard" name="testsix" time="3.440"/>
  <testcase classname="Tests.JobBoard" name="testseven" time="18.115">
    <skipped/>
  </testcase> <!-- testseven -->
  <testcase classname="Tests.JobBoard" name="testseven" time="18.128">
    <skipped/>
  </testcase> <!-- testseven -->
  <testcase classname="Tests.JobBoard" name="testseven" time="18.105">
    <skipped/>
  </testcase> <!-- testseven -->
  <testcase classname="Tests.JobBoard" name="testseven" time="14.525">
    <error message="An unknown server-side error occurred while processing the command. Original error: &#039;POST /element&#039; cannot be proxied to UiAutomator2 server because the instrumentation process is not running (probably crashed). Check the server log and/or the logcat output for more details
Build info: version: &#039;3.141.59&#039;, revision: &#039;e82be7d358&#039;, time: &#039;2018-11-14T08:17:03&#039;
System info: host: &#039;INTELLIFYLT021&#039;, ip: &#039;192.168.10.209&#039;, os.name: &#039;Windows 11&#039;, os.arch: &#039;amd64&#039;, os.version: &#039;10.0&#039;, java.version: &#039;21.0.8&#039;
Driver info: io.appium.java_client.android.AndroidDriver
Capabilities {adbExecTimeout: 120000, app: C:\Users\subhashohal\Downlo..., appActivity: com.xometry.workcenter.prev..., appPackage: com.xometry.workcenter.prev..., automationName: UiAutomator2, databaseEnabled: false, desired: {adbExecTimeout: 120000, app: C:\Users\subhashohal\Downlo..., appActivity: com.xometry.workcenter.prev..., appPackage: com.xometry.workcenter.prev..., automationName: UiAutomator2, deviceName: vivo 1916, fullReset: false, newCommandTimeout: 300, noReset: false, platformName: android, platformVersion: 9, udid: 6609da97, uiautomator2ServerInstallTimeout: 60000, uiautomator2ServerLaunchTimeout: 60000}, deviceApiLevel: 28, deviceManufacturer: vivo, deviceModel: vivo 1916, deviceName: 6609da97, deviceScreenDensity: 320, deviceScreenSize: 720x1544, deviceUDID: 6609da97, fullReset: false, javascriptEnabled: true, locationContextEnabled: false, networkConnectionEnabled: true, newCommandTimeout: 300, noReset: false, pixelRatio: 2, platform: LINUX, platformName: Android, platformVersion: 9, statBarHeight: 56, takesScreenshot: true, udid: 6609da97, uiautomator2ServerInstallTimeout: 60000, uiautomator2ServerLaunchTimeout: 60000, viewportRect: {height: 1351, left: 0, top: 56, width: 720}, warnings: {}, webStorageEnabled: false}
Session ID: 3307d583-7371-474b-b55d-f2e597f1cf3e
*** Element info: {Using=xpath, value=//android.view.View[@content-desc=&quot;Job Board&quot;]/com.horcrux.svg.SvgView/com.horcrux.svg.GroupView/com.horcrux.svg.PathView}" type="org.openqa.selenium.WebDriverException">
      <![CDATA[org.openqa.selenium.WebDriverException: An unknown server-side error occurred while processing the command. Original error: 'POST /element' cannot be proxied to UiAutomator2 server because the instrumentation process is not running (probably crashed). Check the server log and/or the logcat output for more details
Build info: version: '3.141.59', revision: 'e82be7d358', time: '2018-11-14T08:17:03'
System info: host: 'INTELLIFYLT021', ip: '192.168.10.209', os.name: 'Windows 11', os.arch: 'amd64', os.version: '10.0', java.version: '21.0.8'
Driver info: io.appium.java_client.android.AndroidDriver
Capabilities {adbExecTimeout: 120000, app: C:\Users\subhashohal\Downlo..., appActivity: com.xometry.workcenter.prev..., appPackage: com.xometry.workcenter.prev..., automationName: UiAutomator2, databaseEnabled: false, desired: {adbExecTimeout: 120000, app: C:\Users\subhashohal\Downlo..., appActivity: com.xometry.workcenter.prev..., appPackage: com.xometry.workcenter.prev..., automationName: UiAutomator2, deviceName: vivo 1916, fullReset: false, newCommandTimeout: 300, noReset: false, platformName: android, platformVersion: 9, udid: 6609da97, uiautomator2ServerInstallTimeout: 60000, uiautomator2ServerLaunchTimeout: 60000}, deviceApiLevel: 28, deviceManufacturer: vivo, deviceModel: vivo 1916, deviceName: 6609da97, deviceScreenDensity: 320, deviceScreenSize: 720x1544, deviceUDID: 6609da97, fullReset: false, javascriptEnabled: true, locationContextEnabled: false, networkConnectionEnabled: true, newCommandTimeout: 300, noReset: false, pixelRatio: 2, platform: LINUX, platformName: Android, platformVersion: 9, statBarHeight: 56, takesScreenshot: true, udid: 6609da97, uiautomator2ServerInstallTimeout: 60000, uiautomator2ServerLaunchTimeout: 60000, viewportRect: {height: 1351, left: 0, top: 56, width: 720}, warnings: {}, webStorageEnabled: false}
Session ID: 3307d583-7371-474b-b55d-f2e597f1cf3e
*** Element info: {Using=xpath, value=//android.view.View[@content-desc="Job Board"]/com.horcrux.svg.SvgView/com.horcrux.svg.GroupView/com.horcrux.svg.PathView}
at java.base/jdk.internal.reflect.DirectConstructorHandleAccessor.newInstance(DirectConstructorHandleAccessor.java:62)
at java.base/java.lang.reflect.Constructor.newInstanceWithCaller(Constructor.java:502)
at java.base/java.lang.reflect.Constructor.newInstance(Constructor.java:486)
at org.openqa.selenium.remote.http.W3CHttpResponseCodec.createException(W3CHttpResponseCodec.java:187)
at org.openqa.selenium.remote.http.W3CHttpResponseCodec.decode(W3CHttpResponseCodec.java:122)
at org.openqa.selenium.remote.http.W3CHttpResponseCodec.decode(W3CHttpResponseCodec.java:49)
at org.openqa.selenium.remote.HttpCommandExecutor.execute(HttpCommandExecutor.java:158)
at io.appium.java_client.remote.AppiumCommandExecutor.execute(AppiumCommandExecutor.java:239)
at org.openqa.selenium.remote.RemoteWebDriver.execute(RemoteWebDriver.java:552)
at io.appium.java_client.DefaultGenericMobileDriver.execute(DefaultGenericMobileDriver.java:42)
at io.appium.java_client.AppiumDriver.execute(AppiumDriver.java:1)
at io.appium.java_client.android.AndroidDriver.execute(AndroidDriver.java:1)
at org.openqa.selenium.remote.RemoteWebDriver.findElement(RemoteWebDriver.java:323)
at io.appium.java_client.DefaultGenericMobileDriver.findElement(DefaultGenericMobileDriver.java:62)
at io.appium.java_client.AppiumDriver.findElement(AppiumDriver.java:1)
at io.appium.java_client.android.AndroidDriver.findElement(AndroidDriver.java:1)
at org.openqa.selenium.remote.RemoteWebDriver.findElementByXPath(RemoteWebDriver.java:428)
at io.appium.java_client.DefaultGenericMobileDriver.findElementByXPath(DefaultGenericMobileDriver.java:152)
at io.appium.java_client.AppiumDriver.findElementByXPath(AppiumDriver.java:1)
at io.appium.java_client.android.AndroidDriver.findElementByXPath(AndroidDriver.java:1)
at org.openqa.selenium.By$ByXPath.findElement(By.java:353)
at org.openqa.selenium.remote.RemoteWebDriver.findElement(RemoteWebDriver.java:315)
at io.appium.java_client.DefaultGenericMobileDriver.findElement(DefaultGenericMobileDriver.java:58)
at io.appium.java_client.AppiumDriver.findElement(AppiumDriver.java:1)
at io.appium.java_client.android.AndroidDriver.findElement(AndroidDriver.java:1)
at Tests.Tests.testseven(Tests.java:62)
at java.base/jdk.internal.reflect.DirectMethodHandleAccessor.invoke(DirectMethodHandleAccessor.java:103)
at java.base/java.lang.reflect.Method.invoke(Method.java:580)
at org.testng.internal.invokers.MethodInvocationHelper.invokeMethod(MethodInvocationHelper.java:141)
at org.testng.internal.invokers.TestInvoker.invokeMethod(TestInvoker.java:687)
at org.testng.internal.invokers.TestInvoker.retryFailed(TestInvoker.java:269)
at org.testng.internal.invokers.MethodRunner.runInSequence(MethodRunner.java:76)
at org.testng.internal.invokers.TestInvoker$MethodInvocationAgent.invoke(TestInvoker.java:995)
at org.testng.internal.invokers.TestInvoker.invokeTestMethods(TestInvoker.java:203)
at org.testng.internal.invokers.TestMethodWorker.invokeTestMethods(TestMethodWorker.java:154)
at org.testng.internal.invokers.TestMethodWorker.run(TestMethodWorker.java:134)
at java.base/java.util.ArrayList.forEach(ArrayList.java:1596)
at org.testng.TestRunner.privateRun(TestRunner.java:741)
at org.testng.TestRunner.run(TestRunner.java:616)
at org.testng.SuiteRunner.runTest(SuiteRunner.java:421)
at org.testng.SuiteRunner.runSequentially(SuiteRunner.java:413)
at org.testng.SuiteRunner.privateRun(SuiteRunner.java:373)
at org.testng.SuiteRunner.run(SuiteRunner.java:312)
at org.testng.SuiteRunnerWorker.runSuite(SuiteRunnerWorker.java:52)
at org.testng.SuiteRunnerWorker.run(SuiteRunnerWorker.java:95)
at org.testng.TestNG.runSuitesSequentially(TestNG.java:1274)
at org.testng.TestNG.runSuitesLocally(TestNG.java:1208)
at org.testng.TestNG.runSuites(TestNG.java:1112)
at org.testng.TestNG.run(TestNG.java:1079)
at org.testng.remote.AbstractRemoteTestNG.run(AbstractRemoteTestNG.java:115)
at org.testng.remote.RemoteTestNG.initAndRun(RemoteTestNG.java:293)
at org.testng.remote.RemoteTestNG.main(RemoteTestNG.java:91)
]]>
    </error>
  </testcase> <!-- testseven -->
  <testcase classname="Tests.JobBoard" name="testEight" time="0.000">
    <skipped/>
  </testcase> <!-- testEight -->
  <testcase classname="Tests.JobBoard" name="testnine" time="0.000">
    <skipped/>
  </testcase> <!-- testnine -->
  <testcase classname="Tests.JobBoard" name="testTen" time="0.000">
    <skipped/>
  </testcase> <!-- testTen -->
  <testcase classname="Tests.JobBoard" name="testElevan" time="10.156">
    <error message="An element could not be located on the page using the given search parameters.
For documentation on this error, please visit: https://www.seleniumhq.org/exceptions/no_such_element.html
Build info: version: &#039;3.141.59&#039;, revision: &#039;e82be7d358&#039;, time: &#039;2018-11-14T08:17:03&#039;
System info: host: &#039;INTELLIFYLT021&#039;, ip: &#039;192.168.10.209&#039;, os.name: &#039;Windows 11&#039;, os.arch: &#039;amd64&#039;, os.version: &#039;10.0&#039;, java.version: &#039;21.0.8&#039;
Driver info: io.appium.java_client.android.AndroidDriver
Capabilities {adbExecTimeout: 120000, app: C:\Users\subhashohal\Downlo..., appActivity: com.xometry.workcenter.prev..., appPackage: com.xometry.workcenter.prev..., automationName: UiAutomator2, databaseEnabled: false, desired: {adbExecTimeout: 120000, app: C:\Users\subhashohal\Downlo..., appActivity: com.xometry.workcenter.prev..., appPackage: com.xometry.workcenter.prev..., automationName: UiAutomator2, deviceName: vivo 1916, fullReset: false, newCommandTimeout: 300, noReset: false, platformName: android, platformVersion: 9, udid: 6609da97, uiautomator2ServerInstallTimeout: 60000, uiautomator2ServerLaunchTimeout: 60000}, deviceApiLevel: 28, deviceManufacturer: vivo, deviceModel: vivo 1916, deviceName: 6609da97, deviceScreenDensity: 320, deviceScreenSize: 720x1544, deviceUDID: 6609da97, fullReset: false, javascriptEnabled: true, locationContextEnabled: false, networkConnectionEnabled: true, newCommandTimeout: 300, noReset: false, pixelRatio: 2, platform: LINUX, platformName: Android, platformVersion: 9, statBarHeight: 56, takesScreenshot: true, udid: 6609da97, uiautomator2ServerInstallTimeout: 60000, uiautomator2ServerLaunchTimeout: 60000, viewportRect: {height: 1351, left: 0, top: 56, width: 720}, warnings: {}, webStorageEnabled: false}
Session ID: 2590364f-4f62-40ac-b7d4-7b5e183e33ce
*** Element info: {Using=xpath, value=//android.view.View[@content-desc=&quot;Job Board&quot;]/com.horcrux.svg.SvgView/com.horcrux.svg.GroupView/com.horcrux.svg.PathView}" type="org.openqa.selenium.NoSuchElementException">
      <![CDATA[org.openqa.selenium.NoSuchElementException: An element could not be located on the page using the given search parameters.
For documentation on this error, please visit: https://www.seleniumhq.org/exceptions/no_such_element.html
Build info: version: '3.141.59', revision: 'e82be7d358', time: '2018-11-14T08:17:03'
System info: host: 'INTELLIFYLT021', ip: '192.168.10.209', os.name: 'Windows 11', os.arch: 'amd64', os.version: '10.0', java.version: '21.0.8'
Driver info: io.appium.java_client.android.AndroidDriver
Capabilities {adbExecTimeout: 120000, app: C:\Users\subhashohal\Downlo..., appActivity: com.xometry.workcenter.prev..., appPackage: com.xometry.workcenter.prev..., automationName: UiAutomator2, databaseEnabled: false, desired: {adbExecTimeout: 120000, app: C:\Users\subhashohal\Downlo..., appActivity: com.xometry.workcenter.prev..., appPackage: com.xometry.workcenter.prev..., automationName: UiAutomator2, deviceName: vivo 1916, fullReset: false, newCommandTimeout: 300, noReset: false, platformName: android, platformVersion: 9, udid: 6609da97, uiautomator2ServerInstallTimeout: 60000, uiautomator2ServerLaunchTimeout: 60000}, deviceApiLevel: 28, deviceManufacturer: vivo, deviceModel: vivo 1916, deviceName: 6609da97, deviceScreenDensity: 320, deviceScreenSize: 720x1544, deviceUDID: 6609da97, fullReset: false, javascriptEnabled: true, locationContextEnabled: false, networkConnectionEnabled: true, newCommandTimeout: 300, noReset: false, pixelRatio: 2, platform: LINUX, platformName: Android, platformVersion: 9, statBarHeight: 56, takesScreenshot: true, udid: 6609da97, uiautomator2ServerInstallTimeout: 60000, uiautomator2ServerLaunchTimeout: 60000, viewportRect: {height: 1351, left: 0, top: 56, width: 720}, warnings: {}, webStorageEnabled: false}
Session ID: 2590364f-4f62-40ac-b7d4-7b5e183e33ce
*** Element info: {Using=xpath, value=//android.view.View[@content-desc="Job Board"]/com.horcrux.svg.SvgView/com.horcrux.svg.GroupView/com.horcrux.svg.PathView}
at java.base/jdk.internal.reflect.DirectConstructorHandleAccessor.newInstance(DirectConstructorHandleAccessor.java:62)
at java.base/java.lang.reflect.Constructor.newInstanceWithCaller(Constructor.java:502)
at java.base/java.lang.reflect.Constructor.newInstance(Constructor.java:486)
at org.openqa.selenium.remote.http.W3CHttpResponseCodec.createException(W3CHttpResponseCodec.java:187)
at org.openqa.selenium.remote.http.W3CHttpResponseCodec.decode(W3CHttpResponseCodec.java:122)
at org.openqa.selenium.remote.http.W3CHttpResponseCodec.decode(W3CHttpResponseCodec.java:49)
at org.openqa.selenium.remote.HttpCommandExecutor.execute(HttpCommandExecutor.java:158)
at io.appium.java_client.remote.AppiumCommandExecutor.execute(AppiumCommandExecutor.java:239)
at org.openqa.selenium.remote.RemoteWebDriver.execute(RemoteWebDriver.java:552)
at io.appium.java_client.DefaultGenericMobileDriver.execute(DefaultGenericMobileDriver.java:42)
at io.appium.java_client.AppiumDriver.execute(AppiumDriver.java:1)
at io.appium.java_client.android.AndroidDriver.execute(AndroidDriver.java:1)
at org.openqa.selenium.remote.RemoteWebDriver.findElement(RemoteWebDriver.java:323)
at io.appium.java_client.DefaultGenericMobileDriver.findElement(DefaultGenericMobileDriver.java:62)
at io.appium.java_client.AppiumDriver.findElement(AppiumDriver.java:1)
at io.appium.java_client.android.AndroidDriver.findElement(AndroidDriver.java:1)
at org.openqa.selenium.remote.RemoteWebDriver.findElementByXPath(RemoteWebDriver.java:428)
at io.appium.java_client.DefaultGenericMobileDriver.findElementByXPath(DefaultGenericMobileDriver.java:152)
at io.appium.java_client.AppiumDriver.findElementByXPath(AppiumDriver.java:1)
at io.appium.java_client.android.AndroidDriver.findElementByXPath(AndroidDriver.java:1)
at org.openqa.selenium.By$ByXPath.findElement(By.java:353)
at org.openqa.selenium.remote.RemoteWebDriver.findElement(RemoteWebDriver.java:315)
at io.appium.java_client.DefaultGenericMobileDriver.findElement(DefaultGenericMobileDriver.java:58)
at io.appium.java_client.AppiumDriver.findElement(AppiumDriver.java:1)
at io.appium.java_client.android.AndroidDriver.findElement(AndroidDriver.java:1)
at Tests.JobBoard.testElevan(JobBoard.java:25)
at java.base/jdk.internal.reflect.DirectMethodHandleAccessor.invoke(DirectMethodHandleAccessor.java:103)
at java.base/java.lang.reflect.Method.invoke(Method.java:580)
at org.testng.internal.invokers.MethodInvocationHelper.invokeMethod(MethodInvocationHelper.java:141)
at org.testng.internal.invokers.TestInvoker.invokeMethod(TestInvoker.java:687)
at org.testng.internal.invokers.TestInvoker.invokeTestMethod(TestInvoker.java:230)
at org.testng.internal.invokers.MethodRunner.runInSequence(MethodRunner.java:63)
at org.testng.internal.invokers.TestInvoker$MethodInvocationAgent.invoke(TestInvoker.java:995)
at org.testng.internal.invokers.TestInvoker.invokeTestMethods(TestInvoker.java:203)
at org.testng.internal.invokers.TestMethodWorker.invokeTestMethods(TestMethodWorker.java:154)
at org.testng.internal.invokers.TestMethodWorker.run(TestMethodWorker.java:134)
at java.base/java.util.ArrayList.forEach(ArrayList.java:1596)
at org.testng.TestRunner.privateRun(TestRunner.java:741)
at org.testng.TestRunner.run(TestRunner.java:616)
at org.testng.SuiteRunner.runTest(SuiteRunner.java:421)
at org.testng.SuiteRunner.runSequentially(SuiteRunner.java:413)
at org.testng.SuiteRunner.privateRun(SuiteRunner.java:373)
at org.testng.SuiteRunner.run(SuiteRunner.java:312)
at org.testng.SuiteRunnerWorker.runSuite(SuiteRunnerWorker.java:52)
at org.testng.SuiteRunnerWorker.run(SuiteRunnerWorker.java:95)
at org.testng.TestNG.runSuitesSequentially(TestNG.java:1274)
at org.testng.TestNG.runSuitesLocally(TestNG.java:1208)
at org.testng.TestNG.runSuites(TestNG.java:1112)
at org.testng.TestNG.run(TestNG.java:1079)
at org.testng.remote.AbstractRemoteTestNG.run(AbstractRemoteTestNG.java:115)
at org.testng.remote.RemoteTestNG.initAndRun(RemoteTestNG.java:293)
at org.testng.remote.RemoteTestNG.main(RemoteTestNG.java:91)
]]>
    </error>
  </testcase> <!-- testElevan -->
</testsuite> <!-- Tests.JobBoard -->
