<?xml version="1.0" encoding="UTF-8"?>
<!-- Generated by org.testng.reporters.JUnitReportReporter -->
<testsuite hostname="INTELLIFYLT021" failures="0" tests="7" name="Tests.Tests" time="27.831" errors="0" timestamp="2025-11-17T20:51:01 IST" skipped="0">
  <testcase classname="Tests.Tests" name="sampleTest" time="0.022"/>
  <testcase classname="Tests.Tests" name="testone" time="3.040"/>
  <testcase classname="Tests.Tests" name="testtwo" time="8.323"/>
  <testcase classname="Tests.Tests" name="testthree" time="0.440"/>
  <testcase classname="Tests.Tests" name="testFour" time="8.429"/>
  <testcase classname="Tests.Tests" name="testFive" time="3.700"/>
  <testcase classname="Tests.Tests" name="testsix" time="3.877"/>
</testsuite> <!-- Tests.Tests -->
