<?xml version="1.0" encoding="UTF-8"?>
<!-- Generated by org.testng.reporters.JUnitXMLReporter -->
<testsuite ignored="1" hostname="INTELLIFYLT021" failures="13" tests="79" name="TestRun" time="345.561" errors="0" timestamp="2025-11-17T20:51:00 IST">
  <testcase classname="Tests.BaseClass" name="sampleTest" time="0.022"/>
  <testcase classname="Tests.Tests" name="testone" time="3.04"/>
  <testcase classname="Tests.Tests" name="testtwo" time="8.323"/>
  <testcase classname="Tests.Tests" name="testthree" time="0.44"/>
  <testcase classname="Tests.Tests" name="testFour" time="8.429"/>
  <testcase classname="Tests.Tests" name="testFive" time="3.7"/>
  <testcase classname="Tests.Tests" name="testsix" time="3.877"/>
  <testcase classname="Tests.BaseClass" name="sampleTest" time="0.002"/>
  <testcase classname="Tests.Job_Management" name="testSeven_JobManagement" time="15.654">
    <skipped/>
  </testcase> <!-- testSeven_JobManagement -->
  <testcase classname="Tests.Job_Management" name="testSeven_JobManagement" time="8.031">
    <skipped/>
  </testcase> <!-- testSeven_JobManagement -->
  <testcase classname="Tests.Job_Management" name="testSeven_JobManagement" time="8.037">
    <skipped/>
  </testcase> <!-- testSeven_JobManagement -->
  <testcase classname="Tests.Job_Management" name="testSeven_JobManagement" time="8.018">
    <failure type="org.openqa.selenium.WebDriverException" message="An unknown server-side error occurred while processing the command. Original error: &amp;apos;POST /element&amp;apos; cannot be proxied to UiAutomator2 server because the instrumentation process is not running (probably crashed). Check the server log and/or the logcat output for more details
Build info: version: &amp;apos;3.141.59&amp;apos;, revision: &amp;apos;e82be7d358&amp;apos;, time: &amp;apos;2018-11-14T08:17:03&amp;apos;
System info: host: &amp;apos;INTELLIFYLT021&amp;apos;, ip: &amp;apos;192.168.10.209&amp;apos;, os.name: &amp;apos;Windows 11&amp;apos;, os.arch: &amp;apos;amd64&amp;apos;, os.version: &amp;apos;10.0&amp;apos;, java.version: &amp;apos;21.0.8&amp;apos;
Driver info: io.appium.java_client.android.AndroidDriver
Capabilities {adbExecTimeout: 120000, app: C:\Users\subhashohal\Downlo..., appActivity: com.xometry.workcenter.prev..., appPackage: com.xometry.workcenter.prev..., automationName: UiAutomator2, databaseEnabled: false, desired: {adbExecTimeout: 120000, app: C:\Users\subhashohal\Downlo..., appActivity: com.xometry.workcenter.prev..., appPackage: com.xometry.workcenter.prev..., automationName: UiAutomator2, deviceName: vivo 1916, fullReset: false, newCommandTimeout: 300, noReset: false, platformName: android, platformVersion: 9, udid: 6609da97, uiautomator2ServerInstallTimeout: 60000, uiautomator2ServerLaunchTimeout: 60000}, deviceApiLevel: 28, deviceManufacturer: vivo, deviceModel: vivo 1916, deviceName: 6609da97, deviceScreenDensity: 320, deviceScreenSize: 720x1544, deviceUDID: 6609da97, fullReset: false, javascriptEnabled: true, locationContextEnabled: false, networkConnectionEnabled: true, newCommandTimeout: 300, noReset: false, pixelRatio: 2, platform: LINUX, platformName: Android, platformVersion: 9, statBarHeight: 56, takesScreenshot: true, udid: 6609da97, uiautomator2ServerInstallTimeout: 60000, uiautomator2ServerLaunchTimeout: 60000, viewportRect: {height: 1351, left: 0, top: 56, width: 720}, warnings: {}, webStorageEnabled: false}
Session ID: 6ee734ab-405c-4a09-a5b6-53b918533da8
*** Element info: {Using=xpath, value=//android.view.View[@content-desc=&amp;quot;Job Management&amp;quot;]/com.horcrux.svg.SvgView/com.horcrux.svg.GroupView/com.horcrux.svg.PathView}">
      <![CDATA[org.openqa.selenium.WebDriverException: An unknown server-side error occurred while processing the command. Original error: 'POST /element' cannot be proxied to UiAutomator2 server because the instrumentation process is not running (probably crashed). Check the server log and/or the logcat output for more details
Build info: version: '3.141.59', revision: 'e82be7d358', time: '2018-11-14T08:17:03'
System info: host: 'INTELLIFYLT021', ip: '192.168.10.209', os.name: 'Windows 11', os.arch: 'amd64', os.version: '10.0', java.version: '21.0.8'
Driver info: io.appium.java_client.android.AndroidDriver
Capabilities {adbExecTimeout: 120000, app: C:\Users\subhashohal\Downlo..., appActivity: com.xometry.workcenter.prev..., appPackage: com.xometry.workcenter.prev..., automationName: UiAutomator2, databaseEnabled: false, desired: {adbExecTimeout: 120000, app: C:\Users\subhashohal\Downlo..., appActivity: com.xometry.workcenter.prev..., appPackage: com.xometry.workcenter.prev..., automationName: UiAutomator2, deviceName: vivo 1916, fullReset: false, newCommandTimeout: 300, noReset: false, platformName: android, platformVersion: 9, udid: 6609da97, uiautomator2ServerInstallTimeout: 60000, uiautomator2ServerLaunchTimeout: 60000}, deviceApiLevel: 28, deviceManufacturer: vivo, deviceModel: vivo 1916, deviceName: 6609da97, deviceScreenDensity: 320, deviceScreenSize: 720x1544, deviceUDID: 6609da97, fullReset: false, javascriptEnabled: true, locationContextEnabled: false, networkConnectionEnabled: true, newCommandTimeout: 300, noReset: false, pixelRatio: 2, platform: LINUX, platformName: Android, platformVersion: 9, statBarHeight: 56, takesScreenshot: true, udid: 6609da97, uiautomator2ServerInstallTimeout: 60000, uiautomator2ServerLaunchTimeout: 60000, viewportRect: {height: 1351, left: 0, top: 56, width: 720}, warnings: {}, webStorageEnabled: false}
Session ID: 6ee734ab-405c-4a09-a5b6-53b918533da8
*** Element info: {Using=xpath, value=//android.view.View[@content-desc="Job Management"]/com.horcrux.svg.SvgView/com.horcrux.svg.GroupView/com.horcrux.svg.PathView}
at org.openqa.selenium.remote.http.W3CHttpResponseCodec.createException(W3CHttpResponseCodec.java:187)
at org.openqa.selenium.remote.http.W3CHttpResponseCodec.decode(W3CHttpResponseCodec.java:122)
at org.openqa.selenium.remote.http.W3CHttpResponseCodec.decode(W3CHttpResponseCodec.java:49)
at org.openqa.selenium.remote.HttpCommandExecutor.execute(HttpCommandExecutor.java:158)
at io.appium.java_client.remote.AppiumCommandExecutor.execute(AppiumCommandExecutor.java:239)
at org.openqa.selenium.remote.RemoteWebDriver.execute(RemoteWebDriver.java:552)
at io.appium.java_client.DefaultGenericMobileDriver.execute(DefaultGenericMobileDriver.java:42)
at io.appium.java_client.AppiumDriver.execute(AppiumDriver.java:1)
at io.appium.java_client.android.AndroidDriver.execute(AndroidDriver.java:1)
at org.openqa.selenium.remote.RemoteWebDriver.findElement(RemoteWebDriver.java:323)
at io.appium.java_client.DefaultGenericMobileDriver.findElement(DefaultGenericMobileDriver.java:62)
at io.appium.java_client.AppiumDriver.findElement(AppiumDriver.java:1)
at io.appium.java_client.android.AndroidDriver.findElement(AndroidDriver.java:1)
at org.openqa.selenium.remote.RemoteWebDriver.findElementByXPath(RemoteWebDriver.java:428)
at io.appium.java_client.DefaultGenericMobileDriver.findElementByXPath(DefaultGenericMobileDriver.java:152)
at io.appium.java_client.AppiumDriver.findElementByXPath(AppiumDriver.java:1)
at io.appium.java_client.android.AndroidDriver.findElementByXPath(AndroidDriver.java:1)
at org.openqa.selenium.By$ByXPath.findElement(By.java:353)
at org.openqa.selenium.remote.RemoteWebDriver.findElement(RemoteWebDriver.java:315)
at io.appium.java_client.DefaultGenericMobileDriver.findElement(DefaultGenericMobileDriver.java:58)
at io.appium.java_client.AppiumDriver.findElement(AppiumDriver.java:1)
at io.appium.java_client.android.AndroidDriver.findElement(AndroidDriver.java:1)
at Tests.Job_Management.testSeven_JobManagement(Job_Management.java:33)
at java.base/java.util.ArrayList.forEach(ArrayList.java:1596)
... Removed 28 stack frames]]>
    </failure>
  </testcase> <!-- testSeven_JobManagement -->
  <testcase classname="Tests.Job_Management" name="testEight_SearchJob" time="0.0">
    <skipped/>
  </testcase> <!-- testEight_SearchJob -->
  <testcase classname="Tests.Job_Management" name="testNine_ViewDetails" time="0.0">
    <skipped/>
  </testcase> <!-- testNine_ViewDetails -->
  <testcase classname="Tests.Job_Management" name="testtwelve_RS" time="3.026">
    <skipped/>
  </testcase> <!-- testtwelve_RS -->
  <testcase classname="Tests.Job_Management" name="testtwelve_RS" time="3.035">
    <skipped/>
  </testcase> <!-- testtwelve_RS -->
  <testcase classname="Tests.Job_Management" name="testtwelve_RS" time="3.041">
    <skipped/>
  </testcase> <!-- testtwelve_RS -->
  <testcase classname="Tests.Job_Management" name="testtwelve_RS" time="3.037">
    <failure type="org.openqa.selenium.WebDriverException" message="An unknown server-side error occurred while processing the command. Original error: &amp;apos;POST /element&amp;apos; cannot be proxied to UiAutomator2 server because the instrumentation process is not running (probably crashed). Check the server log and/or the logcat output for more details
Build info: version: &amp;apos;3.141.59&amp;apos;, revision: &amp;apos;e82be7d358&amp;apos;, time: &amp;apos;2018-11-14T08:17:03&amp;apos;
System info: host: &amp;apos;INTELLIFYLT021&amp;apos;, ip: &amp;apos;192.168.10.209&amp;apos;, os.name: &amp;apos;Windows 11&amp;apos;, os.arch: &amp;apos;amd64&amp;apos;, os.version: &amp;apos;10.0&amp;apos;, java.version: &amp;apos;21.0.8&amp;apos;
Driver info: io.appium.java_client.android.AndroidDriver
Capabilities {adbExecTimeout: 120000, app: C:\Users\subhashohal\Downlo..., appActivity: com.xometry.workcenter.prev..., appPackage: com.xometry.workcenter.prev..., automationName: UiAutomator2, databaseEnabled: false, desired: {adbExecTimeout: 120000, app: C:\Users\subhashohal\Downlo..., appActivity: com.xometry.workcenter.prev..., appPackage: com.xometry.workcenter.prev..., automationName: UiAutomator2, deviceName: vivo 1916, fullReset: false, newCommandTimeout: 300, noReset: false, platformName: android, platformVersion: 9, udid: 6609da97, uiautomator2ServerInstallTimeout: 60000, uiautomator2ServerLaunchTimeout: 60000}, deviceApiLevel: 28, deviceManufacturer: vivo, deviceModel: vivo 1916, deviceName: 6609da97, deviceScreenDensity: 320, deviceScreenSize: 720x1544, deviceUDID: 6609da97, fullReset: false, javascriptEnabled: true, locationContextEnabled: false, networkConnectionEnabled: true, newCommandTimeout: 300, noReset: false, pixelRatio: 2, platform: LINUX, platformName: Android, platformVersion: 9, statBarHeight: 56, takesScreenshot: true, udid: 6609da97, uiautomator2ServerInstallTimeout: 60000, uiautomator2ServerLaunchTimeout: 60000, viewportRect: {height: 1351, left: 0, top: 56, width: 720}, warnings: {}, webStorageEnabled: false}
Session ID: 6ee734ab-405c-4a09-a5b6-53b918533da8
*** Element info: {Using=xpath, value=//android.view.ViewGroup[@content-desc=&amp;quot;Request Support&amp;quot;]}">
      <![CDATA[org.openqa.selenium.WebDriverException: An unknown server-side error occurred while processing the command. Original error: 'POST /element' cannot be proxied to UiAutomator2 server because the instrumentation process is not running (probably crashed). Check the server log and/or the logcat output for more details
Build info: version: '3.141.59', revision: 'e82be7d358', time: '2018-11-14T08:17:03'
System info: host: 'INTELLIFYLT021', ip: '192.168.10.209', os.name: 'Windows 11', os.arch: 'amd64', os.version: '10.0', java.version: '21.0.8'
Driver info: io.appium.java_client.android.AndroidDriver
Capabilities {adbExecTimeout: 120000, app: C:\Users\subhashohal\Downlo..., appActivity: com.xometry.workcenter.prev..., appPackage: com.xometry.workcenter.prev..., automationName: UiAutomator2, databaseEnabled: false, desired: {adbExecTimeout: 120000, app: C:\Users\subhashohal\Downlo..., appActivity: com.xometry.workcenter.prev..., appPackage: com.xometry.workcenter.prev..., automationName: UiAutomator2, deviceName: vivo 1916, fullReset: false, newCommandTimeout: 300, noReset: false, platformName: android, platformVersion: 9, udid: 6609da97, uiautomator2ServerInstallTimeout: 60000, uiautomator2ServerLaunchTimeout: 60000}, deviceApiLevel: 28, deviceManufacturer: vivo, deviceModel: vivo 1916, deviceName: 6609da97, deviceScreenDensity: 320, deviceScreenSize: 720x1544, deviceUDID: 6609da97, fullReset: false, javascriptEnabled: true, locationContextEnabled: false, networkConnectionEnabled: true, newCommandTimeout: 300, noReset: false, pixelRatio: 2, platform: LINUX, platformName: Android, platformVersion: 9, statBarHeight: 56, takesScreenshot: true, udid: 6609da97, uiautomator2ServerInstallTimeout: 60000, uiautomator2ServerLaunchTimeout: 60000, viewportRect: {height: 1351, left: 0, top: 56, width: 720}, warnings: {}, webStorageEnabled: false}
Session ID: 6ee734ab-405c-4a09-a5b6-53b918533da8
*** Element info: {Using=xpath, value=//android.view.ViewGroup[@content-desc="Request Support"]}
at org.openqa.selenium.remote.http.W3CHttpResponseCodec.createException(W3CHttpResponseCodec.java:187)
at org.openqa.selenium.remote.http.W3CHttpResponseCodec.decode(W3CHttpResponseCodec.java:122)
at org.openqa.selenium.remote.http.W3CHttpResponseCodec.decode(W3CHttpResponseCodec.java:49)
at org.openqa.selenium.remote.HttpCommandExecutor.execute(HttpCommandExecutor.java:158)
at io.appium.java_client.remote.AppiumCommandExecutor.execute(AppiumCommandExecutor.java:239)
at org.openqa.selenium.remote.RemoteWebDriver.execute(RemoteWebDriver.java:552)
at io.appium.java_client.DefaultGenericMobileDriver.execute(DefaultGenericMobileDriver.java:42)
at io.appium.java_client.AppiumDriver.execute(AppiumDriver.java:1)
at io.appium.java_client.android.AndroidDriver.execute(AndroidDriver.java:1)
at org.openqa.selenium.remote.RemoteWebDriver.findElement(RemoteWebDriver.java:323)
at io.appium.java_client.DefaultGenericMobileDriver.findElement(DefaultGenericMobileDriver.java:62)
at io.appium.java_client.AppiumDriver.findElement(AppiumDriver.java:1)
at io.appium.java_client.android.AndroidDriver.findElement(AndroidDriver.java:1)
at org.openqa.selenium.remote.RemoteWebDriver.findElementByXPath(RemoteWebDriver.java:428)
at io.appium.java_client.DefaultGenericMobileDriver.findElementByXPath(DefaultGenericMobileDriver.java:152)
at io.appium.java_client.AppiumDriver.findElementByXPath(AppiumDriver.java:1)
at io.appium.java_client.android.AndroidDriver.findElementByXPath(AndroidDriver.java:1)
at org.openqa.selenium.By$ByXPath.findElement(By.java:353)
at org.openqa.selenium.remote.RemoteWebDriver.findElement(RemoteWebDriver.java:315)
at io.appium.java_client.DefaultGenericMobileDriver.findElement(DefaultGenericMobileDriver.java:58)
at io.appium.java_client.AppiumDriver.findElement(AppiumDriver.java:1)
at io.appium.java_client.android.AndroidDriver.findElement(AndroidDriver.java:1)
at Tests.Job_Management.testtwelve_RS(Job_Management.java:79)
at java.base/java.util.ArrayList.forEach(ArrayList.java:1596)
... Removed 28 stack frames]]>
    </failure>
  </testcase> <!-- testtwelve_RS -->
  <testcase classname="Tests.Job_Management" name="testThirteen" time="0.0">
    <skipped/>
  </testcase> <!-- testThirteen -->
  <testcase classname="Tests.Job_Management" name="testForteen" time="0.0">
    <skipped/>
  </testcase> <!-- testForteen -->
  <testcase classname="Tests.Job_Management" name="testFifteen" time="0.0">
    <skipped/>
  </testcase> <!-- testFifteen -->
  <testcase classname="Tests.Job_Management" name="testSixteen" time="3.311"/>
  <testcase classname="Tests.Job_Management" name="testSeventeen_DownloadJobFiles" time="3.052">
    <skipped/>
  </testcase> <!-- testSeventeen_DownloadJobFiles -->
  <testcase classname="Tests.Job_Management" name="testSeventeen_DownloadJobFiles" time="3.016">
    <skipped/>
  </testcase> <!-- testSeventeen_DownloadJobFiles -->
  <testcase classname="Tests.Job_Management" name="testSeventeen_DownloadJobFiles" time="3.033">
    <skipped/>
  </testcase> <!-- testSeventeen_DownloadJobFiles -->
  <testcase classname="Tests.Job_Management" name="testSeventeen_DownloadJobFiles" time="3.027">
    <failure type="org.openqa.selenium.WebDriverException" message="An unknown server-side error occurred while processing the command. Original error: &amp;apos;POST /element&amp;apos; cannot be proxied to UiAutomator2 server because the instrumentation process is not running (probably crashed). Check the server log and/or the logcat output for more details
Build info: version: &amp;apos;3.141.59&amp;apos;, revision: &amp;apos;e82be7d358&amp;apos;, time: &amp;apos;2018-11-14T08:17:03&amp;apos;
System info: host: &amp;apos;INTELLIFYLT021&amp;apos;, ip: &amp;apos;192.168.10.209&amp;apos;, os.name: &amp;apos;Windows 11&amp;apos;, os.arch: &amp;apos;amd64&amp;apos;, os.version: &amp;apos;10.0&amp;apos;, java.version: &amp;apos;21.0.8&amp;apos;
Driver info: io.appium.java_client.android.AndroidDriver
Capabilities {adbExecTimeout: 120000, app: C:\Users\subhashohal\Downlo..., appActivity: com.xometry.workcenter.prev..., appPackage: com.xometry.workcenter.prev..., automationName: UiAutomator2, databaseEnabled: false, desired: {adbExecTimeout: 120000, app: C:\Users\subhashohal\Downlo..., appActivity: com.xometry.workcenter.prev..., appPackage: com.xometry.workcenter.prev..., automationName: UiAutomator2, deviceName: vivo 1916, fullReset: false, newCommandTimeout: 300, noReset: false, platformName: android, platformVersion: 9, udid: 6609da97, uiautomator2ServerInstallTimeout: 60000, uiautomator2ServerLaunchTimeout: 60000}, deviceApiLevel: 28, deviceManufacturer: vivo, deviceModel: vivo 1916, deviceName: 6609da97, deviceScreenDensity: 320, deviceScreenSize: 720x1544, deviceUDID: 6609da97, fullReset: false, javascriptEnabled: true, locationContextEnabled: false, networkConnectionEnabled: true, newCommandTimeout: 300, noReset: false, pixelRatio: 2, platform: LINUX, platformName: Android, platformVersion: 9, statBarHeight: 56, takesScreenshot: true, udid: 6609da97, uiautomator2ServerInstallTimeout: 60000, uiautomator2ServerLaunchTimeout: 60000, viewportRect: {height: 1351, left: 0, top: 56, width: 720}, warnings: {}, webStorageEnabled: false}
Session ID: 6ee734ab-405c-4a09-a5b6-53b918533da8
*** Element info: {Using=xpath, value=//android.view.ViewGroup[@content-desc=&amp;quot;Download Job Files&amp;quot;]}">
      <![CDATA[org.openqa.selenium.WebDriverException: An unknown server-side error occurred while processing the command. Original error: 'POST /element' cannot be proxied to UiAutomator2 server because the instrumentation process is not running (probably crashed). Check the server log and/or the logcat output for more details
Build info: version: '3.141.59', revision: 'e82be7d358', time: '2018-11-14T08:17:03'
System info: host: 'INTELLIFYLT021', ip: '192.168.10.209', os.name: 'Windows 11', os.arch: 'amd64', os.version: '10.0', java.version: '21.0.8'
Driver info: io.appium.java_client.android.AndroidDriver
Capabilities {adbExecTimeout: 120000, app: C:\Users\subhashohal\Downlo..., appActivity: com.xometry.workcenter.prev..., appPackage: com.xometry.workcenter.prev..., automationName: UiAutomator2, databaseEnabled: false, desired: {adbExecTimeout: 120000, app: C:\Users\subhashohal\Downlo..., appActivity: com.xometry.workcenter.prev..., appPackage: com.xometry.workcenter.prev..., automationName: UiAutomator2, deviceName: vivo 1916, fullReset: false, newCommandTimeout: 300, noReset: false, platformName: android, platformVersion: 9, udid: 6609da97, uiautomator2ServerInstallTimeout: 60000, uiautomator2ServerLaunchTimeout: 60000}, deviceApiLevel: 28, deviceManufacturer: vivo, deviceModel: vivo 1916, deviceName: 6609da97, deviceScreenDensity: 320, deviceScreenSize: 720x1544, deviceUDID: 6609da97, fullReset: false, javascriptEnabled: true, locationContextEnabled: false, networkConnectionEnabled: true, newCommandTimeout: 300, noReset: false, pixelRatio: 2, platform: LINUX, platformName: Android, platformVersion: 9, statBarHeight: 56, takesScreenshot: true, udid: 6609da97, uiautomator2ServerInstallTimeout: 60000, uiautomator2ServerLaunchTimeout: 60000, viewportRect: {height: 1351, left: 0, top: 56, width: 720}, warnings: {}, webStorageEnabled: false}
Session ID: 6ee734ab-405c-4a09-a5b6-53b918533da8
*** Element info: {Using=xpath, value=//android.view.ViewGroup[@content-desc="Download Job Files"]}
at org.openqa.selenium.remote.http.W3CHttpResponseCodec.createException(W3CHttpResponseCodec.java:187)
at org.openqa.selenium.remote.http.W3CHttpResponseCodec.decode(W3CHttpResponseCodec.java:122)
at org.openqa.selenium.remote.http.W3CHttpResponseCodec.decode(W3CHttpResponseCodec.java:49)
at org.openqa.selenium.remote.HttpCommandExecutor.execute(HttpCommandExecutor.java:158)
at io.appium.java_client.remote.AppiumCommandExecutor.execute(AppiumCommandExecutor.java:239)
at org.openqa.selenium.remote.RemoteWebDriver.execute(RemoteWebDriver.java:552)
at io.appium.java_client.DefaultGenericMobileDriver.execute(DefaultGenericMobileDriver.java:42)
at io.appium.java_client.AppiumDriver.execute(AppiumDriver.java:1)
at io.appium.java_client.android.AndroidDriver.execute(AndroidDriver.java:1)
at org.openqa.selenium.remote.RemoteWebDriver.findElement(RemoteWebDriver.java:323)
at io.appium.java_client.DefaultGenericMobileDriver.findElement(DefaultGenericMobileDriver.java:62)
at io.appium.java_client.AppiumDriver.findElement(AppiumDriver.java:1)
at io.appium.java_client.android.AndroidDriver.findElement(AndroidDriver.java:1)
at org.openqa.selenium.remote.RemoteWebDriver.findElementByXPath(RemoteWebDriver.java:428)
at io.appium.java_client.DefaultGenericMobileDriver.findElementByXPath(DefaultGenericMobileDriver.java:152)
at io.appium.java_client.AppiumDriver.findElementByXPath(AppiumDriver.java:1)
at io.appium.java_client.android.AndroidDriver.findElementByXPath(AndroidDriver.java:1)
at org.openqa.selenium.By$ByXPath.findElement(By.java:353)
at org.openqa.selenium.remote.RemoteWebDriver.findElement(RemoteWebDriver.java:315)
at io.appium.java_client.DefaultGenericMobileDriver.findElement(DefaultGenericMobileDriver.java:58)
at io.appium.java_client.AppiumDriver.findElement(AppiumDriver.java:1)
at io.appium.java_client.android.AndroidDriver.findElement(AndroidDriver.java:1)
at Tests.Job_Management.testSeventeen_DownloadJobFiles(Job_Management.java:195)
at java.base/java.util.ArrayList.forEach(ArrayList.java:1596)
... Removed 28 stack frames]]>
    </failure>
  </testcase> <!-- testSeventeen_DownloadJobFiles -->
  <testcase classname="Tests.Job_Management" name="testEighteen_AllPartFiles" time="0.0">
    <skipped/>
  </testcase> <!-- testEighteen_AllPartFiles -->
  <testcase classname="Tests.Job_Management" name="testNineteen_AllTravelers" time="0.0">
    <skipped/>
  </testcase> <!-- testNineteen_AllTravelers -->
  <testcase classname="Tests.Job_Management" name="testTwenty_AllJobFiles" time="0.0">
    <skipped/>
  </testcase> <!-- testTwenty_AllJobFiles -->
  <testcase classname="Tests.Job_Management" name="testTwentyone_PurchaseOrder" time="0.0">
    <skipped/>
  </testcase> <!-- testTwentyone_PurchaseOrder -->
  <testcase classname="Tests.Job_Management" name="testTwentytwo_InventoryList" time="0.0">
    <skipped/>
  </testcase> <!-- testTwentytwo_InventoryList -->
  <testcase classname="Tests.Job_Management" name="testTwentythree" time="8.038">
    <skipped/>
  </testcase> <!-- testTwentythree -->
  <testcase classname="Tests.Job_Management" name="testTwentythree" time="8.035">
    <skipped/>
  </testcase> <!-- testTwentythree -->
  <testcase classname="Tests.Job_Management" name="testTwentythree" time="8.029">
    <skipped/>
  </testcase> <!-- testTwentythree -->
  <testcase classname="Tests.Job_Management" name="testTwentythree" time="8.031">
    <failure type="org.openqa.selenium.WebDriverException" message="An unknown server-side error occurred while processing the command. Original error: &amp;apos;POST /element&amp;apos; cannot be proxied to UiAutomator2 server because the instrumentation process is not running (probably crashed). Check the server log and/or the logcat output for more details
Build info: version: &amp;apos;3.141.59&amp;apos;, revision: &amp;apos;e82be7d358&amp;apos;, time: &amp;apos;2018-11-14T08:17:03&amp;apos;
System info: host: &amp;apos;INTELLIFYLT021&amp;apos;, ip: &amp;apos;192.168.10.209&amp;apos;, os.name: &amp;apos;Windows 11&amp;apos;, os.arch: &amp;apos;amd64&amp;apos;, os.version: &amp;apos;10.0&amp;apos;, java.version: &amp;apos;21.0.8&amp;apos;
Driver info: io.appium.java_client.android.AndroidDriver
Capabilities {adbExecTimeout: 120000, app: C:\Users\subhashohal\Downlo..., appActivity: com.xometry.workcenter.prev..., appPackage: com.xometry.workcenter.prev..., automationName: UiAutomator2, databaseEnabled: false, desired: {adbExecTimeout: 120000, app: C:\Users\subhashohal\Downlo..., appActivity: com.xometry.workcenter.prev..., appPackage: com.xometry.workcenter.prev..., automationName: UiAutomator2, deviceName: vivo 1916, fullReset: false, newCommandTimeout: 300, noReset: false, platformName: android, platformVersion: 9, udid: 6609da97, uiautomator2ServerInstallTimeout: 60000, uiautomator2ServerLaunchTimeout: 60000}, deviceApiLevel: 28, deviceManufacturer: vivo, deviceModel: vivo 1916, deviceName: 6609da97, deviceScreenDensity: 320, deviceScreenSize: 720x1544, deviceUDID: 6609da97, fullReset: false, javascriptEnabled: true, locationContextEnabled: false, networkConnectionEnabled: true, newCommandTimeout: 300, noReset: false, pixelRatio: 2, platform: LINUX, platformName: Android, platformVersion: 9, statBarHeight: 56, takesScreenshot: true, udid: 6609da97, uiautomator2ServerInstallTimeout: 60000, uiautomator2ServerLaunchTimeout: 60000, viewportRect: {height: 1351, left: 0, top: 56, width: 720}, warnings: {}, webStorageEnabled: false}
Session ID: 6ee734ab-405c-4a09-a5b6-53b918533da8
*** Element info: {Using=xpath, value=//android.view.ViewGroup[@content-desc=&amp;quot;Job Details, +&amp;quot;]}">
      <![CDATA[org.openqa.selenium.WebDriverException: An unknown server-side error occurred while processing the command. Original error: 'POST /element' cannot be proxied to UiAutomator2 server because the instrumentation process is not running (probably crashed). Check the server log and/or the logcat output for more details
Build info: version: '3.141.59', revision: 'e82be7d358', time: '2018-11-14T08:17:03'
System info: host: 'INTELLIFYLT021', ip: '192.168.10.209', os.name: 'Windows 11', os.arch: 'amd64', os.version: '10.0', java.version: '21.0.8'
Driver info: io.appium.java_client.android.AndroidDriver
Capabilities {adbExecTimeout: 120000, app: C:\Users\subhashohal\Downlo..., appActivity: com.xometry.workcenter.prev..., appPackage: com.xometry.workcenter.prev..., automationName: UiAutomator2, databaseEnabled: false, desired: {adbExecTimeout: 120000, app: C:\Users\subhashohal\Downlo..., appActivity: com.xometry.workcenter.prev..., appPackage: com.xometry.workcenter.prev..., automationName: UiAutomator2, deviceName: vivo 1916, fullReset: false, newCommandTimeout: 300, noReset: false, platformName: android, platformVersion: 9, udid: 6609da97, uiautomator2ServerInstallTimeout: 60000, uiautomator2ServerLaunchTimeout: 60000}, deviceApiLevel: 28, deviceManufacturer: vivo, deviceModel: vivo 1916, deviceName: 6609da97, deviceScreenDensity: 320, deviceScreenSize: 720x1544, deviceUDID: 6609da97, fullReset: false, javascriptEnabled: true, locationContextEnabled: false, networkConnectionEnabled: true, newCommandTimeout: 300, noReset: false, pixelRatio: 2, platform: LINUX, platformName: Android, platformVersion: 9, statBarHeight: 56, takesScreenshot: true, udid: 6609da97, uiautomator2ServerInstallTimeout: 60000, uiautomator2ServerLaunchTimeout: 60000, viewportRect: {height: 1351, left: 0, top: 56, width: 720}, warnings: {}, webStorageEnabled: false}
Session ID: 6ee734ab-405c-4a09-a5b6-53b918533da8
*** Element info: {Using=xpath, value=//android.view.ViewGroup[@content-desc="Job Details, +"]}
at org.openqa.selenium.remote.http.W3CHttpResponseCodec.createException(W3CHttpResponseCodec.java:187)
at org.openqa.selenium.remote.http.W3CHttpResponseCodec.decode(W3CHttpResponseCodec.java:122)
at org.openqa.selenium.remote.http.W3CHttpResponseCodec.decode(W3CHttpResponseCodec.java:49)
at org.openqa.selenium.remote.HttpCommandExecutor.execute(HttpCommandExecutor.java:158)
at io.appium.java_client.remote.AppiumCommandExecutor.execute(AppiumCommandExecutor.java:239)
at org.openqa.selenium.remote.RemoteWebDriver.execute(RemoteWebDriver.java:552)
at io.appium.java_client.DefaultGenericMobileDriver.execute(DefaultGenericMobileDriver.java:42)
at io.appium.java_client.AppiumDriver.execute(AppiumDriver.java:1)
at io.appium.java_client.android.AndroidDriver.execute(AndroidDriver.java:1)
at org.openqa.selenium.remote.RemoteWebDriver.findElement(RemoteWebDriver.java:323)
at io.appium.java_client.DefaultGenericMobileDriver.findElement(DefaultGenericMobileDriver.java:62)
at io.appium.java_client.AppiumDriver.findElement(AppiumDriver.java:1)
at io.appium.java_client.android.AndroidDriver.findElement(AndroidDriver.java:1)
at org.openqa.selenium.remote.RemoteWebDriver.findElementByXPath(RemoteWebDriver.java:428)
at io.appium.java_client.DefaultGenericMobileDriver.findElementByXPath(DefaultGenericMobileDriver.java:152)
at io.appium.java_client.AppiumDriver.findElementByXPath(AppiumDriver.java:1)
at io.appium.java_client.android.AndroidDriver.findElementByXPath(AndroidDriver.java:1)
at org.openqa.selenium.By$ByXPath.findElement(By.java:353)
at org.openqa.selenium.remote.RemoteWebDriver.findElement(RemoteWebDriver.java:315)
at io.appium.java_client.DefaultGenericMobileDriver.findElement(DefaultGenericMobileDriver.java:58)
at io.appium.java_client.AppiumDriver.findElement(AppiumDriver.java:1)
at io.appium.java_client.android.AndroidDriver.findElement(AndroidDriver.java:1)
at Tests.Job_Management.testTwentythree(Job_Management.java:584)
at java.base/java.util.ArrayList.forEach(ArrayList.java:1596)
... Removed 28 stack frames]]>
    </failure>
  </testcase> <!-- testTwentythree -->
  <testcase classname="Tests.Job_Management" name="testtwentyfour" time="8.034"/>
  <testcase classname="Tests.Job_Management" name="testtwentyfive" time="3.023">
    <skipped/>
  </testcase> <!-- testtwentyfive -->
  <testcase classname="Tests.Job_Management" name="testtwentyfive" time="3.041">
    <skipped/>
  </testcase> <!-- testtwentyfive -->
  <testcase classname="Tests.Job_Management" name="testtwentyfive" time="3.028">
    <skipped/>
  </testcase> <!-- testtwentyfive -->
  <testcase classname="Tests.Job_Management" name="testtwentyfive" time="3.031">
    <failure type="org.openqa.selenium.WebDriverException" message="An unknown server-side error occurred while processing the command. Original error: &amp;apos;POST /element&amp;apos; cannot be proxied to UiAutomator2 server because the instrumentation process is not running (probably crashed). Check the server log and/or the logcat output for more details
Build info: version: &amp;apos;3.141.59&amp;apos;, revision: &amp;apos;e82be7d358&amp;apos;, time: &amp;apos;2018-11-14T08:17:03&amp;apos;
System info: host: &amp;apos;INTELLIFYLT021&amp;apos;, ip: &amp;apos;192.168.10.209&amp;apos;, os.name: &amp;apos;Windows 11&amp;apos;, os.arch: &amp;apos;amd64&amp;apos;, os.version: &amp;apos;10.0&amp;apos;, java.version: &amp;apos;21.0.8&amp;apos;
Driver info: io.appium.java_client.android.AndroidDriver
Capabilities {adbExecTimeout: 120000, app: C:\Users\subhashohal\Downlo..., appActivity: com.xometry.workcenter.prev..., appPackage: com.xometry.workcenter.prev..., automationName: UiAutomator2, databaseEnabled: false, desired: {adbExecTimeout: 120000, app: C:\Users\subhashohal\Downlo..., appActivity: com.xometry.workcenter.prev..., appPackage: com.xometry.workcenter.prev..., automationName: UiAutomator2, deviceName: vivo 1916, fullReset: false, newCommandTimeout: 300, noReset: false, platformName: android, platformVersion: 9, udid: 6609da97, uiautomator2ServerInstallTimeout: 60000, uiautomator2ServerLaunchTimeout: 60000}, deviceApiLevel: 28, deviceManufacturer: vivo, deviceModel: vivo 1916, deviceName: 6609da97, deviceScreenDensity: 320, deviceScreenSize: 720x1544, deviceUDID: 6609da97, fullReset: false, javascriptEnabled: true, locationContextEnabled: false, networkConnectionEnabled: true, newCommandTimeout: 300, noReset: false, pixelRatio: 2, platform: LINUX, platformName: Android, platformVersion: 9, statBarHeight: 56, takesScreenshot: true, udid: 6609da97, uiautomator2ServerInstallTimeout: 60000, uiautomator2ServerLaunchTimeout: 60000, viewportRect: {height: 1351, left: 0, top: 56, width: 720}, warnings: {}, webStorageEnabled: false}
Session ID: 6ee734ab-405c-4a09-a5b6-53b918533da8
*** Element info: {Using=xpath, value=//android.view.ViewGroup[@content-desc=&amp;quot;Job Milestones, +&amp;quot;]}">
      <![CDATA[org.openqa.selenium.WebDriverException: An unknown server-side error occurred while processing the command. Original error: 'POST /element' cannot be proxied to UiAutomator2 server because the instrumentation process is not running (probably crashed). Check the server log and/or the logcat output for more details
Build info: version: '3.141.59', revision: 'e82be7d358', time: '2018-11-14T08:17:03'
System info: host: 'INTELLIFYLT021', ip: '192.168.10.209', os.name: 'Windows 11', os.arch: 'amd64', os.version: '10.0', java.version: '21.0.8'
Driver info: io.appium.java_client.android.AndroidDriver
Capabilities {adbExecTimeout: 120000, app: C:\Users\subhashohal\Downlo..., appActivity: com.xometry.workcenter.prev..., appPackage: com.xometry.workcenter.prev..., automationName: UiAutomator2, databaseEnabled: false, desired: {adbExecTimeout: 120000, app: C:\Users\subhashohal\Downlo..., appActivity: com.xometry.workcenter.prev..., appPackage: com.xometry.workcenter.prev..., automationName: UiAutomator2, deviceName: vivo 1916, fullReset: false, newCommandTimeout: 300, noReset: false, platformName: android, platformVersion: 9, udid: 6609da97, uiautomator2ServerInstallTimeout: 60000, uiautomator2ServerLaunchTimeout: 60000}, deviceApiLevel: 28, deviceManufacturer: vivo, deviceModel: vivo 1916, deviceName: 6609da97, deviceScreenDensity: 320, deviceScreenSize: 720x1544, deviceUDID: 6609da97, fullReset: false, javascriptEnabled: true, locationContextEnabled: false, networkConnectionEnabled: true, newCommandTimeout: 300, noReset: false, pixelRatio: 2, platform: LINUX, platformName: Android, platformVersion: 9, statBarHeight: 56, takesScreenshot: true, udid: 6609da97, uiautomator2ServerInstallTimeout: 60000, uiautomator2ServerLaunchTimeout: 60000, viewportRect: {height: 1351, left: 0, top: 56, width: 720}, warnings: {}, webStorageEnabled: false}
Session ID: 6ee734ab-405c-4a09-a5b6-53b918533da8
*** Element info: {Using=xpath, value=//android.view.ViewGroup[@content-desc="Job Milestones, +"]}
at org.openqa.selenium.remote.http.W3CHttpResponseCodec.createException(W3CHttpResponseCodec.java:187)
at org.openqa.selenium.remote.http.W3CHttpResponseCodec.decode(W3CHttpResponseCodec.java:122)
at org.openqa.selenium.remote.http.W3CHttpResponseCodec.decode(W3CHttpResponseCodec.java:49)
at org.openqa.selenium.remote.HttpCommandExecutor.execute(HttpCommandExecutor.java:158)
at io.appium.java_client.remote.AppiumCommandExecutor.execute(AppiumCommandExecutor.java:239)
at org.openqa.selenium.remote.RemoteWebDriver.execute(RemoteWebDriver.java:552)
at io.appium.java_client.DefaultGenericMobileDriver.execute(DefaultGenericMobileDriver.java:42)
at io.appium.java_client.AppiumDriver.execute(AppiumDriver.java:1)
at io.appium.java_client.android.AndroidDriver.execute(AndroidDriver.java:1)
at org.openqa.selenium.remote.RemoteWebDriver.findElement(RemoteWebDriver.java:323)
at io.appium.java_client.DefaultGenericMobileDriver.findElement(DefaultGenericMobileDriver.java:62)
at io.appium.java_client.AppiumDriver.findElement(AppiumDriver.java:1)
at io.appium.java_client.android.AndroidDriver.findElement(AndroidDriver.java:1)
at org.openqa.selenium.remote.RemoteWebDriver.findElementByXPath(RemoteWebDriver.java:428)
at io.appium.java_client.DefaultGenericMobileDriver.findElementByXPath(DefaultGenericMobileDriver.java:152)
at io.appium.java_client.AppiumDriver.findElementByXPath(AppiumDriver.java:1)
at io.appium.java_client.android.AndroidDriver.findElementByXPath(AndroidDriver.java:1)
at org.openqa.selenium.By$ByXPath.findElement(By.java:353)
at org.openqa.selenium.remote.RemoteWebDriver.findElement(RemoteWebDriver.java:315)
at io.appium.java_client.DefaultGenericMobileDriver.findElement(DefaultGenericMobileDriver.java:58)
at io.appium.java_client.AppiumDriver.findElement(AppiumDriver.java:1)
at io.appium.java_client.android.AndroidDriver.findElement(AndroidDriver.java:1)
at Tests.Job_Management.testtwentyfive(Job_Management.java:616)
at java.base/java.util.ArrayList.forEach(ArrayList.java:1596)
... Removed 28 stack frames]]>
    </failure>
  </testcase> <!-- testtwentyfive -->
  <testcase classname="Tests.Job_Management" name="testtwentysix" time="3.036">
    <skipped/>
  </testcase> <!-- testtwentysix -->
  <testcase classname="Tests.Job_Management" name="testtwentysix" time="3.032">
    <skipped/>
  </testcase> <!-- testtwentysix -->
  <testcase classname="Tests.Job_Management" name="testtwentysix" time="3.035">
    <skipped/>
  </testcase> <!-- testtwentysix -->
  <testcase classname="Tests.Job_Management" name="testtwentysix" time="3.026">
    <failure type="org.openqa.selenium.WebDriverException" message="An unknown server-side error occurred while processing the command. Original error: &amp;apos;POST /element&amp;apos; cannot be proxied to UiAutomator2 server because the instrumentation process is not running (probably crashed). Check the server log and/or the logcat output for more details
Build info: version: &amp;apos;3.141.59&amp;apos;, revision: &amp;apos;e82be7d358&amp;apos;, time: &amp;apos;2018-11-14T08:17:03&amp;apos;
System info: host: &amp;apos;INTELLIFYLT021&amp;apos;, ip: &amp;apos;192.168.10.209&amp;apos;, os.name: &amp;apos;Windows 11&amp;apos;, os.arch: &amp;apos;amd64&amp;apos;, os.version: &amp;apos;10.0&amp;apos;, java.version: &amp;apos;21.0.8&amp;apos;
Driver info: io.appium.java_client.android.AndroidDriver
Capabilities {adbExecTimeout: 120000, app: C:\Users\subhashohal\Downlo..., appActivity: com.xometry.workcenter.prev..., appPackage: com.xometry.workcenter.prev..., automationName: UiAutomator2, databaseEnabled: false, desired: {adbExecTimeout: 120000, app: C:\Users\subhashohal\Downlo..., appActivity: com.xometry.workcenter.prev..., appPackage: com.xometry.workcenter.prev..., automationName: UiAutomator2, deviceName: vivo 1916, fullReset: false, newCommandTimeout: 300, noReset: false, platformName: android, platformVersion: 9, udid: 6609da97, uiautomator2ServerInstallTimeout: 60000, uiautomator2ServerLaunchTimeout: 60000}, deviceApiLevel: 28, deviceManufacturer: vivo, deviceModel: vivo 1916, deviceName: 6609da97, deviceScreenDensity: 320, deviceScreenSize: 720x1544, deviceUDID: 6609da97, fullReset: false, javascriptEnabled: true, locationContextEnabled: false, networkConnectionEnabled: true, newCommandTimeout: 300, noReset: false, pixelRatio: 2, platform: LINUX, platformName: Android, platformVersion: 9, statBarHeight: 56, takesScreenshot: true, udid: 6609da97, uiautomator2ServerInstallTimeout: 60000, uiautomator2ServerLaunchTimeout: 60000, viewportRect: {height: 1351, left: 0, top: 56, width: 720}, warnings: {}, webStorageEnabled: false}
Session ID: 6ee734ab-405c-4a09-a5b6-53b918533da8
*** Element info: {Using=xpath, value=//android.widget.ImageView[@content-desc=&amp;quot;arrowRight&amp;quot;]}">
      <![CDATA[org.openqa.selenium.WebDriverException: An unknown server-side error occurred while processing the command. Original error: 'POST /element' cannot be proxied to UiAutomator2 server because the instrumentation process is not running (probably crashed). Check the server log and/or the logcat output for more details
Build info: version: '3.141.59', revision: 'e82be7d358', time: '2018-11-14T08:17:03'
System info: host: 'INTELLIFYLT021', ip: '192.168.10.209', os.name: 'Windows 11', os.arch: 'amd64', os.version: '10.0', java.version: '21.0.8'
Driver info: io.appium.java_client.android.AndroidDriver
Capabilities {adbExecTimeout: 120000, app: C:\Users\subhashohal\Downlo..., appActivity: com.xometry.workcenter.prev..., appPackage: com.xometry.workcenter.prev..., automationName: UiAutomator2, databaseEnabled: false, desired: {adbExecTimeout: 120000, app: C:\Users\subhashohal\Downlo..., appActivity: com.xometry.workcenter.prev..., appPackage: com.xometry.workcenter.prev..., automationName: UiAutomator2, deviceName: vivo 1916, fullReset: false, newCommandTimeout: 300, noReset: false, platformName: android, platformVersion: 9, udid: 6609da97, uiautomator2ServerInstallTimeout: 60000, uiautomator2ServerLaunchTimeout: 60000}, deviceApiLevel: 28, deviceManufacturer: vivo, deviceModel: vivo 1916, deviceName: 6609da97, deviceScreenDensity: 320, deviceScreenSize: 720x1544, deviceUDID: 6609da97, fullReset: false, javascriptEnabled: true, locationContextEnabled: false, networkConnectionEnabled: true, newCommandTimeout: 300, noReset: false, pixelRatio: 2, platform: LINUX, platformName: Android, platformVersion: 9, statBarHeight: 56, takesScreenshot: true, udid: 6609da97, uiautomator2ServerInstallTimeout: 60000, uiautomator2ServerLaunchTimeout: 60000, viewportRect: {height: 1351, left: 0, top: 56, width: 720}, warnings: {}, webStorageEnabled: false}
Session ID: 6ee734ab-405c-4a09-a5b6-53b918533da8
*** Element info: {Using=xpath, value=//android.widget.ImageView[@content-desc="arrowRight"]}
at org.openqa.selenium.remote.http.W3CHttpResponseCodec.createException(W3CHttpResponseCodec.java:187)
at org.openqa.selenium.remote.http.W3CHttpResponseCodec.decode(W3CHttpResponseCodec.java:122)
at org.openqa.selenium.remote.http.W3CHttpResponseCodec.decode(W3CHttpResponseCodec.java:49)
at org.openqa.selenium.remote.HttpCommandExecutor.execute(HttpCommandExecutor.java:158)
at io.appium.java_client.remote.AppiumCommandExecutor.execute(AppiumCommandExecutor.java:239)
at org.openqa.selenium.remote.RemoteWebDriver.execute(RemoteWebDriver.java:552)
at io.appium.java_client.DefaultGenericMobileDriver.execute(DefaultGenericMobileDriver.java:42)
at io.appium.java_client.AppiumDriver.execute(AppiumDriver.java:1)
at io.appium.java_client.android.AndroidDriver.execute(AndroidDriver.java:1)
at org.openqa.selenium.remote.RemoteWebDriver.findElement(RemoteWebDriver.java:323)
at io.appium.java_client.DefaultGenericMobileDriver.findElement(DefaultGenericMobileDriver.java:62)
at io.appium.java_client.AppiumDriver.findElement(AppiumDriver.java:1)
at io.appium.java_client.android.AndroidDriver.findElement(AndroidDriver.java:1)
at org.openqa.selenium.remote.RemoteWebDriver.findElementByXPath(RemoteWebDriver.java:428)
at io.appium.java_client.DefaultGenericMobileDriver.findElementByXPath(DefaultGenericMobileDriver.java:152)
at io.appium.java_client.AppiumDriver.findElementByXPath(AppiumDriver.java:1)
at io.appium.java_client.android.AndroidDriver.findElementByXPath(AndroidDriver.java:1)
at org.openqa.selenium.By$ByXPath.findElement(By.java:353)
at org.openqa.selenium.remote.RemoteWebDriver.findElement(RemoteWebDriver.java:315)
at io.appium.java_client.DefaultGenericMobileDriver.findElement(DefaultGenericMobileDriver.java:58)
at io.appium.java_client.AppiumDriver.findElement(AppiumDriver.java:1)
at io.appium.java_client.android.AndroidDriver.findElement(AndroidDriver.java:1)
at Tests.Job_Management.testtwentysix(Job_Management.java:624)
at java.base/java.util.ArrayList.forEach(ArrayList.java:1596)
... Removed 28 stack frames]]>
    </failure>
  </testcase> <!-- testtwentysix -->
  <testcase classname="Tests.Job_Management" name="testtwentyseven" time="8.035"/>
  <testcase classname="Tests.Job_Management" name="testtwentyEight" time="3.029">
    <skipped/>
  </testcase> <!-- testtwentyEight -->
  <testcase classname="Tests.Job_Management" name="testtwentyEight" time="3.046">
    <skipped/>
  </testcase> <!-- testtwentyEight -->
  <testcase classname="Tests.Job_Management" name="testtwentyEight" time="3.034">
    <skipped/>
  </testcase> <!-- testtwentyEight -->
  <testcase classname="Tests.Job_Management" name="testtwentyEight" time="3.031">
    <failure type="org.openqa.selenium.WebDriverException" message="An unknown server-side error occurred while processing the command. Original error: &amp;apos;POST /element&amp;apos; cannot be proxied to UiAutomator2 server because the instrumentation process is not running (probably crashed). Check the server log and/or the logcat output for more details
Build info: version: &amp;apos;3.141.59&amp;apos;, revision: &amp;apos;e82be7d358&amp;apos;, time: &amp;apos;2018-11-14T08:17:03&amp;apos;
System info: host: &amp;apos;INTELLIFYLT021&amp;apos;, ip: &amp;apos;192.168.10.209&amp;apos;, os.name: &amp;apos;Windows 11&amp;apos;, os.arch: &amp;apos;amd64&amp;apos;, os.version: &amp;apos;10.0&amp;apos;, java.version: &amp;apos;21.0.8&amp;apos;
Driver info: io.appium.java_client.android.AndroidDriver
Capabilities {adbExecTimeout: 120000, app: C:\Users\subhashohal\Downlo..., appActivity: com.xometry.workcenter.prev..., appPackage: com.xometry.workcenter.prev..., automationName: UiAutomator2, databaseEnabled: false, desired: {adbExecTimeout: 120000, app: C:\Users\subhashohal\Downlo..., appActivity: com.xometry.workcenter.prev..., appPackage: com.xometry.workcenter.prev..., automationName: UiAutomator2, deviceName: vivo 1916, fullReset: false, newCommandTimeout: 300, noReset: false, platformName: android, platformVersion: 9, udid: 6609da97, uiautomator2ServerInstallTimeout: 60000, uiautomator2ServerLaunchTimeout: 60000}, deviceApiLevel: 28, deviceManufacturer: vivo, deviceModel: vivo 1916, deviceName: 6609da97, deviceScreenDensity: 320, deviceScreenSize: 720x1544, deviceUDID: 6609da97, fullReset: false, javascriptEnabled: true, locationContextEnabled: false, networkConnectionEnabled: true, newCommandTimeout: 300, noReset: false, pixelRatio: 2, platform: LINUX, platformName: Android, platformVersion: 9, statBarHeight: 56, takesScreenshot: true, udid: 6609da97, uiautomator2ServerInstallTimeout: 60000, uiautomator2ServerLaunchTimeout: 60000, viewportRect: {height: 1351, left: 0, top: 56, width: 720}, warnings: {}, webStorageEnabled: false}
Session ID: 6ee734ab-405c-4a09-a5b6-53b918533da8
*** Element info: {Using=xpath, value=//android.view.ViewGroup[@content-desc=&amp;quot;Download Part Files&amp;quot;]}">
      <![CDATA[org.openqa.selenium.WebDriverException: An unknown server-side error occurred while processing the command. Original error: 'POST /element' cannot be proxied to UiAutomator2 server because the instrumentation process is not running (probably crashed). Check the server log and/or the logcat output for more details
Build info: version: '3.141.59', revision: 'e82be7d358', time: '2018-11-14T08:17:03'
System info: host: 'INTELLIFYLT021', ip: '192.168.10.209', os.name: 'Windows 11', os.arch: 'amd64', os.version: '10.0', java.version: '21.0.8'
Driver info: io.appium.java_client.android.AndroidDriver
Capabilities {adbExecTimeout: 120000, app: C:\Users\subhashohal\Downlo..., appActivity: com.xometry.workcenter.prev..., appPackage: com.xometry.workcenter.prev..., automationName: UiAutomator2, databaseEnabled: false, desired: {adbExecTimeout: 120000, app: C:\Users\subhashohal\Downlo..., appActivity: com.xometry.workcenter.prev..., appPackage: com.xometry.workcenter.prev..., automationName: UiAutomator2, deviceName: vivo 1916, fullReset: false, newCommandTimeout: 300, noReset: false, platformName: android, platformVersion: 9, udid: 6609da97, uiautomator2ServerInstallTimeout: 60000, uiautomator2ServerLaunchTimeout: 60000}, deviceApiLevel: 28, deviceManufacturer: vivo, deviceModel: vivo 1916, deviceName: 6609da97, deviceScreenDensity: 320, deviceScreenSize: 720x1544, deviceUDID: 6609da97, fullReset: false, javascriptEnabled: true, locationContextEnabled: false, networkConnectionEnabled: true, newCommandTimeout: 300, noReset: false, pixelRatio: 2, platform: LINUX, platformName: Android, platformVersion: 9, statBarHeight: 56, takesScreenshot: true, udid: 6609da97, uiautomator2ServerInstallTimeout: 60000, uiautomator2ServerLaunchTimeout: 60000, viewportRect: {height: 1351, left: 0, top: 56, width: 720}, warnings: {}, webStorageEnabled: false}
Session ID: 6ee734ab-405c-4a09-a5b6-53b918533da8
*** Element info: {Using=xpath, value=//android.view.ViewGroup[@content-desc="Download Part Files"]}
at org.openqa.selenium.remote.http.W3CHttpResponseCodec.createException(W3CHttpResponseCodec.java:187)
at org.openqa.selenium.remote.http.W3CHttpResponseCodec.decode(W3CHttpResponseCodec.java:122)
at org.openqa.selenium.remote.http.W3CHttpResponseCodec.decode(W3CHttpResponseCodec.java:49)
at org.openqa.selenium.remote.HttpCommandExecutor.execute(HttpCommandExecutor.java:158)
at io.appium.java_client.remote.AppiumCommandExecutor.execute(AppiumCommandExecutor.java:239)
at org.openqa.selenium.remote.RemoteWebDriver.execute(RemoteWebDriver.java:552)
at io.appium.java_client.DefaultGenericMobileDriver.execute(DefaultGenericMobileDriver.java:42)
at io.appium.java_client.AppiumDriver.execute(AppiumDriver.java:1)
at io.appium.java_client.android.AndroidDriver.execute(AndroidDriver.java:1)
at org.openqa.selenium.remote.RemoteWebDriver.findElement(RemoteWebDriver.java:323)
at io.appium.java_client.DefaultGenericMobileDriver.findElement(DefaultGenericMobileDriver.java:62)
at io.appium.java_client.AppiumDriver.findElement(AppiumDriver.java:1)
at io.appium.java_client.android.AndroidDriver.findElement(AndroidDriver.java:1)
at org.openqa.selenium.remote.RemoteWebDriver.findElementByXPath(RemoteWebDriver.java:428)
at io.appium.java_client.DefaultGenericMobileDriver.findElementByXPath(DefaultGenericMobileDriver.java:152)
at io.appium.java_client.AppiumDriver.findElementByXPath(AppiumDriver.java:1)
at io.appium.java_client.android.AndroidDriver.findElementByXPath(AndroidDriver.java:1)
at org.openqa.selenium.By$ByXPath.findElement(By.java:353)
at org.openqa.selenium.remote.RemoteWebDriver.findElement(RemoteWebDriver.java:315)
at io.appium.java_client.DefaultGenericMobileDriver.findElement(DefaultGenericMobileDriver.java:58)
at io.appium.java_client.AppiumDriver.findElement(AppiumDriver.java:1)
at io.appium.java_client.android.AndroidDriver.findElement(AndroidDriver.java:1)
at Tests.Job_Management.testtwentyEight(Job_Management.java:656)
at java.base/java.util.ArrayList.forEach(ArrayList.java:1596)
... Removed 28 stack frames]]>
    </failure>
  </testcase> <!-- testtwentyEight -->
  <testcase classname="Tests.Job_Management" name="testtwentynine" time="0.0">
    <skipped/>
  </testcase> <!-- testtwentynine -->
  <testcase classname="Tests.Job_Management" name="testthirty" time="0.0">
    <skipped/>
  </testcase> <!-- testthirty -->
  <testcase classname="Tests.Job_Management" name="testthirtyone" time="0.0">
    <skipped/>
  </testcase> <!-- testthirtyone -->
  <testcase classname="Tests.Job_Management" name="testthirtytwo" time="0.001">
    <skipped/>
  </testcase> <!-- testthirtytwo -->
  <testcase classname="Tests.Job_Management" name="testthirtythree" time="8.038">
    <skipped/>
  </testcase> <!-- testthirtythree -->
  <testcase classname="Tests.Job_Management" name="testthirtythree" time="8.03">
    <skipped/>
  </testcase> <!-- testthirtythree -->
  <testcase classname="Tests.Job_Management" name="testthirtythree" time="8.033">
    <skipped/>
  </testcase> <!-- testthirtythree -->
  <testcase classname="Tests.Job_Management" name="testthirtythree" time="8.038">
    <failure type="org.openqa.selenium.WebDriverException" message="An unknown server-side error occurred while processing the command. Original error: &amp;apos;POST /element&amp;apos; cannot be proxied to UiAutomator2 server because the instrumentation process is not running (probably crashed). Check the server log and/or the logcat output for more details
Build info: version: &amp;apos;3.141.59&amp;apos;, revision: &amp;apos;e82be7d358&amp;apos;, time: &amp;apos;2018-11-14T08:17:03&amp;apos;
System info: host: &amp;apos;INTELLIFYLT021&amp;apos;, ip: &amp;apos;192.168.10.209&amp;apos;, os.name: &amp;apos;Windows 11&amp;apos;, os.arch: &amp;apos;amd64&amp;apos;, os.version: &amp;apos;10.0&amp;apos;, java.version: &amp;apos;21.0.8&amp;apos;
Driver info: io.appium.java_client.android.AndroidDriver
Capabilities {adbExecTimeout: 120000, app: C:\Users\subhashohal\Downlo..., appActivity: com.xometry.workcenter.prev..., appPackage: com.xometry.workcenter.prev..., automationName: UiAutomator2, databaseEnabled: false, desired: {adbExecTimeout: 120000, app: C:\Users\subhashohal\Downlo..., appActivity: com.xometry.workcenter.prev..., appPackage: com.xometry.workcenter.prev..., automationName: UiAutomator2, deviceName: vivo 1916, fullReset: false, newCommandTimeout: 300, noReset: false, platformName: android, platformVersion: 9, udid: 6609da97, uiautomator2ServerInstallTimeout: 60000, uiautomator2ServerLaunchTimeout: 60000}, deviceApiLevel: 28, deviceManufacturer: vivo, deviceModel: vivo 1916, deviceName: 6609da97, deviceScreenDensity: 320, deviceScreenSize: 720x1544, deviceUDID: 6609da97, fullReset: false, javascriptEnabled: true, locationContextEnabled: false, networkConnectionEnabled: true, newCommandTimeout: 300, noReset: false, pixelRatio: 2, platform: LINUX, platformName: Android, platformVersion: 9, statBarHeight: 56, takesScreenshot: true, udid: 6609da97, uiautomator2ServerInstallTimeout: 60000, uiautomator2ServerLaunchTimeout: 60000, viewportRect: {height: 1351, left: 0, top: 56, width: 720}, warnings: {}, webStorageEnabled: false}
Session ID: 6ee734ab-405c-4a09-a5b6-53b918533da8
*** Element info: {Using=accessibility id, value=STL}">
      <![CDATA[org.openqa.selenium.WebDriverException: An unknown server-side error occurred while processing the command. Original error: 'POST /element' cannot be proxied to UiAutomator2 server because the instrumentation process is not running (probably crashed). Check the server log and/or the logcat output for more details
Build info: version: '3.141.59', revision: 'e82be7d358', time: '2018-11-14T08:17:03'
System info: host: 'INTELLIFYLT021', ip: '192.168.10.209', os.name: 'Windows 11', os.arch: 'amd64', os.version: '10.0', java.version: '21.0.8'
Driver info: io.appium.java_client.android.AndroidDriver
Capabilities {adbExecTimeout: 120000, app: C:\Users\subhashohal\Downlo..., appActivity: com.xometry.workcenter.prev..., appPackage: com.xometry.workcenter.prev..., automationName: UiAutomator2, databaseEnabled: false, desired: {adbExecTimeout: 120000, app: C:\Users\subhashohal\Downlo..., appActivity: com.xometry.workcenter.prev..., appPackage: com.xometry.workcenter.prev..., automationName: UiAutomator2, deviceName: vivo 1916, fullReset: false, newCommandTimeout: 300, noReset: false, platformName: android, platformVersion: 9, udid: 6609da97, uiautomator2ServerInstallTimeout: 60000, uiautomator2ServerLaunchTimeout: 60000}, deviceApiLevel: 28, deviceManufacturer: vivo, deviceModel: vivo 1916, deviceName: 6609da97, deviceScreenDensity: 320, deviceScreenSize: 720x1544, deviceUDID: 6609da97, fullReset: false, javascriptEnabled: true, locationContextEnabled: false, networkConnectionEnabled: true, newCommandTimeout: 300, noReset: false, pixelRatio: 2, platform: LINUX, platformName: Android, platformVersion: 9, statBarHeight: 56, takesScreenshot: true, udid: 6609da97, uiautomator2ServerInstallTimeout: 60000, uiautomator2ServerLaunchTimeout: 60000, viewportRect: {height: 1351, left: 0, top: 56, width: 720}, warnings: {}, webStorageEnabled: false}
Session ID: 6ee734ab-405c-4a09-a5b6-53b918533da8
*** Element info: {Using=accessibility id, value=STL}
at org.openqa.selenium.remote.http.W3CHttpResponseCodec.createException(W3CHttpResponseCodec.java:187)
at org.openqa.selenium.remote.http.W3CHttpResponseCodec.decode(W3CHttpResponseCodec.java:122)
at org.openqa.selenium.remote.http.W3CHttpResponseCodec.decode(W3CHttpResponseCodec.java:49)
at org.openqa.selenium.remote.HttpCommandExecutor.execute(HttpCommandExecutor.java:158)
at io.appium.java_client.remote.AppiumCommandExecutor.execute(AppiumCommandExecutor.java:239)
at org.openqa.selenium.remote.RemoteWebDriver.execute(RemoteWebDriver.java:552)
at io.appium.java_client.DefaultGenericMobileDriver.execute(DefaultGenericMobileDriver.java:42)
at io.appium.java_client.AppiumDriver.execute(AppiumDriver.java:1)
at io.appium.java_client.android.AndroidDriver.execute(AndroidDriver.java:1)
at org.openqa.selenium.remote.RemoteWebDriver.findElement(RemoteWebDriver.java:323)
at io.appium.java_client.DefaultGenericMobileDriver.findElement(DefaultGenericMobileDriver.java:62)
at io.appium.java_client.AppiumDriver.findElement(AppiumDriver.java:1)
at io.appium.java_client.android.AndroidDriver.findElement(AndroidDriver.java:1)
at io.appium.java_client.FindsByAccessibilityId.findElementByAccessibilityId(FindsByAccessibilityId.java:37)
at io.appium.java_client.MobileBy$ByAccessibilityId.findElement(MobileBy.java:342)
at org.openqa.selenium.remote.RemoteWebDriver.findElement(RemoteWebDriver.java:315)
at io.appium.java_client.DefaultGenericMobileDriver.findElement(DefaultGenericMobileDriver.java:58)
at io.appium.java_client.AppiumDriver.findElement(AppiumDriver.java:1)
at io.appium.java_client.android.AndroidDriver.findElement(AndroidDriver.java:1)
at org.openqa.selenium.support.ui.ExpectedConditions$7.apply(ExpectedConditions.java:205)
at org.openqa.selenium.support.ui.ExpectedConditions$7.apply(ExpectedConditions.java:201)
at org.openqa.selenium.support.ui.FluentWait.until(FluentWait.java:249)
at Tests.Job_Management.testthirtythree(Job_Management.java:730)
at java.base/java.util.ArrayList.forEach(ArrayList.java:1596)
... Removed 28 stack frames]]>
    </failure>
  </testcase> <!-- testthirtythree -->
  <testcase classname="Tests.Job_Management" name="testthirtyfour" time="8.031">
    <skipped/>
  </testcase> <!-- testthirtyfour -->
  <testcase classname="Tests.Job_Management" name="testthirtyfour" time="8.038">
    <skipped/>
  </testcase> <!-- testthirtyfour -->
  <testcase classname="Tests.Job_Management" name="testthirtyfour" time="8.023">
    <skipped/>
  </testcase> <!-- testthirtyfour -->
  <testcase classname="Tests.Job_Management" name="testthirtyfour" time="8.022">
    <failure type="org.openqa.selenium.WebDriverException" message="An unknown server-side error occurred while processing the command. Original error: &amp;apos;POST /element&amp;apos; cannot be proxied to UiAutomator2 server because the instrumentation process is not running (probably crashed). Check the server log and/or the logcat output for more details
Build info: version: &amp;apos;3.141.59&amp;apos;, revision: &amp;apos;e82be7d358&amp;apos;, time: &amp;apos;2018-11-14T08:17:03&amp;apos;
System info: host: &amp;apos;INTELLIFYLT021&amp;apos;, ip: &amp;apos;192.168.10.209&amp;apos;, os.name: &amp;apos;Windows 11&amp;apos;, os.arch: &amp;apos;amd64&amp;apos;, os.version: &amp;apos;10.0&amp;apos;, java.version: &amp;apos;21.0.8&amp;apos;
Driver info: io.appium.java_client.android.AndroidDriver
Capabilities {adbExecTimeout: 120000, app: C:\Users\subhashohal\Downlo..., appActivity: com.xometry.workcenter.prev..., appPackage: com.xometry.workcenter.prev..., automationName: UiAutomator2, databaseEnabled: false, desired: {adbExecTimeout: 120000, app: C:\Users\subhashohal\Downlo..., appActivity: com.xometry.workcenter.prev..., appPackage: com.xometry.workcenter.prev..., automationName: UiAutomator2, deviceName: vivo 1916, fullReset: false, newCommandTimeout: 300, noReset: false, platformName: android, platformVersion: 9, udid: 6609da97, uiautomator2ServerInstallTimeout: 60000, uiautomator2ServerLaunchTimeout: 60000}, deviceApiLevel: 28, deviceManufacturer: vivo, deviceModel: vivo 1916, deviceName: 6609da97, deviceScreenDensity: 320, deviceScreenSize: 720x1544, deviceUDID: 6609da97, fullReset: false, javascriptEnabled: true, locationContextEnabled: false, networkConnectionEnabled: true, newCommandTimeout: 300, noReset: false, pixelRatio: 2, platform: LINUX, platformName: Android, platformVersion: 9, statBarHeight: 56, takesScreenshot: true, udid: 6609da97, uiautomator2ServerInstallTimeout: 60000, uiautomator2ServerLaunchTimeout: 60000, viewportRect: {height: 1351, left: 0, top: 56, width: 720}, warnings: {}, webStorageEnabled: false}
Session ID: 6ee734ab-405c-4a09-a5b6-53b918533da8
*** Element info: {Using=xpath, value=//android.view.ViewGroup[@content-desc=&amp;quot;STEP&amp;quot;]}">
      <![CDATA[org.openqa.selenium.WebDriverException: An unknown server-side error occurred while processing the command. Original error: 'POST /element' cannot be proxied to UiAutomator2 server because the instrumentation process is not running (probably crashed). Check the server log and/or the logcat output for more details
Build info: version: '3.141.59', revision: 'e82be7d358', time: '2018-11-14T08:17:03'
System info: host: 'INTELLIFYLT021', ip: '192.168.10.209', os.name: 'Windows 11', os.arch: 'amd64', os.version: '10.0', java.version: '21.0.8'
Driver info: io.appium.java_client.android.AndroidDriver
Capabilities {adbExecTimeout: 120000, app: C:\Users\subhashohal\Downlo..., appActivity: com.xometry.workcenter.prev..., appPackage: com.xometry.workcenter.prev..., automationName: UiAutomator2, databaseEnabled: false, desired: {adbExecTimeout: 120000, app: C:\Users\subhashohal\Downlo..., appActivity: com.xometry.workcenter.prev..., appPackage: com.xometry.workcenter.prev..., automationName: UiAutomator2, deviceName: vivo 1916, fullReset: false, newCommandTimeout: 300, noReset: false, platformName: android, platformVersion: 9, udid: 6609da97, uiautomator2ServerInstallTimeout: 60000, uiautomator2ServerLaunchTimeout: 60000}, deviceApiLevel: 28, deviceManufacturer: vivo, deviceModel: vivo 1916, deviceName: 6609da97, deviceScreenDensity: 320, deviceScreenSize: 720x1544, deviceUDID: 6609da97, fullReset: false, javascriptEnabled: true, locationContextEnabled: false, networkConnectionEnabled: true, newCommandTimeout: 300, noReset: false, pixelRatio: 2, platform: LINUX, platformName: Android, platformVersion: 9, statBarHeight: 56, takesScreenshot: true, udid: 6609da97, uiautomator2ServerInstallTimeout: 60000, uiautomator2ServerLaunchTimeout: 60000, viewportRect: {height: 1351, left: 0, top: 56, width: 720}, warnings: {}, webStorageEnabled: false}
Session ID: 6ee734ab-405c-4a09-a5b6-53b918533da8
*** Element info: {Using=xpath, value=//android.view.ViewGroup[@content-desc="STEP"]}
at org.openqa.selenium.remote.http.W3CHttpResponseCodec.createException(W3CHttpResponseCodec.java:187)
at org.openqa.selenium.remote.http.W3CHttpResponseCodec.decode(W3CHttpResponseCodec.java:122)
at org.openqa.selenium.remote.http.W3CHttpResponseCodec.decode(W3CHttpResponseCodec.java:49)
at org.openqa.selenium.remote.HttpCommandExecutor.execute(HttpCommandExecutor.java:158)
at io.appium.java_client.remote.AppiumCommandExecutor.execute(AppiumCommandExecutor.java:239)
at org.openqa.selenium.remote.RemoteWebDriver.execute(RemoteWebDriver.java:552)
at io.appium.java_client.DefaultGenericMobileDriver.execute(DefaultGenericMobileDriver.java:42)
at io.appium.java_client.AppiumDriver.execute(AppiumDriver.java:1)
at io.appium.java_client.android.AndroidDriver.execute(AndroidDriver.java:1)
at org.openqa.selenium.remote.RemoteWebDriver.findElement(RemoteWebDriver.java:323)
at io.appium.java_client.DefaultGenericMobileDriver.findElement(DefaultGenericMobileDriver.java:62)
at io.appium.java_client.AppiumDriver.findElement(AppiumDriver.java:1)
at io.appium.java_client.android.AndroidDriver.findElement(AndroidDriver.java:1)
at org.openqa.selenium.remote.RemoteWebDriver.findElementByXPath(RemoteWebDriver.java:428)
at io.appium.java_client.DefaultGenericMobileDriver.findElementByXPath(DefaultGenericMobileDriver.java:152)
at io.appium.java_client.AppiumDriver.findElementByXPath(AppiumDriver.java:1)
at io.appium.java_client.android.AndroidDriver.findElementByXPath(AndroidDriver.java:1)
at org.openqa.selenium.By$ByXPath.findElement(By.java:353)
at org.openqa.selenium.remote.RemoteWebDriver.findElement(RemoteWebDriver.java:315)
at io.appium.java_client.DefaultGenericMobileDriver.findElement(DefaultGenericMobileDriver.java:58)
at io.appium.java_client.AppiumDriver.findElement(AppiumDriver.java:1)
at io.appium.java_client.android.AndroidDriver.findElement(AndroidDriver.java:1)
at Tests.Job_Management.testthirtyfour(Job_Management.java:746)
at java.base/java.util.ArrayList.forEach(ArrayList.java:1596)
... Removed 28 stack frames]]>
    </failure>
  </testcase> <!-- testthirtyfour -->
  <testcase classname="Tests.Job_Management" name="testthirtyFive" time="3.036">
    <skipped/>
  </testcase> <!-- testthirtyFive -->
  <testcase classname="Tests.Job_Management" name="testthirtyFive" time="3.032">
    <skipped/>
  </testcase> <!-- testthirtyFive -->
  <testcase classname="Tests.Job_Management" name="testthirtyFive" time="3.037">
    <skipped/>
  </testcase> <!-- testthirtyFive -->
  <testcase classname="Tests.Job_Management" name="testthirtyFive" time="3.029">
    <failure type="org.openqa.selenium.WebDriverException" message="An unknown server-side error occurred while processing the command. Original error: &amp;apos;POST /element&amp;apos; cannot be proxied to UiAutomator2 server because the instrumentation process is not running (probably crashed). Check the server log and/or the logcat output for more details
Build info: version: &amp;apos;3.141.59&amp;apos;, revision: &amp;apos;e82be7d358&amp;apos;, time: &amp;apos;2018-11-14T08:17:03&amp;apos;
System info: host: &amp;apos;INTELLIFYLT021&amp;apos;, ip: &amp;apos;192.168.10.209&amp;apos;, os.name: &amp;apos;Windows 11&amp;apos;, os.arch: &amp;apos;amd64&amp;apos;, os.version: &amp;apos;10.0&amp;apos;, java.version: &amp;apos;21.0.8&amp;apos;
Driver info: io.appium.java_client.android.AndroidDriver
Capabilities {adbExecTimeout: 120000, app: C:\Users\subhashohal\Downlo..., appActivity: com.xometry.workcenter.prev..., appPackage: com.xometry.workcenter.prev..., automationName: UiAutomator2, databaseEnabled: false, desired: {adbExecTimeout: 120000, app: C:\Users\subhashohal\Downlo..., appActivity: com.xometry.workcenter.prev..., appPackage: com.xometry.workcenter.prev..., automationName: UiAutomator2, deviceName: vivo 1916, fullReset: false, newCommandTimeout: 300, noReset: false, platformName: android, platformVersion: 9, udid: 6609da97, uiautomator2ServerInstallTimeout: 60000, uiautomator2ServerLaunchTimeout: 60000}, deviceApiLevel: 28, deviceManufacturer: vivo, deviceModel: vivo 1916, deviceName: 6609da97, deviceScreenDensity: 320, deviceScreenSize: 720x1544, deviceUDID: 6609da97, fullReset: false, javascriptEnabled: true, locationContextEnabled: false, networkConnectionEnabled: true, newCommandTimeout: 300, noReset: false, pixelRatio: 2, platform: LINUX, platformName: Android, platformVersion: 9, statBarHeight: 56, takesScreenshot: true, udid: 6609da97, uiautomator2ServerInstallTimeout: 60000, uiautomator2ServerLaunchTimeout: 60000, viewportRect: {height: 1351, left: 0, top: 56, width: 720}, warnings: {}, webStorageEnabled: false}
Session ID: 6ee734ab-405c-4a09-a5b6-53b918533da8
*** Element info: {Using=xpath, value=//android.view.ViewGroup[@content-desc=&amp;quot;PART&amp;quot;]}">
      <![CDATA[org.openqa.selenium.WebDriverException: An unknown server-side error occurred while processing the command. Original error: 'POST /element' cannot be proxied to UiAutomator2 server because the instrumentation process is not running (probably crashed). Check the server log and/or the logcat output for more details
Build info: version: '3.141.59', revision: 'e82be7d358', time: '2018-11-14T08:17:03'
System info: host: 'INTELLIFYLT021', ip: '192.168.10.209', os.name: 'Windows 11', os.arch: 'amd64', os.version: '10.0', java.version: '21.0.8'
Driver info: io.appium.java_client.android.AndroidDriver
Capabilities {adbExecTimeout: 120000, app: C:\Users\subhashohal\Downlo..., appActivity: com.xometry.workcenter.prev..., appPackage: com.xometry.workcenter.prev..., automationName: UiAutomator2, databaseEnabled: false, desired: {adbExecTimeout: 120000, app: C:\Users\subhashohal\Downlo..., appActivity: com.xometry.workcenter.prev..., appPackage: com.xometry.workcenter.prev..., automationName: UiAutomator2, deviceName: vivo 1916, fullReset: false, newCommandTimeout: 300, noReset: false, platformName: android, platformVersion: 9, udid: 6609da97, uiautomator2ServerInstallTimeout: 60000, uiautomator2ServerLaunchTimeout: 60000}, deviceApiLevel: 28, deviceManufacturer: vivo, deviceModel: vivo 1916, deviceName: 6609da97, deviceScreenDensity: 320, deviceScreenSize: 720x1544, deviceUDID: 6609da97, fullReset: false, javascriptEnabled: true, locationContextEnabled: false, networkConnectionEnabled: true, newCommandTimeout: 300, noReset: false, pixelRatio: 2, platform: LINUX, platformName: Android, platformVersion: 9, statBarHeight: 56, takesScreenshot: true, udid: 6609da97, uiautomator2ServerInstallTimeout: 60000, uiautomator2ServerLaunchTimeout: 60000, viewportRect: {height: 1351, left: 0, top: 56, width: 720}, warnings: {}, webStorageEnabled: false}
Session ID: 6ee734ab-405c-4a09-a5b6-53b918533da8
*** Element info: {Using=xpath, value=//android.view.ViewGroup[@content-desc="PART"]}
at org.openqa.selenium.remote.http.W3CHttpResponseCodec.createException(W3CHttpResponseCodec.java:187)
at org.openqa.selenium.remote.http.W3CHttpResponseCodec.decode(W3CHttpResponseCodec.java:122)
at org.openqa.selenium.remote.http.W3CHttpResponseCodec.decode(W3CHttpResponseCodec.java:49)
at org.openqa.selenium.remote.HttpCommandExecutor.execute(HttpCommandExecutor.java:158)
at io.appium.java_client.remote.AppiumCommandExecutor.execute(AppiumCommandExecutor.java:239)
at org.openqa.selenium.remote.RemoteWebDriver.execute(RemoteWebDriver.java:552)
at io.appium.java_client.DefaultGenericMobileDriver.execute(DefaultGenericMobileDriver.java:42)
at io.appium.java_client.AppiumDriver.execute(AppiumDriver.java:1)
at io.appium.java_client.android.AndroidDriver.execute(AndroidDriver.java:1)
at org.openqa.selenium.remote.RemoteWebDriver.findElement(RemoteWebDriver.java:323)
at io.appium.java_client.DefaultGenericMobileDriver.findElement(DefaultGenericMobileDriver.java:62)
at io.appium.java_client.AppiumDriver.findElement(AppiumDriver.java:1)
at io.appium.java_client.android.AndroidDriver.findElement(AndroidDriver.java:1)
at org.openqa.selenium.remote.RemoteWebDriver.findElementByXPath(RemoteWebDriver.java:428)
at io.appium.java_client.DefaultGenericMobileDriver.findElementByXPath(DefaultGenericMobileDriver.java:152)
at io.appium.java_client.AppiumDriver.findElementByXPath(AppiumDriver.java:1)
at io.appium.java_client.android.AndroidDriver.findElementByXPath(AndroidDriver.java:1)
at org.openqa.selenium.By$ByXPath.findElement(By.java:353)
at org.openqa.selenium.remote.RemoteWebDriver.findElement(RemoteWebDriver.java:315)
at io.appium.java_client.DefaultGenericMobileDriver.findElement(DefaultGenericMobileDriver.java:58)
at io.appium.java_client.AppiumDriver.findElement(AppiumDriver.java:1)
at io.appium.java_client.android.AndroidDriver.findElement(AndroidDriver.java:1)
at Tests.Job_Management.testthirtyFive(Job_Management.java:758)
at java.base/java.util.ArrayList.forEach(ArrayList.java:1596)
... Removed 28 stack frames]]>
    </failure>
  </testcase> <!-- testthirtyFive -->
  <testcase classname="Tests.Job_Management" name="testthirtysix" time="3.038">
    <failure type="org.openqa.selenium.WebDriverException" message="An unknown server-side error occurred while processing the command. Original error: &amp;apos;POST /element&amp;apos; cannot be proxied to UiAutomator2 server because the instrumentation process is not running (probably crashed). Check the server log and/or the logcat output for more details
Build info: version: &amp;apos;3.141.59&amp;apos;, revision: &amp;apos;e82be7d358&amp;apos;, time: &amp;apos;2018-11-14T08:17:03&amp;apos;
System info: host: &amp;apos;INTELLIFYLT021&amp;apos;, ip: &amp;apos;192.168.10.209&amp;apos;, os.name: &amp;apos;Windows 11&amp;apos;, os.arch: &amp;apos;amd64&amp;apos;, os.version: &amp;apos;10.0&amp;apos;, java.version: &amp;apos;21.0.8&amp;apos;
Driver info: io.appium.java_client.android.AndroidDriver
Capabilities {adbExecTimeout: 120000, app: C:\Users\subhashohal\Downlo..., appActivity: com.xometry.workcenter.prev..., appPackage: com.xometry.workcenter.prev..., automationName: UiAutomator2, databaseEnabled: false, desired: {adbExecTimeout: 120000, app: C:\Users\subhashohal\Downlo..., appActivity: com.xometry.workcenter.prev..., appPackage: com.xometry.workcenter.prev..., automationName: UiAutomator2, deviceName: vivo 1916, fullReset: false, newCommandTimeout: 300, noReset: false, platformName: android, platformVersion: 9, udid: 6609da97, uiautomator2ServerInstallTimeout: 60000, uiautomator2ServerLaunchTimeout: 60000}, deviceApiLevel: 28, deviceManufacturer: vivo, deviceModel: vivo 1916, deviceName: 6609da97, deviceScreenDensity: 320, deviceScreenSize: 720x1544, deviceUDID: 6609da97, fullReset: false, javascriptEnabled: true, locationContextEnabled: false, networkConnectionEnabled: true, newCommandTimeout: 300, noReset: false, pixelRatio: 2, platform: LINUX, platformName: Android, platformVersion: 9, statBarHeight: 56, takesScreenshot: true, udid: 6609da97, uiautomator2ServerInstallTimeout: 60000, uiautomator2ServerLaunchTimeout: 60000, viewportRect: {height: 1351, left: 0, top: 56, width: 720}, warnings: {}, webStorageEnabled: false}
Session ID: 6ee734ab-405c-4a09-a5b6-53b918533da8
*** Element info: {Using=xpath, value=//android.view.ViewGroup[@content-desc=&amp;quot;Part Details&amp;quot;]}">
      <![CDATA[org.openqa.selenium.WebDriverException: An unknown server-side error occurred while processing the command. Original error: 'POST /element' cannot be proxied to UiAutomator2 server because the instrumentation process is not running (probably crashed). Check the server log and/or the logcat output for more details
Build info: version: '3.141.59', revision: 'e82be7d358', time: '2018-11-14T08:17:03'
System info: host: 'INTELLIFYLT021', ip: '192.168.10.209', os.name: 'Windows 11', os.arch: 'amd64', os.version: '10.0', java.version: '21.0.8'
Driver info: io.appium.java_client.android.AndroidDriver
Capabilities {adbExecTimeout: 120000, app: C:\Users\subhashohal\Downlo..., appActivity: com.xometry.workcenter.prev..., appPackage: com.xometry.workcenter.prev..., automationName: UiAutomator2, databaseEnabled: false, desired: {adbExecTimeout: 120000, app: C:\Users\subhashohal\Downlo..., appActivity: com.xometry.workcenter.prev..., appPackage: com.xometry.workcenter.prev..., automationName: UiAutomator2, deviceName: vivo 1916, fullReset: false, newCommandTimeout: 300, noReset: false, platformName: android, platformVersion: 9, udid: 6609da97, uiautomator2ServerInstallTimeout: 60000, uiautomator2ServerLaunchTimeout: 60000}, deviceApiLevel: 28, deviceManufacturer: vivo, deviceModel: vivo 1916, deviceName: 6609da97, deviceScreenDensity: 320, deviceScreenSize: 720x1544, deviceUDID: 6609da97, fullReset: false, javascriptEnabled: true, locationContextEnabled: false, networkConnectionEnabled: true, newCommandTimeout: 300, noReset: false, pixelRatio: 2, platform: LINUX, platformName: Android, platformVersion: 9, statBarHeight: 56, takesScreenshot: true, udid: 6609da97, uiautomator2ServerInstallTimeout: 60000, uiautomator2ServerLaunchTimeout: 60000, viewportRect: {height: 1351, left: 0, top: 56, width: 720}, warnings: {}, webStorageEnabled: false}
Session ID: 6ee734ab-405c-4a09-a5b6-53b918533da8
*** Element info: {Using=xpath, value=//android.view.ViewGroup[@content-desc="Part Details"]}
at org.openqa.selenium.remote.http.W3CHttpResponseCodec.createException(W3CHttpResponseCodec.java:187)
at org.openqa.selenium.remote.http.W3CHttpResponseCodec.decode(W3CHttpResponseCodec.java:122)
at org.openqa.selenium.remote.http.W3CHttpResponseCodec.decode(W3CHttpResponseCodec.java:49)
at org.openqa.selenium.remote.HttpCommandExecutor.execute(HttpCommandExecutor.java:158)
at io.appium.java_client.remote.AppiumCommandExecutor.execute(AppiumCommandExecutor.java:239)
at org.openqa.selenium.remote.RemoteWebDriver.execute(RemoteWebDriver.java:552)
at io.appium.java_client.DefaultGenericMobileDriver.execute(DefaultGenericMobileDriver.java:42)
at io.appium.java_client.AppiumDriver.execute(AppiumDriver.java:1)
at io.appium.java_client.android.AndroidDriver.execute(AndroidDriver.java:1)
at org.openqa.selenium.remote.RemoteWebDriver.findElement(RemoteWebDriver.java:323)
at io.appium.java_client.DefaultGenericMobileDriver.findElement(DefaultGenericMobileDriver.java:62)
at io.appium.java_client.AppiumDriver.findElement(AppiumDriver.java:1)
at io.appium.java_client.android.AndroidDriver.findElement(AndroidDriver.java:1)
at org.openqa.selenium.remote.RemoteWebDriver.findElementByXPath(RemoteWebDriver.java:428)
at io.appium.java_client.DefaultGenericMobileDriver.findElementByXPath(DefaultGenericMobileDriver.java:152)
at io.appium.java_client.AppiumDriver.findElementByXPath(AppiumDriver.java:1)
at io.appium.java_client.android.AndroidDriver.findElementByXPath(AndroidDriver.java:1)
at org.openqa.selenium.By$ByXPath.findElement(By.java:353)
at org.openqa.selenium.remote.RemoteWebDriver.findElement(RemoteWebDriver.java:315)
at io.appium.java_client.DefaultGenericMobileDriver.findElement(DefaultGenericMobileDriver.java:58)
at io.appium.java_client.AppiumDriver.findElement(AppiumDriver.java:1)
at io.appium.java_client.android.AndroidDriver.findElement(AndroidDriver.java:1)
at Tests.Job_Management.testthirtysix(Job_Management.java:1491)
at java.base/java.util.ArrayList.forEach(ArrayList.java:1596)
... Removed 28 stack frames]]>
    </failure>
  </testcase> <!-- testthirtysix -->
  <testcase classname="Tests.Job_Management" name="testthirtyseven" time="8.025"/>
  <testcase classname="Tests.Job_Management" name="testthirtyEight" time="9.092"/>
  <testcase classname="Tests.Job_Management" name="testthirtyNine" time="3.038"/>
  <testcase classname="Tests.Job_Management" name="testForty" time="3.03">
    <skipped/>
  </testcase> <!-- testForty -->
  <testcase classname="Tests.Job_Management" name="testForty" time="3.028">
    <skipped/>
  </testcase> <!-- testForty -->
  <testcase classname="Tests.Job_Management" name="testForty" time="3.032">
    <skipped/>
  </testcase> <!-- testForty -->
  <testcase classname="Tests.Job_Management" name="testForty" time="3.03">
    <failure type="org.openqa.selenium.WebDriverException" message="An unknown server-side error occurred while processing the command. Original error: &amp;apos;POST /element&amp;apos; cannot be proxied to UiAutomator2 server because the instrumentation process is not running (probably crashed). Check the server log and/or the logcat output for more details
Build info: version: &amp;apos;3.141.59&amp;apos;, revision: &amp;apos;e82be7d358&amp;apos;, time: &amp;apos;2018-11-14T08:17:03&amp;apos;
System info: host: &amp;apos;INTELLIFYLT021&amp;apos;, ip: &amp;apos;192.168.10.209&amp;apos;, os.name: &amp;apos;Windows 11&amp;apos;, os.arch: &amp;apos;amd64&amp;apos;, os.version: &amp;apos;10.0&amp;apos;, java.version: &amp;apos;21.0.8&amp;apos;
Driver info: io.appium.java_client.android.AndroidDriver
Capabilities {adbExecTimeout: 120000, app: C:\Users\subhashohal\Downlo..., appActivity: com.xometry.workcenter.prev..., appPackage: com.xometry.workcenter.prev..., automationName: UiAutomator2, databaseEnabled: false, desired: {adbExecTimeout: 120000, app: C:\Users\subhashohal\Downlo..., appActivity: com.xometry.workcenter.prev..., appPackage: com.xometry.workcenter.prev..., automationName: UiAutomator2, deviceName: vivo 1916, fullReset: false, newCommandTimeout: 300, noReset: false, platformName: android, platformVersion: 9, udid: 6609da97, uiautomator2ServerInstallTimeout: 60000, uiautomator2ServerLaunchTimeout: 60000}, deviceApiLevel: 28, deviceManufacturer: vivo, deviceModel: vivo 1916, deviceName: 6609da97, deviceScreenDensity: 320, deviceScreenSize: 720x1544, deviceUDID: 6609da97, fullReset: false, javascriptEnabled: true, locationContextEnabled: false, networkConnectionEnabled: true, newCommandTimeout: 300, noReset: false, pixelRatio: 2, platform: LINUX, platformName: Android, platformVersion: 9, statBarHeight: 56, takesScreenshot: true, udid: 6609da97, uiautomator2ServerInstallTimeout: 60000, uiautomator2ServerLaunchTimeout: 60000, viewportRect: {height: 1351, left: 0, top: 56, width: 720}, warnings: {}, webStorageEnabled: false}
Session ID: 6ee734ab-405c-4a09-a5b6-53b918533da8
*** Element info: {Using=xpath, value=//android.view.ViewGroup[@content-desc=&amp;quot;Subtasks&amp;quot;]}">
      <![CDATA[org.openqa.selenium.WebDriverException: An unknown server-side error occurred while processing the command. Original error: 'POST /element' cannot be proxied to UiAutomator2 server because the instrumentation process is not running (probably crashed). Check the server log and/or the logcat output for more details
Build info: version: '3.141.59', revision: 'e82be7d358', time: '2018-11-14T08:17:03'
System info: host: 'INTELLIFYLT021', ip: '192.168.10.209', os.name: 'Windows 11', os.arch: 'amd64', os.version: '10.0', java.version: '21.0.8'
Driver info: io.appium.java_client.android.AndroidDriver
Capabilities {adbExecTimeout: 120000, app: C:\Users\subhashohal\Downlo..., appActivity: com.xometry.workcenter.prev..., appPackage: com.xometry.workcenter.prev..., automationName: UiAutomator2, databaseEnabled: false, desired: {adbExecTimeout: 120000, app: C:\Users\subhashohal\Downlo..., appActivity: com.xometry.workcenter.prev..., appPackage: com.xometry.workcenter.prev..., automationName: UiAutomator2, deviceName: vivo 1916, fullReset: false, newCommandTimeout: 300, noReset: false, platformName: android, platformVersion: 9, udid: 6609da97, uiautomator2ServerInstallTimeout: 60000, uiautomator2ServerLaunchTimeout: 60000}, deviceApiLevel: 28, deviceManufacturer: vivo, deviceModel: vivo 1916, deviceName: 6609da97, deviceScreenDensity: 320, deviceScreenSize: 720x1544, deviceUDID: 6609da97, fullReset: false, javascriptEnabled: true, locationContextEnabled: false, networkConnectionEnabled: true, newCommandTimeout: 300, noReset: false, pixelRatio: 2, platform: LINUX, platformName: Android, platformVersion: 9, statBarHeight: 56, takesScreenshot: true, udid: 6609da97, uiautomator2ServerInstallTimeout: 60000, uiautomator2ServerLaunchTimeout: 60000, viewportRect: {height: 1351, left: 0, top: 56, width: 720}, warnings: {}, webStorageEnabled: false}
Session ID: 6ee734ab-405c-4a09-a5b6-53b918533da8
*** Element info: {Using=xpath, value=//android.view.ViewGroup[@content-desc="Subtasks"]}
at org.openqa.selenium.remote.http.W3CHttpResponseCodec.createException(W3CHttpResponseCodec.java:187)
at org.openqa.selenium.remote.http.W3CHttpResponseCodec.decode(W3CHttpResponseCodec.java:122)
at org.openqa.selenium.remote.http.W3CHttpResponseCodec.decode(W3CHttpResponseCodec.java:49)
at org.openqa.selenium.remote.HttpCommandExecutor.execute(HttpCommandExecutor.java:158)
at io.appium.java_client.remote.AppiumCommandExecutor.execute(AppiumCommandExecutor.java:239)
at org.openqa.selenium.remote.RemoteWebDriver.execute(RemoteWebDriver.java:552)
at io.appium.java_client.DefaultGenericMobileDriver.execute(DefaultGenericMobileDriver.java:42)
at io.appium.java_client.AppiumDriver.execute(AppiumDriver.java:1)
at io.appium.java_client.android.AndroidDriver.execute(AndroidDriver.java:1)
at org.openqa.selenium.remote.RemoteWebDriver.findElement(RemoteWebDriver.java:323)
at io.appium.java_client.DefaultGenericMobileDriver.findElement(DefaultGenericMobileDriver.java:62)
at io.appium.java_client.AppiumDriver.findElement(AppiumDriver.java:1)
at io.appium.java_client.android.AndroidDriver.findElement(AndroidDriver.java:1)
at org.openqa.selenium.remote.RemoteWebDriver.findElementByXPath(RemoteWebDriver.java:428)
at io.appium.java_client.DefaultGenericMobileDriver.findElementByXPath(DefaultGenericMobileDriver.java:152)
at io.appium.java_client.AppiumDriver.findElementByXPath(AppiumDriver.java:1)
at io.appium.java_client.android.AndroidDriver.findElementByXPath(AndroidDriver.java:1)
at org.openqa.selenium.By$ByXPath.findElement(By.java:353)
at org.openqa.selenium.remote.RemoteWebDriver.findElement(RemoteWebDriver.java:315)
at io.appium.java_client.DefaultGenericMobileDriver.findElement(DefaultGenericMobileDriver.java:58)
at io.appium.java_client.AppiumDriver.findElement(AppiumDriver.java:1)
at io.appium.java_client.android.AndroidDriver.findElement(AndroidDriver.java:1)
at Tests.Job_Management.testForty(Job_Management.java:1559)
at java.base/java.util.ArrayList.forEach(ArrayList.java:1596)
... Removed 28 stack frames]]>
    </failure>
  </testcase> <!-- testForty -->
  <testcase classname="Tests.Job_Management" name="testUploadFileFromGallery" time="0.013"/>
  <testcase classname="Tests.Job_Management" name="testFortytwo" time="3.038">
    <skipped/>
  </testcase> <!-- testFortytwo -->
  <testcase classname="Tests.Job_Management" name="testFortytwo" time="3.036">
    <skipped/>
  </testcase> <!-- testFortytwo -->
  <testcase classname="Tests.Job_Management" name="testFortytwo" time="3.032">
    <skipped/>
  </testcase> <!-- testFortytwo -->
  <testcase classname="Tests.Job_Management" name="testFortytwo" time="3.034">
    <failure type="org.openqa.selenium.WebDriverException" message="An unknown server-side error occurred while processing the command. Original error: &amp;apos;POST /element&amp;apos; cannot be proxied to UiAutomator2 server because the instrumentation process is not running (probably crashed). Check the server log and/or the logcat output for more details
Build info: version: &amp;apos;3.141.59&amp;apos;, revision: &amp;apos;e82be7d358&amp;apos;, time: &amp;apos;2018-11-14T08:17:03&amp;apos;
System info: host: &amp;apos;INTELLIFYLT021&amp;apos;, ip: &amp;apos;192.168.10.209&amp;apos;, os.name: &amp;apos;Windows 11&amp;apos;, os.arch: &amp;apos;amd64&amp;apos;, os.version: &amp;apos;10.0&amp;apos;, java.version: &amp;apos;21.0.8&amp;apos;
Driver info: io.appium.java_client.android.AndroidDriver
Capabilities {adbExecTimeout: 120000, app: C:\Users\subhashohal\Downlo..., appActivity: com.xometry.workcenter.prev..., appPackage: com.xometry.workcenter.prev..., automationName: UiAutomator2, databaseEnabled: false, desired: {adbExecTimeout: 120000, app: C:\Users\subhashohal\Downlo..., appActivity: com.xometry.workcenter.prev..., appPackage: com.xometry.workcenter.prev..., automationName: UiAutomator2, deviceName: vivo 1916, fullReset: false, newCommandTimeout: 300, noReset: false, platformName: android, platformVersion: 9, udid: 6609da97, uiautomator2ServerInstallTimeout: 60000, uiautomator2ServerLaunchTimeout: 60000}, deviceApiLevel: 28, deviceManufacturer: vivo, deviceModel: vivo 1916, deviceName: 6609da97, deviceScreenDensity: 320, deviceScreenSize: 720x1544, deviceUDID: 6609da97, fullReset: false, javascriptEnabled: true, locationContextEnabled: false, networkConnectionEnabled: true, newCommandTimeout: 300, noReset: false, pixelRatio: 2, platform: LINUX, platformName: Android, platformVersion: 9, statBarHeight: 56, takesScreenshot: true, udid: 6609da97, uiautomator2ServerInstallTimeout: 60000, uiautomator2ServerLaunchTimeout: 60000, viewportRect: {height: 1351, left: 0, top: 56, width: 720}, warnings: {}, webStorageEnabled: false}
Session ID: 6ee734ab-405c-4a09-a5b6-53b918533da8
*** Element info: {Using=xpath, value=//android.view.ViewGroup[@content-desc=&amp;quot;In Progress&amp;quot;]}">
      <![CDATA[org.openqa.selenium.WebDriverException: An unknown server-side error occurred while processing the command. Original error: 'POST /element' cannot be proxied to UiAutomator2 server because the instrumentation process is not running (probably crashed). Check the server log and/or the logcat output for more details
Build info: version: '3.141.59', revision: 'e82be7d358', time: '2018-11-14T08:17:03'
System info: host: 'INTELLIFYLT021', ip: '192.168.10.209', os.name: 'Windows 11', os.arch: 'amd64', os.version: '10.0', java.version: '21.0.8'
Driver info: io.appium.java_client.android.AndroidDriver
Capabilities {adbExecTimeout: 120000, app: C:\Users\subhashohal\Downlo..., appActivity: com.xometry.workcenter.prev..., appPackage: com.xometry.workcenter.prev..., automationName: UiAutomator2, databaseEnabled: false, desired: {adbExecTimeout: 120000, app: C:\Users\subhashohal\Downlo..., appActivity: com.xometry.workcenter.prev..., appPackage: com.xometry.workcenter.prev..., automationName: UiAutomator2, deviceName: vivo 1916, fullReset: false, newCommandTimeout: 300, noReset: false, platformName: android, platformVersion: 9, udid: 6609da97, uiautomator2ServerInstallTimeout: 60000, uiautomator2ServerLaunchTimeout: 60000}, deviceApiLevel: 28, deviceManufacturer: vivo, deviceModel: vivo 1916, deviceName: 6609da97, deviceScreenDensity: 320, deviceScreenSize: 720x1544, deviceUDID: 6609da97, fullReset: false, javascriptEnabled: true, locationContextEnabled: false, networkConnectionEnabled: true, newCommandTimeout: 300, noReset: false, pixelRatio: 2, platform: LINUX, platformName: Android, platformVersion: 9, statBarHeight: 56, takesScreenshot: true, udid: 6609da97, uiautomator2ServerInstallTimeout: 60000, uiautomator2ServerLaunchTimeout: 60000, viewportRect: {height: 1351, left: 0, top: 56, width: 720}, warnings: {}, webStorageEnabled: false}
Session ID: 6ee734ab-405c-4a09-a5b6-53b918533da8
*** Element info: {Using=xpath, value=//android.view.ViewGroup[@content-desc="In Progress"]}
at org.openqa.selenium.remote.http.W3CHttpResponseCodec.createException(W3CHttpResponseCodec.java:187)
at org.openqa.selenium.remote.http.W3CHttpResponseCodec.decode(W3CHttpResponseCodec.java:122)
at org.openqa.selenium.remote.http.W3CHttpResponseCodec.decode(W3CHttpResponseCodec.java:49)
at org.openqa.selenium.remote.HttpCommandExecutor.execute(HttpCommandExecutor.java:158)
at io.appium.java_client.remote.AppiumCommandExecutor.execute(AppiumCommandExecutor.java:239)
at org.openqa.selenium.remote.RemoteWebDriver.execute(RemoteWebDriver.java:552)
at io.appium.java_client.DefaultGenericMobileDriver.execute(DefaultGenericMobileDriver.java:42)
at io.appium.java_client.AppiumDriver.execute(AppiumDriver.java:1)
at io.appium.java_client.android.AndroidDriver.execute(AndroidDriver.java:1)
at org.openqa.selenium.remote.RemoteWebDriver.findElement(RemoteWebDriver.java:323)
at io.appium.java_client.DefaultGenericMobileDriver.findElement(DefaultGenericMobileDriver.java:62)
at io.appium.java_client.AppiumDriver.findElement(AppiumDriver.java:1)
at io.appium.java_client.android.AndroidDriver.findElement(AndroidDriver.java:1)
at org.openqa.selenium.remote.RemoteWebDriver.findElementByXPath(RemoteWebDriver.java:428)
at io.appium.java_client.DefaultGenericMobileDriver.findElementByXPath(DefaultGenericMobileDriver.java:152)
at io.appium.java_client.AppiumDriver.findElementByXPath(AppiumDriver.java:1)
at io.appium.java_client.android.AndroidDriver.findElementByXPath(AndroidDriver.java:1)
at org.openqa.selenium.By$ByXPath.findElement(By.java:353)
at org.openqa.selenium.remote.RemoteWebDriver.findElement(RemoteWebDriver.java:315)
at io.appium.java_client.DefaultGenericMobileDriver.findElement(DefaultGenericMobileDriver.java:58)
at io.appium.java_client.AppiumDriver.findElement(AppiumDriver.java:1)
at io.appium.java_client.android.AndroidDriver.findElement(AndroidDriver.java:1)
at Tests.Job_Management.testFortytwo(Job_Management.java:1630)
at java.base/java.util.ArrayList.forEach(ArrayList.java:1596)
... Removed 28 stack frames]]>
    </failure>
  </testcase> <!-- testFortytwo -->
  <testcase classname="Tests.Job_Management" name="testFortythree" time="3.035"/>
  <testcase classname="Tests.BaseClass" name="@AfterTest teardown" time="0.0">
    <ignored/>
  </testcase> <!-- @AfterTest teardown -->
</testsuite> <!-- TestRun -->
