<?xml version="1.0" encoding="UTF-8"?>
<testng-results retried="36" ignored="0" total="79" passed="16" failed="13" skipped="14">
  <reporter-output>
  </reporter-output>
  <suite started-at="2025-11-17T20:45:15 IST" name="Suite" finished-at="2025-11-17T20:51:00 IST" duration-ms="345561">
    <groups>
      <group name="login">
        <method signature="Tests.testsix()[pri:6, instance:Tests.Tests@2898ac89]" name="testsix" class="Tests.Tests"/>
      </group> <!-- login -->
    </groups>
    <test started-at="2025-11-17T20:45:15 IST" name="TestRun" finished-at="2025-11-17T20:51:00 IST" duration-ms="345561">
      <class name="Tests.Tests">
        <test-method is-config="true" signature="setup()[pri:0, instance:Tests.Tests@2898ac89]" started-at="2025-11-17T20:45:15 IST" name="setup" finished-at="2025-11-17T20:45:34 IST" duration-ms="19532" status="PASS">
          <reporter-output>
          </reporter-output>
        </test-method> <!-- setup -->
        <test-method signature="sampleTest()[pri:0, instance:Tests.Tests@2898ac89]" started-at="2025-11-17T20:45:34 IST" name="sampleTest" finished-at="2025-11-17T20:45:34 IST" duration-ms="22" status="PASS">
          <reporter-output>
          </reporter-output>
        </test-method> <!-- sampleTest -->
        <test-method signature="testone()[pri:1, instance:Tests.Tests@2898ac89]" started-at="2025-11-17T20:45:34 IST" name="testone" finished-at="2025-11-17T20:45:38 IST" duration-ms="3040" status="PASS">
          <reporter-output>
          </reporter-output>
        </test-method> <!-- testone -->
        <test-method signature="testtwo()[pri:2, instance:Tests.Tests@2898ac89]" started-at="2025-11-17T20:45:38 IST" name="testtwo" finished-at="2025-11-17T20:45:46 IST" depends-on-methods="Tests.Tests.testone" duration-ms="8323" status="PASS">
          <reporter-output>
          </reporter-output>
        </test-method> <!-- testtwo -->
        <test-method signature="testthree()[pri:3, instance:Tests.Tests@2898ac89]" started-at="2025-11-17T20:45:46 IST" name="testthree" finished-at="2025-11-17T20:45:46 IST" depends-on-methods="Tests.Tests.testtwo" duration-ms="440" status="PASS">
          <reporter-output>
          </reporter-output>
        </test-method> <!-- testthree -->
        <test-method signature="testFour()[pri:4, instance:Tests.Tests@2898ac89]" started-at="2025-11-17T20:45:46 IST" name="testFour" finished-at="2025-11-17T20:45:55 IST" depends-on-methods="Tests.Tests.testthree" duration-ms="8429" status="PASS">
          <reporter-output>
          </reporter-output>
        </test-method> <!-- testFour -->
        <test-method signature="testFive()[pri:5, instance:Tests.Tests@2898ac89]" started-at="2025-11-17T20:45:55 IST" name="testFive" finished-at="2025-11-17T20:45:58 IST" depends-on-methods="Tests.Tests.testFour" duration-ms="3700" status="PASS">
          <reporter-output>
          </reporter-output>
        </test-method> <!-- testFive -->
        <test-method signature="testsix()[pri:6, instance:Tests.Tests@2898ac89]" started-at="2025-11-17T20:45:58 IST" name="testsix" finished-at="2025-11-17T20:46:02 IST" depends-on-methods="Tests.Tests.testFive" duration-ms="3877" status="PASS">
          <reporter-output>
          </reporter-output>
        </test-method> <!-- testsix -->
        <test-method is-config="true" signature="teardown()[pri:0, instance:Tests.Tests@2898ac89]" started-at="2025-11-17T20:51:00 IST" name="teardown" finished-at="2025-11-17T20:51:00 IST" duration-ms="865" status="PASS">
          <reporter-output>
          </reporter-output>
        </test-method> <!-- teardown -->
      </class> <!-- Tests.Tests -->
      <class name="Tests.Job_Management">
        <test-method is-config="true" signature="setup()[pri:0, instance:Tests.Job_Management@313b2ea6]" started-at="2025-11-17T20:46:02 IST" name="setup" finished-at="2025-11-17T20:46:20 IST" duration-ms="18143" status="PASS">
          <reporter-output>
          </reporter-output>
        </test-method> <!-- setup -->
        <test-method signature="sampleTest()[pri:0, instance:Tests.Job_Management@313b2ea6]" started-at="2025-11-17T20:46:20 IST" name="sampleTest" finished-at="2025-11-17T20:46:20 IST" duration-ms="2" status="PASS">
          <reporter-output>
          </reporter-output>
        </test-method> <!-- sampleTest -->
        <test-method retried="true" signature="testSeven_JobManagement()[pri:7, instance:Tests.Job_Management@313b2ea6]" started-at="2025-11-17T20:46:20 IST" name="testSeven_JobManagement" finished-at="2025-11-17T20:46:36 IST" duration-ms="15654" status="SKIP">
          <exception class="org.openqa.selenium.WebDriverException">
            <message>
              <![CDATA[An unknown server-side error occurred while processing the command. Original error: 'POST /element' cannot be proxied to UiAutomator2 server because the instrumentation process is not running (probably crashed). Check the server log and/or the logcat output for more details
Build info: version: '3.141.59', revision: 'e82be7d358', time: '2018-11-14T08:17:03'
System info: host: 'INTELLIFYLT021', ip: '192.168.10.209', os.name: 'Windows 11', os.arch: 'amd64', os.version: '10.0', java.version: '21.0.8'
Driver info: io.appium.java_client.android.AndroidDriver
Capabilities {adbExecTimeout: 120000, app: C:\Users\subhashohal\Downlo..., appActivity: com.xometry.workcenter.prev..., appPackage: com.xometry.workcenter.prev..., automationName: UiAutomator2, databaseEnabled: false, desired: {adbExecTimeout: 120000, app: C:\Users\subhashohal\Downlo..., appActivity: com.xometry.workcenter.prev..., appPackage: com.xometry.workcenter.prev..., automationName: UiAutomator2, deviceName: vivo 1916, fullReset: false, newCommandTimeout: 300, noReset: false, platformName: android, platformVersion: 9, udid: 6609da97, uiautomator2ServerInstallTimeout: 60000, uiautomator2ServerLaunchTimeout: 60000}, deviceApiLevel: 28, deviceManufacturer: vivo, deviceModel: vivo 1916, deviceName: 6609da97, deviceScreenDensity: 320, deviceScreenSize: 720x1544, deviceUDID: 6609da97, fullReset: false, javascriptEnabled: true, locationContextEnabled: false, networkConnectionEnabled: true, newCommandTimeout: 300, noReset: false, pixelRatio: 2, platform: LINUX, platformName: Android, platformVersion: 9, statBarHeight: 56, takesScreenshot: true, udid: 6609da97, uiautomator2ServerInstallTimeout: 60000, uiautomator2ServerLaunchTimeout: 60000, viewportRect: {height: 1351, left: 0, top: 56, width: 720}, warnings: {}, webStorageEnabled: false}
Session ID: 6ee734ab-405c-4a09-a5b6-53b918533da8
*** Element info: {Using=xpath, value=//android.view.View[@content-desc="Job Management"]/com.horcrux.svg.SvgView/com.horcrux.svg.GroupView/com.horcrux.svg.PathView}]]>
            </message>
            <full-stacktrace>
              <![CDATA[org.openqa.selenium.WebDriverException: An unknown server-side error occurred while processing the command. Original error: 'POST /element' cannot be proxied to UiAutomator2 server because the instrumentation process is not running (probably crashed). Check the server log and/or the logcat output for more details
Build info: version: '3.141.59', revision: 'e82be7d358', time: '2018-11-14T08:17:03'
System info: host: 'INTELLIFYLT021', ip: '192.168.10.209', os.name: 'Windows 11', os.arch: 'amd64', os.version: '10.0', java.version: '21.0.8'
Driver info: io.appium.java_client.android.AndroidDriver
Capabilities {adbExecTimeout: 120000, app: C:\Users\subhashohal\Downlo..., appActivity: com.xometry.workcenter.prev..., appPackage: com.xometry.workcenter.prev..., automationName: UiAutomator2, databaseEnabled: false, desired: {adbExecTimeout: 120000, app: C:\Users\subhashohal\Downlo..., appActivity: com.xometry.workcenter.prev..., appPackage: com.xometry.workcenter.prev..., automationName: UiAutomator2, deviceName: vivo 1916, fullReset: false, newCommandTimeout: 300, noReset: false, platformName: android, platformVersion: 9, udid: 6609da97, uiautomator2ServerInstallTimeout: 60000, uiautomator2ServerLaunchTimeout: 60000}, deviceApiLevel: 28, deviceManufacturer: vivo, deviceModel: vivo 1916, deviceName: 6609da97, deviceScreenDensity: 320, deviceScreenSize: 720x1544, deviceUDID: 6609da97, fullReset: false, javascriptEnabled: true, locationContextEnabled: false, networkConnectionEnabled: true, newCommandTimeout: 300, noReset: false, pixelRatio: 2, platform: LINUX, platformName: Android, platformVersion: 9, statBarHeight: 56, takesScreenshot: true, udid: 6609da97, uiautomator2ServerInstallTimeout: 60000, uiautomator2ServerLaunchTimeout: 60000, viewportRect: {height: 1351, left: 0, top: 56, width: 720}, warnings: {}, webStorageEnabled: false}
Session ID: 6ee734ab-405c-4a09-a5b6-53b918533da8
*** Element info: {Using=xpath, value=//android.view.View[@content-desc="Job Management"]/com.horcrux.svg.SvgView/com.horcrux.svg.GroupView/com.horcrux.svg.PathView}
at java.base/jdk.internal.reflect.DirectConstructorHandleAccessor.newInstance(DirectConstructorHandleAccessor.java:62)
at java.base/java.lang.reflect.Constructor.newInstanceWithCaller(Constructor.java:502)
at java.base/java.lang.reflect.Constructor.newInstance(Constructor.java:486)
at org.openqa.selenium.remote.http.W3CHttpResponseCodec.createException(W3CHttpResponseCodec.java:187)
at org.openqa.selenium.remote.http.W3CHttpResponseCodec.decode(W3CHttpResponseCodec.java:122)
at org.openqa.selenium.remote.http.W3CHttpResponseCodec.decode(W3CHttpResponseCodec.java:49)
at org.openqa.selenium.remote.HttpCommandExecutor.execute(HttpCommandExecutor.java:158)
at io.appium.java_client.remote.AppiumCommandExecutor.execute(AppiumCommandExecutor.java:239)
at org.openqa.selenium.remote.RemoteWebDriver.execute(RemoteWebDriver.java:552)
at io.appium.java_client.DefaultGenericMobileDriver.execute(DefaultGenericMobileDriver.java:42)
at io.appium.java_client.AppiumDriver.execute(AppiumDriver.java:1)
at io.appium.java_client.android.AndroidDriver.execute(AndroidDriver.java:1)
at org.openqa.selenium.remote.RemoteWebDriver.findElement(RemoteWebDriver.java:323)
at io.appium.java_client.DefaultGenericMobileDriver.findElement(DefaultGenericMobileDriver.java:62)
at io.appium.java_client.AppiumDriver.findElement(AppiumDriver.java:1)
at io.appium.java_client.android.AndroidDriver.findElement(AndroidDriver.java:1)
at org.openqa.selenium.remote.RemoteWebDriver.findElementByXPath(RemoteWebDriver.java:428)
at io.appium.java_client.DefaultGenericMobileDriver.findElementByXPath(DefaultGenericMobileDriver.java:152)
at io.appium.java_client.AppiumDriver.findElementByXPath(AppiumDriver.java:1)
at io.appium.java_client.android.AndroidDriver.findElementByXPath(AndroidDriver.java:1)
at org.openqa.selenium.By$ByXPath.findElement(By.java:353)
at org.openqa.selenium.remote.RemoteWebDriver.findElement(RemoteWebDriver.java:315)
at io.appium.java_client.DefaultGenericMobileDriver.findElement(DefaultGenericMobileDriver.java:58)
at io.appium.java_client.AppiumDriver.findElement(AppiumDriver.java:1)
at io.appium.java_client.android.AndroidDriver.findElement(AndroidDriver.java:1)
at Tests.Job_Management.testSeven_JobManagement(Job_Management.java:33)
at java.base/jdk.internal.reflect.DirectMethodHandleAccessor.invoke(DirectMethodHandleAccessor.java:103)
at java.base/java.lang.reflect.Method.invoke(Method.java:580)
at org.testng.internal.invokers.MethodInvocationHelper.invokeMethod(MethodInvocationHelper.java:141)
at org.testng.internal.invokers.TestInvoker.invokeMethod(TestInvoker.java:687)
at org.testng.internal.invokers.TestInvoker.invokeTestMethod(TestInvoker.java:230)
at org.testng.internal.invokers.MethodRunner.runInSequence(MethodRunner.java:63)
at org.testng.internal.invokers.TestInvoker$MethodInvocationAgent.invoke(TestInvoker.java:995)
at org.testng.internal.invokers.TestInvoker.invokeTestMethods(TestInvoker.java:203)
at org.testng.internal.invokers.TestMethodWorker.invokeTestMethods(TestMethodWorker.java:154)
at org.testng.internal.invokers.TestMethodWorker.run(TestMethodWorker.java:134)
at java.base/java.util.ArrayList.forEach(ArrayList.java:1596)
at org.testng.TestRunner.privateRun(TestRunner.java:741)
at org.testng.TestRunner.run(TestRunner.java:616)
at org.testng.SuiteRunner.runTest(SuiteRunner.java:421)
at org.testng.SuiteRunner.runSequentially(SuiteRunner.java:413)
at org.testng.SuiteRunner.privateRun(SuiteRunner.java:373)
at org.testng.SuiteRunner.run(SuiteRunner.java:312)
at org.testng.SuiteRunnerWorker.runSuite(SuiteRunnerWorker.java:52)
at org.testng.SuiteRunnerWorker.run(SuiteRunnerWorker.java:95)
at org.testng.TestNG.runSuitesSequentially(TestNG.java:1274)
at org.testng.TestNG.runSuitesLocally(TestNG.java:1208)
at org.testng.TestNG.runSuites(TestNG.java:1112)
at org.testng.TestNG.run(TestNG.java:1079)
at org.testng.remote.AbstractRemoteTestNG.run(AbstractRemoteTestNG.java:115)
at org.testng.remote.RemoteTestNG.initAndRun(RemoteTestNG.java:293)
at org.testng.remote.RemoteTestNG.main(RemoteTestNG.java:91)
]]>
            </full-stacktrace>
          </exception> <!-- org.openqa.selenium.WebDriverException -->
          <reporter-output>
          </reporter-output>
        </test-method> <!-- testSeven_JobManagement -->
        <test-method retried="true" signature="testSeven_JobManagement()[pri:7, instance:Tests.Job_Management@313b2ea6]" started-at="2025-11-17T20:46:36 IST" name="testSeven_JobManagement" finished-at="2025-11-17T20:46:44 IST" duration-ms="8031" status="SKIP">
          <exception class="org.openqa.selenium.WebDriverException">
            <message>
              <![CDATA[An unknown server-side error occurred while processing the command. Original error: 'POST /element' cannot be proxied to UiAutomator2 server because the instrumentation process is not running (probably crashed). Check the server log and/or the logcat output for more details
Build info: version: '3.141.59', revision: 'e82be7d358', time: '2018-11-14T08:17:03'
System info: host: 'INTELLIFYLT021', ip: '192.168.10.209', os.name: 'Windows 11', os.arch: 'amd64', os.version: '10.0', java.version: '21.0.8'
Driver info: io.appium.java_client.android.AndroidDriver
Capabilities {adbExecTimeout: 120000, app: C:\Users\subhashohal\Downlo..., appActivity: com.xometry.workcenter.prev..., appPackage: com.xometry.workcenter.prev..., automationName: UiAutomator2, databaseEnabled: false, desired: {adbExecTimeout: 120000, app: C:\Users\subhashohal\Downlo..., appActivity: com.xometry.workcenter.prev..., appPackage: com.xometry.workcenter.prev..., automationName: UiAutomator2, deviceName: vivo 1916, fullReset: false, newCommandTimeout: 300, noReset: false, platformName: android, platformVersion: 9, udid: 6609da97, uiautomator2ServerInstallTimeout: 60000, uiautomator2ServerLaunchTimeout: 60000}, deviceApiLevel: 28, deviceManufacturer: vivo, deviceModel: vivo 1916, deviceName: 6609da97, deviceScreenDensity: 320, deviceScreenSize: 720x1544, deviceUDID: 6609da97, fullReset: false, javascriptEnabled: true, locationContextEnabled: false, networkConnectionEnabled: true, newCommandTimeout: 300, noReset: false, pixelRatio: 2, platform: LINUX, platformName: Android, platformVersion: 9, statBarHeight: 56, takesScreenshot: true, udid: 6609da97, uiautomator2ServerInstallTimeout: 60000, uiautomator2ServerLaunchTimeout: 60000, viewportRect: {height: 1351, left: 0, top: 56, width: 720}, warnings: {}, webStorageEnabled: false}
Session ID: 6ee734ab-405c-4a09-a5b6-53b918533da8
*** Element info: {Using=xpath, value=//android.view.View[@content-desc="Job Management"]/com.horcrux.svg.SvgView/com.horcrux.svg.GroupView/com.horcrux.svg.PathView}]]>
            </message>
            <full-stacktrace>
              <![CDATA[org.openqa.selenium.WebDriverException: An unknown server-side error occurred while processing the command. Original error: 'POST /element' cannot be proxied to UiAutomator2 server because the instrumentation process is not running (probably crashed). Check the server log and/or the logcat output for more details
Build info: version: '3.141.59', revision: 'e82be7d358', time: '2018-11-14T08:17:03'
System info: host: 'INTELLIFYLT021', ip: '192.168.10.209', os.name: 'Windows 11', os.arch: 'amd64', os.version: '10.0', java.version: '21.0.8'
Driver info: io.appium.java_client.android.AndroidDriver
Capabilities {adbExecTimeout: 120000, app: C:\Users\subhashohal\Downlo..., appActivity: com.xometry.workcenter.prev..., appPackage: com.xometry.workcenter.prev..., automationName: UiAutomator2, databaseEnabled: false, desired: {adbExecTimeout: 120000, app: C:\Users\subhashohal\Downlo..., appActivity: com.xometry.workcenter.prev..., appPackage: com.xometry.workcenter.prev..., automationName: UiAutomator2, deviceName: vivo 1916, fullReset: false, newCommandTimeout: 300, noReset: false, platformName: android, platformVersion: 9, udid: 6609da97, uiautomator2ServerInstallTimeout: 60000, uiautomator2ServerLaunchTimeout: 60000}, deviceApiLevel: 28, deviceManufacturer: vivo, deviceModel: vivo 1916, deviceName: 6609da97, deviceScreenDensity: 320, deviceScreenSize: 720x1544, deviceUDID: 6609da97, fullReset: false, javascriptEnabled: true, locationContextEnabled: false, networkConnectionEnabled: true, newCommandTimeout: 300, noReset: false, pixelRatio: 2, platform: LINUX, platformName: Android, platformVersion: 9, statBarHeight: 56, takesScreenshot: true, udid: 6609da97, uiautomator2ServerInstallTimeout: 60000, uiautomator2ServerLaunchTimeout: 60000, viewportRect: {height: 1351, left: 0, top: 56, width: 720}, warnings: {}, webStorageEnabled: false}
Session ID: 6ee734ab-405c-4a09-a5b6-53b918533da8
*** Element info: {Using=xpath, value=//android.view.View[@content-desc="Job Management"]/com.horcrux.svg.SvgView/com.horcrux.svg.GroupView/com.horcrux.svg.PathView}
at java.base/jdk.internal.reflect.DirectConstructorHandleAccessor.newInstance(DirectConstructorHandleAccessor.java:62)
at java.base/java.lang.reflect.Constructor.newInstanceWithCaller(Constructor.java:502)
at java.base/java.lang.reflect.Constructor.newInstance(Constructor.java:486)
at org.openqa.selenium.remote.http.W3CHttpResponseCodec.createException(W3CHttpResponseCodec.java:187)
at org.openqa.selenium.remote.http.W3CHttpResponseCodec.decode(W3CHttpResponseCodec.java:122)
at org.openqa.selenium.remote.http.W3CHttpResponseCodec.decode(W3CHttpResponseCodec.java:49)
at org.openqa.selenium.remote.HttpCommandExecutor.execute(HttpCommandExecutor.java:158)
at io.appium.java_client.remote.AppiumCommandExecutor.execute(AppiumCommandExecutor.java:239)
at org.openqa.selenium.remote.RemoteWebDriver.execute(RemoteWebDriver.java:552)
at io.appium.java_client.DefaultGenericMobileDriver.execute(DefaultGenericMobileDriver.java:42)
at io.appium.java_client.AppiumDriver.execute(AppiumDriver.java:1)
at io.appium.java_client.android.AndroidDriver.execute(AndroidDriver.java:1)
at org.openqa.selenium.remote.RemoteWebDriver.findElement(RemoteWebDriver.java:323)
at io.appium.java_client.DefaultGenericMobileDriver.findElement(DefaultGenericMobileDriver.java:62)
at io.appium.java_client.AppiumDriver.findElement(AppiumDriver.java:1)
at io.appium.java_client.android.AndroidDriver.findElement(AndroidDriver.java:1)
at org.openqa.selenium.remote.RemoteWebDriver.findElementByXPath(RemoteWebDriver.java:428)
at io.appium.java_client.DefaultGenericMobileDriver.findElementByXPath(DefaultGenericMobileDriver.java:152)
at io.appium.java_client.AppiumDriver.findElementByXPath(AppiumDriver.java:1)
at io.appium.java_client.android.AndroidDriver.findElementByXPath(AndroidDriver.java:1)
at org.openqa.selenium.By$ByXPath.findElement(By.java:353)
at org.openqa.selenium.remote.RemoteWebDriver.findElement(RemoteWebDriver.java:315)
at io.appium.java_client.DefaultGenericMobileDriver.findElement(DefaultGenericMobileDriver.java:58)
at io.appium.java_client.AppiumDriver.findElement(AppiumDriver.java:1)
at io.appium.java_client.android.AndroidDriver.findElement(AndroidDriver.java:1)
at Tests.Job_Management.testSeven_JobManagement(Job_Management.java:33)
at java.base/jdk.internal.reflect.DirectMethodHandleAccessor.invoke(DirectMethodHandleAccessor.java:103)
at java.base/java.lang.reflect.Method.invoke(Method.java:580)
at org.testng.internal.invokers.MethodInvocationHelper.invokeMethod(MethodInvocationHelper.java:141)
at org.testng.internal.invokers.TestInvoker.invokeMethod(TestInvoker.java:687)
at org.testng.internal.invokers.TestInvoker.retryFailed(TestInvoker.java:269)
at org.testng.internal.invokers.MethodRunner.runInSequence(MethodRunner.java:76)
at org.testng.internal.invokers.TestInvoker$MethodInvocationAgent.invoke(TestInvoker.java:995)
at org.testng.internal.invokers.TestInvoker.invokeTestMethods(TestInvoker.java:203)
at org.testng.internal.invokers.TestMethodWorker.invokeTestMethods(TestMethodWorker.java:154)
at org.testng.internal.invokers.TestMethodWorker.run(TestMethodWorker.java:134)
at java.base/java.util.ArrayList.forEach(ArrayList.java:1596)
at org.testng.TestRunner.privateRun(TestRunner.java:741)
at org.testng.TestRunner.run(TestRunner.java:616)
at org.testng.SuiteRunner.runTest(SuiteRunner.java:421)
at org.testng.SuiteRunner.runSequentially(SuiteRunner.java:413)
at org.testng.SuiteRunner.privateRun(SuiteRunner.java:373)
at org.testng.SuiteRunner.run(SuiteRunner.java:312)
at org.testng.SuiteRunnerWorker.runSuite(SuiteRunnerWorker.java:52)
at org.testng.SuiteRunnerWorker.run(SuiteRunnerWorker.java:95)
at org.testng.TestNG.runSuitesSequentially(TestNG.java:1274)
at org.testng.TestNG.runSuitesLocally(TestNG.java:1208)
at org.testng.TestNG.runSuites(TestNG.java:1112)
at org.testng.TestNG.run(TestNG.java:1079)
at org.testng.remote.AbstractRemoteTestNG.run(AbstractRemoteTestNG.java:115)
at org.testng.remote.RemoteTestNG.initAndRun(RemoteTestNG.java:293)
at org.testng.remote.RemoteTestNG.main(RemoteTestNG.java:91)
]]>
            </full-stacktrace>
          </exception> <!-- org.openqa.selenium.WebDriverException -->
          <reporter-output>
          </reporter-output>
        </test-method> <!-- testSeven_JobManagement -->
        <test-method retried="true" signature="testSeven_JobManagement()[pri:7, instance:Tests.Job_Management@313b2ea6]" started-at="2025-11-17T20:46:44 IST" name="testSeven_JobManagement" finished-at="2025-11-17T20:46:52 IST" duration-ms="8037" status="SKIP">
          <exception class="org.openqa.selenium.WebDriverException">
            <message>
              <![CDATA[An unknown server-side error occurred while processing the command. Original error: 'POST /element' cannot be proxied to UiAutomator2 server because the instrumentation process is not running (probably crashed). Check the server log and/or the logcat output for more details
Build info: version: '3.141.59', revision: 'e82be7d358', time: '2018-11-14T08:17:03'
System info: host: 'INTELLIFYLT021', ip: '192.168.10.209', os.name: 'Windows 11', os.arch: 'amd64', os.version: '10.0', java.version: '21.0.8'
Driver info: io.appium.java_client.android.AndroidDriver
Capabilities {adbExecTimeout: 120000, app: C:\Users\subhashohal\Downlo..., appActivity: com.xometry.workcenter.prev..., appPackage: com.xometry.workcenter.prev..., automationName: UiAutomator2, databaseEnabled: false, desired: {adbExecTimeout: 120000, app: C:\Users\subhashohal\Downlo..., appActivity: com.xometry.workcenter.prev..., appPackage: com.xometry.workcenter.prev..., automationName: UiAutomator2, deviceName: vivo 1916, fullReset: false, newCommandTimeout: 300, noReset: false, platformName: android, platformVersion: 9, udid: 6609da97, uiautomator2ServerInstallTimeout: 60000, uiautomator2ServerLaunchTimeout: 60000}, deviceApiLevel: 28, deviceManufacturer: vivo, deviceModel: vivo 1916, deviceName: 6609da97, deviceScreenDensity: 320, deviceScreenSize: 720x1544, deviceUDID: 6609da97, fullReset: false, javascriptEnabled: true, locationContextEnabled: false, networkConnectionEnabled: true, newCommandTimeout: 300, noReset: false, pixelRatio: 2, platform: LINUX, platformName: Android, platformVersion: 9, statBarHeight: 56, takesScreenshot: true, udid: 6609da97, uiautomator2ServerInstallTimeout: 60000, uiautomator2ServerLaunchTimeout: 60000, viewportRect: {height: 1351, left: 0, top: 56, width: 720}, warnings: {}, webStorageEnabled: false}
Session ID: 6ee734ab-405c-4a09-a5b6-53b918533da8
*** Element info: {Using=xpath, value=//android.view.View[@content-desc="Job Management"]/com.horcrux.svg.SvgView/com.horcrux.svg.GroupView/com.horcrux.svg.PathView}]]>
            </message>
            <full-stacktrace>
              <![CDATA[org.openqa.selenium.WebDriverException: An unknown server-side error occurred while processing the command. Original error: 'POST /element' cannot be proxied to UiAutomator2 server because the instrumentation process is not running (probably crashed). Check the server log and/or the logcat output for more details
Build info: version: '3.141.59', revision: 'e82be7d358', time: '2018-11-14T08:17:03'
System info: host: 'INTELLIFYLT021', ip: '192.168.10.209', os.name: 'Windows 11', os.arch: 'amd64', os.version: '10.0', java.version: '21.0.8'
Driver info: io.appium.java_client.android.AndroidDriver
Capabilities {adbExecTimeout: 120000, app: C:\Users\subhashohal\Downlo..., appActivity: com.xometry.workcenter.prev..., appPackage: com.xometry.workcenter.prev..., automationName: UiAutomator2, databaseEnabled: false, desired: {adbExecTimeout: 120000, app: C:\Users\subhashohal\Downlo..., appActivity: com.xometry.workcenter.prev..., appPackage: com.xometry.workcenter.prev..., automationName: UiAutomator2, deviceName: vivo 1916, fullReset: false, newCommandTimeout: 300, noReset: false, platformName: android, platformVersion: 9, udid: 6609da97, uiautomator2ServerInstallTimeout: 60000, uiautomator2ServerLaunchTimeout: 60000}, deviceApiLevel: 28, deviceManufacturer: vivo, deviceModel: vivo 1916, deviceName: 6609da97, deviceScreenDensity: 320, deviceScreenSize: 720x1544, deviceUDID: 6609da97, fullReset: false, javascriptEnabled: true, locationContextEnabled: false, networkConnectionEnabled: true, newCommandTimeout: 300, noReset: false, pixelRatio: 2, platform: LINUX, platformName: Android, platformVersion: 9, statBarHeight: 56, takesScreenshot: true, udid: 6609da97, uiautomator2ServerInstallTimeout: 60000, uiautomator2ServerLaunchTimeout: 60000, viewportRect: {height: 1351, left: 0, top: 56, width: 720}, warnings: {}, webStorageEnabled: false}
Session ID: 6ee734ab-405c-4a09-a5b6-53b918533da8
*** Element info: {Using=xpath, value=//android.view.View[@content-desc="Job Management"]/com.horcrux.svg.SvgView/com.horcrux.svg.GroupView/com.horcrux.svg.PathView}
at java.base/jdk.internal.reflect.DirectConstructorHandleAccessor.newInstance(DirectConstructorHandleAccessor.java:62)
at java.base/java.lang.reflect.Constructor.newInstanceWithCaller(Constructor.java:502)
at java.base/java.lang.reflect.Constructor.newInstance(Constructor.java:486)
at org.openqa.selenium.remote.http.W3CHttpResponseCodec.createException(W3CHttpResponseCodec.java:187)
at org.openqa.selenium.remote.http.W3CHttpResponseCodec.decode(W3CHttpResponseCodec.java:122)
at org.openqa.selenium.remote.http.W3CHttpResponseCodec.decode(W3CHttpResponseCodec.java:49)
at org.openqa.selenium.remote.HttpCommandExecutor.execute(HttpCommandExecutor.java:158)
at io.appium.java_client.remote.AppiumCommandExecutor.execute(AppiumCommandExecutor.java:239)
at org.openqa.selenium.remote.RemoteWebDriver.execute(RemoteWebDriver.java:552)
at io.appium.java_client.DefaultGenericMobileDriver.execute(DefaultGenericMobileDriver.java:42)
at io.appium.java_client.AppiumDriver.execute(AppiumDriver.java:1)
at io.appium.java_client.android.AndroidDriver.execute(AndroidDriver.java:1)
at org.openqa.selenium.remote.RemoteWebDriver.findElement(RemoteWebDriver.java:323)
at io.appium.java_client.DefaultGenericMobileDriver.findElement(DefaultGenericMobileDriver.java:62)
at io.appium.java_client.AppiumDriver.findElement(AppiumDriver.java:1)
at io.appium.java_client.android.AndroidDriver.findElement(AndroidDriver.java:1)
at org.openqa.selenium.remote.RemoteWebDriver.findElementByXPath(RemoteWebDriver.java:428)
at io.appium.java_client.DefaultGenericMobileDriver.findElementByXPath(DefaultGenericMobileDriver.java:152)
at io.appium.java_client.AppiumDriver.findElementByXPath(AppiumDriver.java:1)
at io.appium.java_client.android.AndroidDriver.findElementByXPath(AndroidDriver.java:1)
at org.openqa.selenium.By$ByXPath.findElement(By.java:353)
at org.openqa.selenium.remote.RemoteWebDriver.findElement(RemoteWebDriver.java:315)
at io.appium.java_client.DefaultGenericMobileDriver.findElement(DefaultGenericMobileDriver.java:58)
at io.appium.java_client.AppiumDriver.findElement(AppiumDriver.java:1)
at io.appium.java_client.android.AndroidDriver.findElement(AndroidDriver.java:1)
at Tests.Job_Management.testSeven_JobManagement(Job_Management.java:33)
at java.base/jdk.internal.reflect.DirectMethodHandleAccessor.invoke(DirectMethodHandleAccessor.java:103)
at java.base/java.lang.reflect.Method.invoke(Method.java:580)
at org.testng.internal.invokers.MethodInvocationHelper.invokeMethod(MethodInvocationHelper.java:141)
at org.testng.internal.invokers.TestInvoker.invokeMethod(TestInvoker.java:687)
at org.testng.internal.invokers.TestInvoker.retryFailed(TestInvoker.java:269)
at org.testng.internal.invokers.MethodRunner.runInSequence(MethodRunner.java:76)
at org.testng.internal.invokers.TestInvoker$MethodInvocationAgent.invoke(TestInvoker.java:995)
at org.testng.internal.invokers.TestInvoker.invokeTestMethods(TestInvoker.java:203)
at org.testng.internal.invokers.TestMethodWorker.invokeTestMethods(TestMethodWorker.java:154)
at org.testng.internal.invokers.TestMethodWorker.run(TestMethodWorker.java:134)
at java.base/java.util.ArrayList.forEach(ArrayList.java:1596)
at org.testng.TestRunner.privateRun(TestRunner.java:741)
at org.testng.TestRunner.run(TestRunner.java:616)
at org.testng.SuiteRunner.runTest(SuiteRunner.java:421)
at org.testng.SuiteRunner.runSequentially(SuiteRunner.java:413)
at org.testng.SuiteRunner.privateRun(SuiteRunner.java:373)
at org.testng.SuiteRunner.run(SuiteRunner.java:312)
at org.testng.SuiteRunnerWorker.runSuite(SuiteRunnerWorker.java:52)
at org.testng.SuiteRunnerWorker.run(SuiteRunnerWorker.java:95)
at org.testng.TestNG.runSuitesSequentially(TestNG.java:1274)
at org.testng.TestNG.runSuitesLocally(TestNG.java:1208)
at org.testng.TestNG.runSuites(TestNG.java:1112)
at org.testng.TestNG.run(TestNG.java:1079)
at org.testng.remote.AbstractRemoteTestNG.run(AbstractRemoteTestNG.java:115)
at org.testng.remote.RemoteTestNG.initAndRun(RemoteTestNG.java:293)
at org.testng.remote.RemoteTestNG.main(RemoteTestNG.java:91)
]]>
            </full-stacktrace>
          </exception> <!-- org.openqa.selenium.WebDriverException -->
          <reporter-output>
          </reporter-output>
        </test-method> <!-- testSeven_JobManagement -->
        <test-method signature="testSeven_JobManagement()[pri:7, instance:Tests.Job_Management@313b2ea6]" started-at="2025-11-17T20:46:52 IST" name="testSeven_JobManagement" finished-at="2025-11-17T20:47:00 IST" duration-ms="8018" status="FAIL">
          <exception class="org.openqa.selenium.WebDriverException">
            <message>
              <![CDATA[An unknown server-side error occurred while processing the command. Original error: 'POST /element' cannot be proxied to UiAutomator2 server because the instrumentation process is not running (probably crashed). Check the server log and/or the logcat output for more details
Build info: version: '3.141.59', revision: 'e82be7d358', time: '2018-11-14T08:17:03'
System info: host: 'INTELLIFYLT021', ip: '192.168.10.209', os.name: 'Windows 11', os.arch: 'amd64', os.version: '10.0', java.version: '21.0.8'
Driver info: io.appium.java_client.android.AndroidDriver
Capabilities {adbExecTimeout: 120000, app: C:\Users\subhashohal\Downlo..., appActivity: com.xometry.workcenter.prev..., appPackage: com.xometry.workcenter.prev..., automationName: UiAutomator2, databaseEnabled: false, desired: {adbExecTimeout: 120000, app: C:\Users\subhashohal\Downlo..., appActivity: com.xometry.workcenter.prev..., appPackage: com.xometry.workcenter.prev..., automationName: UiAutomator2, deviceName: vivo 1916, fullReset: false, newCommandTimeout: 300, noReset: false, platformName: android, platformVersion: 9, udid: 6609da97, uiautomator2ServerInstallTimeout: 60000, uiautomator2ServerLaunchTimeout: 60000}, deviceApiLevel: 28, deviceManufacturer: vivo, deviceModel: vivo 1916, deviceName: 6609da97, deviceScreenDensity: 320, deviceScreenSize: 720x1544, deviceUDID: 6609da97, fullReset: false, javascriptEnabled: true, locationContextEnabled: false, networkConnectionEnabled: true, newCommandTimeout: 300, noReset: false, pixelRatio: 2, platform: LINUX, platformName: Android, platformVersion: 9, statBarHeight: 56, takesScreenshot: true, udid: 6609da97, uiautomator2ServerInstallTimeout: 60000, uiautomator2ServerLaunchTimeout: 60000, viewportRect: {height: 1351, left: 0, top: 56, width: 720}, warnings: {}, webStorageEnabled: false}
Session ID: 6ee734ab-405c-4a09-a5b6-53b918533da8
*** Element info: {Using=xpath, value=//android.view.View[@content-desc="Job Management"]/com.horcrux.svg.SvgView/com.horcrux.svg.GroupView/com.horcrux.svg.PathView}]]>
            </message>
            <full-stacktrace>
              <![CDATA[org.openqa.selenium.WebDriverException: An unknown server-side error occurred while processing the command. Original error: 'POST /element' cannot be proxied to UiAutomator2 server because the instrumentation process is not running (probably crashed). Check the server log and/or the logcat output for more details
Build info: version: '3.141.59', revision: 'e82be7d358', time: '2018-11-14T08:17:03'
System info: host: 'INTELLIFYLT021', ip: '192.168.10.209', os.name: 'Windows 11', os.arch: 'amd64', os.version: '10.0', java.version: '21.0.8'
Driver info: io.appium.java_client.android.AndroidDriver
Capabilities {adbExecTimeout: 120000, app: C:\Users\subhashohal\Downlo..., appActivity: com.xometry.workcenter.prev..., appPackage: com.xometry.workcenter.prev..., automationName: UiAutomator2, databaseEnabled: false, desired: {adbExecTimeout: 120000, app: C:\Users\subhashohal\Downlo..., appActivity: com.xometry.workcenter.prev..., appPackage: com.xometry.workcenter.prev..., automationName: UiAutomator2, deviceName: vivo 1916, fullReset: false, newCommandTimeout: 300, noReset: false, platformName: android, platformVersion: 9, udid: 6609da97, uiautomator2ServerInstallTimeout: 60000, uiautomator2ServerLaunchTimeout: 60000}, deviceApiLevel: 28, deviceManufacturer: vivo, deviceModel: vivo 1916, deviceName: 6609da97, deviceScreenDensity: 320, deviceScreenSize: 720x1544, deviceUDID: 6609da97, fullReset: false, javascriptEnabled: true, locationContextEnabled: false, networkConnectionEnabled: true, newCommandTimeout: 300, noReset: false, pixelRatio: 2, platform: LINUX, platformName: Android, platformVersion: 9, statBarHeight: 56, takesScreenshot: true, udid: 6609da97, uiautomator2ServerInstallTimeout: 60000, uiautomator2ServerLaunchTimeout: 60000, viewportRect: {height: 1351, left: 0, top: 56, width: 720}, warnings: {}, webStorageEnabled: false}
Session ID: 6ee734ab-405c-4a09-a5b6-53b918533da8
*** Element info: {Using=xpath, value=//android.view.View[@content-desc="Job Management"]/com.horcrux.svg.SvgView/com.horcrux.svg.GroupView/com.horcrux.svg.PathView}
at java.base/jdk.internal.reflect.DirectConstructorHandleAccessor.newInstance(DirectConstructorHandleAccessor.java:62)
at java.base/java.lang.reflect.Constructor.newInstanceWithCaller(Constructor.java:502)
at java.base/java.lang.reflect.Constructor.newInstance(Constructor.java:486)
at org.openqa.selenium.remote.http.W3CHttpResponseCodec.createException(W3CHttpResponseCodec.java:187)
at org.openqa.selenium.remote.http.W3CHttpResponseCodec.decode(W3CHttpResponseCodec.java:122)
at org.openqa.selenium.remote.http.W3CHttpResponseCodec.decode(W3CHttpResponseCodec.java:49)
at org.openqa.selenium.remote.HttpCommandExecutor.execute(HttpCommandExecutor.java:158)
at io.appium.java_client.remote.AppiumCommandExecutor.execute(AppiumCommandExecutor.java:239)
at org.openqa.selenium.remote.RemoteWebDriver.execute(RemoteWebDriver.java:552)
at io.appium.java_client.DefaultGenericMobileDriver.execute(DefaultGenericMobileDriver.java:42)
at io.appium.java_client.AppiumDriver.execute(AppiumDriver.java:1)
at io.appium.java_client.android.AndroidDriver.execute(AndroidDriver.java:1)
at org.openqa.selenium.remote.RemoteWebDriver.findElement(RemoteWebDriver.java:323)
at io.appium.java_client.DefaultGenericMobileDriver.findElement(DefaultGenericMobileDriver.java:62)
at io.appium.java_client.AppiumDriver.findElement(AppiumDriver.java:1)
at io.appium.java_client.android.AndroidDriver.findElement(AndroidDriver.java:1)
at org.openqa.selenium.remote.RemoteWebDriver.findElementByXPath(RemoteWebDriver.java:428)
at io.appium.java_client.DefaultGenericMobileDriver.findElementByXPath(DefaultGenericMobileDriver.java:152)
at io.appium.java_client.AppiumDriver.findElementByXPath(AppiumDriver.java:1)
at io.appium.java_client.android.AndroidDriver.findElementByXPath(AndroidDriver.java:1)
at org.openqa.selenium.By$ByXPath.findElement(By.java:353)
at org.openqa.selenium.remote.RemoteWebDriver.findElement(RemoteWebDriver.java:315)
at io.appium.java_client.DefaultGenericMobileDriver.findElement(DefaultGenericMobileDriver.java:58)
at io.appium.java_client.AppiumDriver.findElement(AppiumDriver.java:1)
at io.appium.java_client.android.AndroidDriver.findElement(AndroidDriver.java:1)
at Tests.Job_Management.testSeven_JobManagement(Job_Management.java:33)
at java.base/jdk.internal.reflect.DirectMethodHandleAccessor.invoke(DirectMethodHandleAccessor.java:103)
at java.base/java.lang.reflect.Method.invoke(Method.java:580)
at org.testng.internal.invokers.MethodInvocationHelper.invokeMethod(MethodInvocationHelper.java:141)
at org.testng.internal.invokers.TestInvoker.invokeMethod(TestInvoker.java:687)
at org.testng.internal.invokers.TestInvoker.retryFailed(TestInvoker.java:269)
at org.testng.internal.invokers.MethodRunner.runInSequence(MethodRunner.java:76)
at org.testng.internal.invokers.TestInvoker$MethodInvocationAgent.invoke(TestInvoker.java:995)
at org.testng.internal.invokers.TestInvoker.invokeTestMethods(TestInvoker.java:203)
at org.testng.internal.invokers.TestMethodWorker.invokeTestMethods(TestMethodWorker.java:154)
at org.testng.internal.invokers.TestMethodWorker.run(TestMethodWorker.java:134)
at java.base/java.util.ArrayList.forEach(ArrayList.java:1596)
at org.testng.TestRunner.privateRun(TestRunner.java:741)
at org.testng.TestRunner.run(TestRunner.java:616)
at org.testng.SuiteRunner.runTest(SuiteRunner.java:421)
at org.testng.SuiteRunner.runSequentially(SuiteRunner.java:413)
at org.testng.SuiteRunner.privateRun(SuiteRunner.java:373)
at org.testng.SuiteRunner.run(SuiteRunner.java:312)
at org.testng.SuiteRunnerWorker.runSuite(SuiteRunnerWorker.java:52)
at org.testng.SuiteRunnerWorker.run(SuiteRunnerWorker.java:95)
at org.testng.TestNG.runSuitesSequentially(TestNG.java:1274)
at org.testng.TestNG.runSuitesLocally(TestNG.java:1208)
at org.testng.TestNG.runSuites(TestNG.java:1112)
at org.testng.TestNG.run(TestNG.java:1079)
at org.testng.remote.AbstractRemoteTestNG.run(AbstractRemoteTestNG.java:115)
at org.testng.remote.RemoteTestNG.initAndRun(RemoteTestNG.java:293)
at org.testng.remote.RemoteTestNG.main(RemoteTestNG.java:91)
]]>
            </full-stacktrace>
          </exception> <!-- org.openqa.selenium.WebDriverException -->
          <reporter-output>
          </reporter-output>
        </test-method> <!-- testSeven_JobManagement -->
        <test-method signature="testEight_SearchJob()[pri:8, instance:Tests.Job_Management@313b2ea6]" started-at="2025-11-17T20:47:00 IST" name="testEight_SearchJob" finished-at="2025-11-17T20:47:00 IST" depends-on-methods="Tests.Job_Management.testSeven_JobManagement" duration-ms="0" status="SKIP">
          <exception class="java.lang.Throwable">
            <message>
              <![CDATA[Method Tests.Job_Management.testEight_SearchJob() on instance Tests.Job_Management@313b2ea6 depends on not successfully finished methods 
[Tests.Job_Management.testSeven_JobManagement() on instance Tests.Job_Management@313b2ea6]]]>
            </message>
            <full-stacktrace>
              <![CDATA[java.lang.Throwable: Method Tests.Job_Management.testEight_SearchJob() on instance Tests.Job_Management@313b2ea6 depends on not successfully finished methods 
[Tests.Job_Management.testSeven_JobManagement() on instance Tests.Job_Management@313b2ea6]
at org.testng.internal.invokers.TestInvoker.invokeTestMethods(TestInvoker.java:159)
at org.testng.internal.invokers.TestMethodWorker.invokeTestMethods(TestMethodWorker.java:154)
at org.testng.internal.invokers.TestMethodWorker.run(TestMethodWorker.java:134)
at java.base/java.util.ArrayList.forEach(ArrayList.java:1596)
at org.testng.TestRunner.privateRun(TestRunner.java:741)
at org.testng.TestRunner.run(TestRunner.java:616)
at org.testng.SuiteRunner.runTest(SuiteRunner.java:421)
at org.testng.SuiteRunner.runSequentially(SuiteRunner.java:413)
at org.testng.SuiteRunner.privateRun(SuiteRunner.java:373)
at org.testng.SuiteRunner.run(SuiteRunner.java:312)
at org.testng.SuiteRunnerWorker.runSuite(SuiteRunnerWorker.java:52)
at org.testng.SuiteRunnerWorker.run(SuiteRunnerWorker.java:95)
at org.testng.TestNG.runSuitesSequentially(TestNG.java:1274)
at org.testng.TestNG.runSuitesLocally(TestNG.java:1208)
at org.testng.TestNG.runSuites(TestNG.java:1112)
at org.testng.TestNG.run(TestNG.java:1079)
at org.testng.remote.AbstractRemoteTestNG.run(AbstractRemoteTestNG.java:115)
at org.testng.remote.RemoteTestNG.initAndRun(RemoteTestNG.java:293)
at org.testng.remote.RemoteTestNG.main(RemoteTestNG.java:91)
]]>
            </full-stacktrace>
          </exception> <!-- java.lang.Throwable -->
          <reporter-output>
          </reporter-output>
        </test-method> <!-- testEight_SearchJob -->
        <test-method signature="testNine_ViewDetails()[pri:9, instance:Tests.Job_Management@313b2ea6]" started-at="2025-11-17T20:47:00 IST" name="testNine_ViewDetails" finished-at="2025-11-17T20:47:00 IST" depends-on-methods="Tests.Job_Management.testEight_SearchJob" duration-ms="0" status="SKIP">
          <exception class="java.lang.Throwable">
            <message>
              <![CDATA[Method Tests.Job_Management.testNine_ViewDetails() on instance Tests.Job_Management@313b2ea6 depends on not successfully finished methods 
[Tests.Job_Management.testEight_SearchJob() on instance Tests.Job_Management@313b2ea6]]]>
            </message>
            <full-stacktrace>
              <![CDATA[java.lang.Throwable: Method Tests.Job_Management.testNine_ViewDetails() on instance Tests.Job_Management@313b2ea6 depends on not successfully finished methods 
[Tests.Job_Management.testEight_SearchJob() on instance Tests.Job_Management@313b2ea6]
at org.testng.internal.invokers.TestInvoker.invokeTestMethods(TestInvoker.java:159)
at org.testng.internal.invokers.TestMethodWorker.invokeTestMethods(TestMethodWorker.java:154)
at org.testng.internal.invokers.TestMethodWorker.run(TestMethodWorker.java:134)
at java.base/java.util.ArrayList.forEach(ArrayList.java:1596)
at org.testng.TestRunner.privateRun(TestRunner.java:741)
at org.testng.TestRunner.run(TestRunner.java:616)
at org.testng.SuiteRunner.runTest(SuiteRunner.java:421)
at org.testng.SuiteRunner.runSequentially(SuiteRunner.java:413)
at org.testng.SuiteRunner.privateRun(SuiteRunner.java:373)
at org.testng.SuiteRunner.run(SuiteRunner.java:312)
at org.testng.SuiteRunnerWorker.runSuite(SuiteRunnerWorker.java:52)
at org.testng.SuiteRunnerWorker.run(SuiteRunnerWorker.java:95)
at org.testng.TestNG.runSuitesSequentially(TestNG.java:1274)
at org.testng.TestNG.runSuitesLocally(TestNG.java:1208)
at org.testng.TestNG.runSuites(TestNG.java:1112)
at org.testng.TestNG.run(TestNG.java:1079)
at org.testng.remote.AbstractRemoteTestNG.run(AbstractRemoteTestNG.java:115)
at org.testng.remote.RemoteTestNG.initAndRun(RemoteTestNG.java:293)
at org.testng.remote.RemoteTestNG.main(RemoteTestNG.java:91)
]]>
            </full-stacktrace>
          </exception> <!-- java.lang.Throwable -->
          <reporter-output>
          </reporter-output>
        </test-method> <!-- testNine_ViewDetails -->
        <test-method retried="true" signature="testtwelve_RS()[pri:12, instance:Tests.Job_Management@313b2ea6]" started-at="2025-11-17T20:47:00 IST" name="testtwelve_RS" finished-at="2025-11-17T20:47:03 IST" duration-ms="3026" status="SKIP">
          <exception class="org.openqa.selenium.WebDriverException">
            <message>
              <![CDATA[An unknown server-side error occurred while processing the command. Original error: 'POST /element' cannot be proxied to UiAutomator2 server because the instrumentation process is not running (probably crashed). Check the server log and/or the logcat output for more details
Build info: version: '3.141.59', revision: 'e82be7d358', time: '2018-11-14T08:17:03'
System info: host: 'INTELLIFYLT021', ip: '192.168.10.209', os.name: 'Windows 11', os.arch: 'amd64', os.version: '10.0', java.version: '21.0.8'
Driver info: io.appium.java_client.android.AndroidDriver
Capabilities {adbExecTimeout: 120000, app: C:\Users\subhashohal\Downlo..., appActivity: com.xometry.workcenter.prev..., appPackage: com.xometry.workcenter.prev..., automationName: UiAutomator2, databaseEnabled: false, desired: {adbExecTimeout: 120000, app: C:\Users\subhashohal\Downlo..., appActivity: com.xometry.workcenter.prev..., appPackage: com.xometry.workcenter.prev..., automationName: UiAutomator2, deviceName: vivo 1916, fullReset: false, newCommandTimeout: 300, noReset: false, platformName: android, platformVersion: 9, udid: 6609da97, uiautomator2ServerInstallTimeout: 60000, uiautomator2ServerLaunchTimeout: 60000}, deviceApiLevel: 28, deviceManufacturer: vivo, deviceModel: vivo 1916, deviceName: 6609da97, deviceScreenDensity: 320, deviceScreenSize: 720x1544, deviceUDID: 6609da97, fullReset: false, javascriptEnabled: true, locationContextEnabled: false, networkConnectionEnabled: true, newCommandTimeout: 300, noReset: false, pixelRatio: 2, platform: LINUX, platformName: Android, platformVersion: 9, statBarHeight: 56, takesScreenshot: true, udid: 6609da97, uiautomator2ServerInstallTimeout: 60000, uiautomator2ServerLaunchTimeout: 60000, viewportRect: {height: 1351, left: 0, top: 56, width: 720}, warnings: {}, webStorageEnabled: false}
Session ID: 6ee734ab-405c-4a09-a5b6-53b918533da8
*** Element info: {Using=xpath, value=//android.view.ViewGroup[@content-desc="Request Support"]}]]>
            </message>
            <full-stacktrace>
              <![CDATA[org.openqa.selenium.WebDriverException: An unknown server-side error occurred while processing the command. Original error: 'POST /element' cannot be proxied to UiAutomator2 server because the instrumentation process is not running (probably crashed). Check the server log and/or the logcat output for more details
Build info: version: '3.141.59', revision: 'e82be7d358', time: '2018-11-14T08:17:03'
System info: host: 'INTELLIFYLT021', ip: '192.168.10.209', os.name: 'Windows 11', os.arch: 'amd64', os.version: '10.0', java.version: '21.0.8'
Driver info: io.appium.java_client.android.AndroidDriver
Capabilities {adbExecTimeout: 120000, app: C:\Users\subhashohal\Downlo..., appActivity: com.xometry.workcenter.prev..., appPackage: com.xometry.workcenter.prev..., automationName: UiAutomator2, databaseEnabled: false, desired: {adbExecTimeout: 120000, app: C:\Users\subhashohal\Downlo..., appActivity: com.xometry.workcenter.prev..., appPackage: com.xometry.workcenter.prev..., automationName: UiAutomator2, deviceName: vivo 1916, fullReset: false, newCommandTimeout: 300, noReset: false, platformName: android, platformVersion: 9, udid: 6609da97, uiautomator2ServerInstallTimeout: 60000, uiautomator2ServerLaunchTimeout: 60000}, deviceApiLevel: 28, deviceManufacturer: vivo, deviceModel: vivo 1916, deviceName: 6609da97, deviceScreenDensity: 320, deviceScreenSize: 720x1544, deviceUDID: 6609da97, fullReset: false, javascriptEnabled: true, locationContextEnabled: false, networkConnectionEnabled: true, newCommandTimeout: 300, noReset: false, pixelRatio: 2, platform: LINUX, platformName: Android, platformVersion: 9, statBarHeight: 56, takesScreenshot: true, udid: 6609da97, uiautomator2ServerInstallTimeout: 60000, uiautomator2ServerLaunchTimeout: 60000, viewportRect: {height: 1351, left: 0, top: 56, width: 720}, warnings: {}, webStorageEnabled: false}
Session ID: 6ee734ab-405c-4a09-a5b6-53b918533da8
*** Element info: {Using=xpath, value=//android.view.ViewGroup[@content-desc="Request Support"]}
at java.base/jdk.internal.reflect.DirectConstructorHandleAccessor.newInstance(DirectConstructorHandleAccessor.java:62)
at java.base/java.lang.reflect.Constructor.newInstanceWithCaller(Constructor.java:502)
at java.base/java.lang.reflect.Constructor.newInstance(Constructor.java:486)
at org.openqa.selenium.remote.http.W3CHttpResponseCodec.createException(W3CHttpResponseCodec.java:187)
at org.openqa.selenium.remote.http.W3CHttpResponseCodec.decode(W3CHttpResponseCodec.java:122)
at org.openqa.selenium.remote.http.W3CHttpResponseCodec.decode(W3CHttpResponseCodec.java:49)
at org.openqa.selenium.remote.HttpCommandExecutor.execute(HttpCommandExecutor.java:158)
at io.appium.java_client.remote.AppiumCommandExecutor.execute(AppiumCommandExecutor.java:239)
at org.openqa.selenium.remote.RemoteWebDriver.execute(RemoteWebDriver.java:552)
at io.appium.java_client.DefaultGenericMobileDriver.execute(DefaultGenericMobileDriver.java:42)
at io.appium.java_client.AppiumDriver.execute(AppiumDriver.java:1)
at io.appium.java_client.android.AndroidDriver.execute(AndroidDriver.java:1)
at org.openqa.selenium.remote.RemoteWebDriver.findElement(RemoteWebDriver.java:323)
at io.appium.java_client.DefaultGenericMobileDriver.findElement(DefaultGenericMobileDriver.java:62)
at io.appium.java_client.AppiumDriver.findElement(AppiumDriver.java:1)
at io.appium.java_client.android.AndroidDriver.findElement(AndroidDriver.java:1)
at org.openqa.selenium.remote.RemoteWebDriver.findElementByXPath(RemoteWebDriver.java:428)
at io.appium.java_client.DefaultGenericMobileDriver.findElementByXPath(DefaultGenericMobileDriver.java:152)
at io.appium.java_client.AppiumDriver.findElementByXPath(AppiumDriver.java:1)
at io.appium.java_client.android.AndroidDriver.findElementByXPath(AndroidDriver.java:1)
at org.openqa.selenium.By$ByXPath.findElement(By.java:353)
at org.openqa.selenium.remote.RemoteWebDriver.findElement(RemoteWebDriver.java:315)
at io.appium.java_client.DefaultGenericMobileDriver.findElement(DefaultGenericMobileDriver.java:58)
at io.appium.java_client.AppiumDriver.findElement(AppiumDriver.java:1)
at io.appium.java_client.android.AndroidDriver.findElement(AndroidDriver.java:1)
at Tests.Job_Management.testtwelve_RS(Job_Management.java:79)
at java.base/jdk.internal.reflect.DirectMethodHandleAccessor.invoke(DirectMethodHandleAccessor.java:103)
at java.base/java.lang.reflect.Method.invoke(Method.java:580)
at org.testng.internal.invokers.MethodInvocationHelper.invokeMethod(MethodInvocationHelper.java:141)
at org.testng.internal.invokers.TestInvoker.invokeMethod(TestInvoker.java:687)
at org.testng.internal.invokers.TestInvoker.invokeTestMethod(TestInvoker.java:230)
at org.testng.internal.invokers.MethodRunner.runInSequence(MethodRunner.java:63)
at org.testng.internal.invokers.TestInvoker$MethodInvocationAgent.invoke(TestInvoker.java:995)
at org.testng.internal.invokers.TestInvoker.invokeTestMethods(TestInvoker.java:203)
at org.testng.internal.invokers.TestMethodWorker.invokeTestMethods(TestMethodWorker.java:154)
at org.testng.internal.invokers.TestMethodWorker.run(TestMethodWorker.java:134)
at java.base/java.util.ArrayList.forEach(ArrayList.java:1596)
at org.testng.TestRunner.privateRun(TestRunner.java:741)
at org.testng.TestRunner.run(TestRunner.java:616)
at org.testng.SuiteRunner.runTest(SuiteRunner.java:421)
at org.testng.SuiteRunner.runSequentially(SuiteRunner.java:413)
at org.testng.SuiteRunner.privateRun(SuiteRunner.java:373)
at org.testng.SuiteRunner.run(SuiteRunner.java:312)
at org.testng.SuiteRunnerWorker.runSuite(SuiteRunnerWorker.java:52)
at org.testng.SuiteRunnerWorker.run(SuiteRunnerWorker.java:95)
at org.testng.TestNG.runSuitesSequentially(TestNG.java:1274)
at org.testng.TestNG.runSuitesLocally(TestNG.java:1208)
at org.testng.TestNG.runSuites(TestNG.java:1112)
at org.testng.TestNG.run(TestNG.java:1079)
at org.testng.remote.AbstractRemoteTestNG.run(AbstractRemoteTestNG.java:115)
at org.testng.remote.RemoteTestNG.initAndRun(RemoteTestNG.java:293)
at org.testng.remote.RemoteTestNG.main(RemoteTestNG.java:91)
]]>
            </full-stacktrace>
          </exception> <!-- org.openqa.selenium.WebDriverException -->
          <reporter-output>
          </reporter-output>
        </test-method> <!-- testtwelve_RS -->
        <test-method retried="true" signature="testtwelve_RS()[pri:12, instance:Tests.Job_Management@313b2ea6]" started-at="2025-11-17T20:47:03 IST" name="testtwelve_RS" finished-at="2025-11-17T20:47:06 IST" duration-ms="3035" status="SKIP">
          <exception class="org.openqa.selenium.WebDriverException">
            <message>
              <![CDATA[An unknown server-side error occurred while processing the command. Original error: 'POST /element' cannot be proxied to UiAutomator2 server because the instrumentation process is not running (probably crashed). Check the server log and/or the logcat output for more details
Build info: version: '3.141.59', revision: 'e82be7d358', time: '2018-11-14T08:17:03'
System info: host: 'INTELLIFYLT021', ip: '192.168.10.209', os.name: 'Windows 11', os.arch: 'amd64', os.version: '10.0', java.version: '21.0.8'
Driver info: io.appium.java_client.android.AndroidDriver
Capabilities {adbExecTimeout: 120000, app: C:\Users\subhashohal\Downlo..., appActivity: com.xometry.workcenter.prev..., appPackage: com.xometry.workcenter.prev..., automationName: UiAutomator2, databaseEnabled: false, desired: {adbExecTimeout: 120000, app: C:\Users\subhashohal\Downlo..., appActivity: com.xometry.workcenter.prev..., appPackage: com.xometry.workcenter.prev..., automationName: UiAutomator2, deviceName: vivo 1916, fullReset: false, newCommandTimeout: 300, noReset: false, platformName: android, platformVersion: 9, udid: 6609da97, uiautomator2ServerInstallTimeout: 60000, uiautomator2ServerLaunchTimeout: 60000}, deviceApiLevel: 28, deviceManufacturer: vivo, deviceModel: vivo 1916, deviceName: 6609da97, deviceScreenDensity: 320, deviceScreenSize: 720x1544, deviceUDID: 6609da97, fullReset: false, javascriptEnabled: true, locationContextEnabled: false, networkConnectionEnabled: true, newCommandTimeout: 300, noReset: false, pixelRatio: 2, platform: LINUX, platformName: Android, platformVersion: 9, statBarHeight: 56, takesScreenshot: true, udid: 6609da97, uiautomator2ServerInstallTimeout: 60000, uiautomator2ServerLaunchTimeout: 60000, viewportRect: {height: 1351, left: 0, top: 56, width: 720}, warnings: {}, webStorageEnabled: false}
Session ID: 6ee734ab-405c-4a09-a5b6-53b918533da8
*** Element info: {Using=xpath, value=//android.view.ViewGroup[@content-desc="Request Support"]}]]>
            </message>
            <full-stacktrace>
              <![CDATA[org.openqa.selenium.WebDriverException: An unknown server-side error occurred while processing the command. Original error: 'POST /element' cannot be proxied to UiAutomator2 server because the instrumentation process is not running (probably crashed). Check the server log and/or the logcat output for more details
Build info: version: '3.141.59', revision: 'e82be7d358', time: '2018-11-14T08:17:03'
System info: host: 'INTELLIFYLT021', ip: '192.168.10.209', os.name: 'Windows 11', os.arch: 'amd64', os.version: '10.0', java.version: '21.0.8'
Driver info: io.appium.java_client.android.AndroidDriver
Capabilities {adbExecTimeout: 120000, app: C:\Users\subhashohal\Downlo..., appActivity: com.xometry.workcenter.prev..., appPackage: com.xometry.workcenter.prev..., automationName: UiAutomator2, databaseEnabled: false, desired: {adbExecTimeout: 120000, app: C:\Users\subhashohal\Downlo..., appActivity: com.xometry.workcenter.prev..., appPackage: com.xometry.workcenter.prev..., automationName: UiAutomator2, deviceName: vivo 1916, fullReset: false, newCommandTimeout: 300, noReset: false, platformName: android, platformVersion: 9, udid: 6609da97, uiautomator2ServerInstallTimeout: 60000, uiautomator2ServerLaunchTimeout: 60000}, deviceApiLevel: 28, deviceManufacturer: vivo, deviceModel: vivo 1916, deviceName: 6609da97, deviceScreenDensity: 320, deviceScreenSize: 720x1544, deviceUDID: 6609da97, fullReset: false, javascriptEnabled: true, locationContextEnabled: false, networkConnectionEnabled: true, newCommandTimeout: 300, noReset: false, pixelRatio: 2, platform: LINUX, platformName: Android, platformVersion: 9, statBarHeight: 56, takesScreenshot: true, udid: 6609da97, uiautomator2ServerInstallTimeout: 60000, uiautomator2ServerLaunchTimeout: 60000, viewportRect: {height: 1351, left: 0, top: 56, width: 720}, warnings: {}, webStorageEnabled: false}
Session ID: 6ee734ab-405c-4a09-a5b6-53b918533da8
*** Element info: {Using=xpath, value=//android.view.ViewGroup[@content-desc="Request Support"]}
at java.base/jdk.internal.reflect.DirectConstructorHandleAccessor.newInstance(DirectConstructorHandleAccessor.java:62)
at java.base/java.lang.reflect.Constructor.newInstanceWithCaller(Constructor.java:502)
at java.base/java.lang.reflect.Constructor.newInstance(Constructor.java:486)
at org.openqa.selenium.remote.http.W3CHttpResponseCodec.createException(W3CHttpResponseCodec.java:187)
at org.openqa.selenium.remote.http.W3CHttpResponseCodec.decode(W3CHttpResponseCodec.java:122)
at org.openqa.selenium.remote.http.W3CHttpResponseCodec.decode(W3CHttpResponseCodec.java:49)
at org.openqa.selenium.remote.HttpCommandExecutor.execute(HttpCommandExecutor.java:158)
at io.appium.java_client.remote.AppiumCommandExecutor.execute(AppiumCommandExecutor.java:239)
at org.openqa.selenium.remote.RemoteWebDriver.execute(RemoteWebDriver.java:552)
at io.appium.java_client.DefaultGenericMobileDriver.execute(DefaultGenericMobileDriver.java:42)
at io.appium.java_client.AppiumDriver.execute(AppiumDriver.java:1)
at io.appium.java_client.android.AndroidDriver.execute(AndroidDriver.java:1)
at org.openqa.selenium.remote.RemoteWebDriver.findElement(RemoteWebDriver.java:323)
at io.appium.java_client.DefaultGenericMobileDriver.findElement(DefaultGenericMobileDriver.java:62)
at io.appium.java_client.AppiumDriver.findElement(AppiumDriver.java:1)
at io.appium.java_client.android.AndroidDriver.findElement(AndroidDriver.java:1)
at org.openqa.selenium.remote.RemoteWebDriver.findElementByXPath(RemoteWebDriver.java:428)
at io.appium.java_client.DefaultGenericMobileDriver.findElementByXPath(DefaultGenericMobileDriver.java:152)
at io.appium.java_client.AppiumDriver.findElementByXPath(AppiumDriver.java:1)
at io.appium.java_client.android.AndroidDriver.findElementByXPath(AndroidDriver.java:1)
at org.openqa.selenium.By$ByXPath.findElement(By.java:353)
at org.openqa.selenium.remote.RemoteWebDriver.findElement(RemoteWebDriver.java:315)
at io.appium.java_client.DefaultGenericMobileDriver.findElement(DefaultGenericMobileDriver.java:58)
at io.appium.java_client.AppiumDriver.findElement(AppiumDriver.java:1)
at io.appium.java_client.android.AndroidDriver.findElement(AndroidDriver.java:1)
at Tests.Job_Management.testtwelve_RS(Job_Management.java:79)
at java.base/jdk.internal.reflect.DirectMethodHandleAccessor.invoke(DirectMethodHandleAccessor.java:103)
at java.base/java.lang.reflect.Method.invoke(Method.java:580)
at org.testng.internal.invokers.MethodInvocationHelper.invokeMethod(MethodInvocationHelper.java:141)
at org.testng.internal.invokers.TestInvoker.invokeMethod(TestInvoker.java:687)
at org.testng.internal.invokers.TestInvoker.retryFailed(TestInvoker.java:269)
at org.testng.internal.invokers.MethodRunner.runInSequence(MethodRunner.java:76)
at org.testng.internal.invokers.TestInvoker$MethodInvocationAgent.invoke(TestInvoker.java:995)
at org.testng.internal.invokers.TestInvoker.invokeTestMethods(TestInvoker.java:203)
at org.testng.internal.invokers.TestMethodWorker.invokeTestMethods(TestMethodWorker.java:154)
at org.testng.internal.invokers.TestMethodWorker.run(TestMethodWorker.java:134)
at java.base/java.util.ArrayList.forEach(ArrayList.java:1596)
at org.testng.TestRunner.privateRun(TestRunner.java:741)
at org.testng.TestRunner.run(TestRunner.java:616)
at org.testng.SuiteRunner.runTest(SuiteRunner.java:421)
at org.testng.SuiteRunner.runSequentially(SuiteRunner.java:413)
at org.testng.SuiteRunner.privateRun(SuiteRunner.java:373)
at org.testng.SuiteRunner.run(SuiteRunner.java:312)
at org.testng.SuiteRunnerWorker.runSuite(SuiteRunnerWorker.java:52)
at org.testng.SuiteRunnerWorker.run(SuiteRunnerWorker.java:95)
at org.testng.TestNG.runSuitesSequentially(TestNG.java:1274)
at org.testng.TestNG.runSuitesLocally(TestNG.java:1208)
at org.testng.TestNG.runSuites(TestNG.java:1112)
at org.testng.TestNG.run(TestNG.java:1079)
at org.testng.remote.AbstractRemoteTestNG.run(AbstractRemoteTestNG.java:115)
at org.testng.remote.RemoteTestNG.initAndRun(RemoteTestNG.java:293)
at org.testng.remote.RemoteTestNG.main(RemoteTestNG.java:91)
]]>
            </full-stacktrace>
          </exception> <!-- org.openqa.selenium.WebDriverException -->
          <reporter-output>
          </reporter-output>
        </test-method> <!-- testtwelve_RS -->
        <test-method retried="true" signature="testtwelve_RS()[pri:12, instance:Tests.Job_Management@313b2ea6]" started-at="2025-11-17T20:47:06 IST" name="testtwelve_RS" finished-at="2025-11-17T20:47:09 IST" duration-ms="3041" status="SKIP">
          <exception class="org.openqa.selenium.WebDriverException">
            <message>
              <![CDATA[An unknown server-side error occurred while processing the command. Original error: 'POST /element' cannot be proxied to UiAutomator2 server because the instrumentation process is not running (probably crashed). Check the server log and/or the logcat output for more details
Build info: version: '3.141.59', revision: 'e82be7d358', time: '2018-11-14T08:17:03'
System info: host: 'INTELLIFYLT021', ip: '192.168.10.209', os.name: 'Windows 11', os.arch: 'amd64', os.version: '10.0', java.version: '21.0.8'
Driver info: io.appium.java_client.android.AndroidDriver
Capabilities {adbExecTimeout: 120000, app: C:\Users\subhashohal\Downlo..., appActivity: com.xometry.workcenter.prev..., appPackage: com.xometry.workcenter.prev..., automationName: UiAutomator2, databaseEnabled: false, desired: {adbExecTimeout: 120000, app: C:\Users\subhashohal\Downlo..., appActivity: com.xometry.workcenter.prev..., appPackage: com.xometry.workcenter.prev..., automationName: UiAutomator2, deviceName: vivo 1916, fullReset: false, newCommandTimeout: 300, noReset: false, platformName: android, platformVersion: 9, udid: 6609da97, uiautomator2ServerInstallTimeout: 60000, uiautomator2ServerLaunchTimeout: 60000}, deviceApiLevel: 28, deviceManufacturer: vivo, deviceModel: vivo 1916, deviceName: 6609da97, deviceScreenDensity: 320, deviceScreenSize: 720x1544, deviceUDID: 6609da97, fullReset: false, javascriptEnabled: true, locationContextEnabled: false, networkConnectionEnabled: true, newCommandTimeout: 300, noReset: false, pixelRatio: 2, platform: LINUX, platformName: Android, platformVersion: 9, statBarHeight: 56, takesScreenshot: true, udid: 6609da97, uiautomator2ServerInstallTimeout: 60000, uiautomator2ServerLaunchTimeout: 60000, viewportRect: {height: 1351, left: 0, top: 56, width: 720}, warnings: {}, webStorageEnabled: false}
Session ID: 6ee734ab-405c-4a09-a5b6-53b918533da8
*** Element info: {Using=xpath, value=//android.view.ViewGroup[@content-desc="Request Support"]}]]>
            </message>
            <full-stacktrace>
              <![CDATA[org.openqa.selenium.WebDriverException: An unknown server-side error occurred while processing the command. Original error: 'POST /element' cannot be proxied to UiAutomator2 server because the instrumentation process is not running (probably crashed). Check the server log and/or the logcat output for more details
Build info: version: '3.141.59', revision: 'e82be7d358', time: '2018-11-14T08:17:03'
System info: host: 'INTELLIFYLT021', ip: '192.168.10.209', os.name: 'Windows 11', os.arch: 'amd64', os.version: '10.0', java.version: '21.0.8'
Driver info: io.appium.java_client.android.AndroidDriver
Capabilities {adbExecTimeout: 120000, app: C:\Users\subhashohal\Downlo..., appActivity: com.xometry.workcenter.prev..., appPackage: com.xometry.workcenter.prev..., automationName: UiAutomator2, databaseEnabled: false, desired: {adbExecTimeout: 120000, app: C:\Users\subhashohal\Downlo..., appActivity: com.xometry.workcenter.prev..., appPackage: com.xometry.workcenter.prev..., automationName: UiAutomator2, deviceName: vivo 1916, fullReset: false, newCommandTimeout: 300, noReset: false, platformName: android, platformVersion: 9, udid: 6609da97, uiautomator2ServerInstallTimeout: 60000, uiautomator2ServerLaunchTimeout: 60000}, deviceApiLevel: 28, deviceManufacturer: vivo, deviceModel: vivo 1916, deviceName: 6609da97, deviceScreenDensity: 320, deviceScreenSize: 720x1544, deviceUDID: 6609da97, fullReset: false, javascriptEnabled: true, locationContextEnabled: false, networkConnectionEnabled: true, newCommandTimeout: 300, noReset: false, pixelRatio: 2, platform: LINUX, platformName: Android, platformVersion: 9, statBarHeight: 56, takesScreenshot: true, udid: 6609da97, uiautomator2ServerInstallTimeout: 60000, uiautomator2ServerLaunchTimeout: 60000, viewportRect: {height: 1351, left: 0, top: 56, width: 720}, warnings: {}, webStorageEnabled: false}
Session ID: 6ee734ab-405c-4a09-a5b6-53b918533da8
*** Element info: {Using=xpath, value=//android.view.ViewGroup[@content-desc="Request Support"]}
at java.base/jdk.internal.reflect.DirectConstructorHandleAccessor.newInstance(DirectConstructorHandleAccessor.java:62)
at java.base/java.lang.reflect.Constructor.newInstanceWithCaller(Constructor.java:502)
at java.base/java.lang.reflect.Constructor.newInstance(Constructor.java:486)
at org.openqa.selenium.remote.http.W3CHttpResponseCodec.createException(W3CHttpResponseCodec.java:187)
at org.openqa.selenium.remote.http.W3CHttpResponseCodec.decode(W3CHttpResponseCodec.java:122)
at org.openqa.selenium.remote.http.W3CHttpResponseCodec.decode(W3CHttpResponseCodec.java:49)
at org.openqa.selenium.remote.HttpCommandExecutor.execute(HttpCommandExecutor.java:158)
at io.appium.java_client.remote.AppiumCommandExecutor.execute(AppiumCommandExecutor.java:239)
at org.openqa.selenium.remote.RemoteWebDriver.execute(RemoteWebDriver.java:552)
at io.appium.java_client.DefaultGenericMobileDriver.execute(DefaultGenericMobileDriver.java:42)
at io.appium.java_client.AppiumDriver.execute(AppiumDriver.java:1)
at io.appium.java_client.android.AndroidDriver.execute(AndroidDriver.java:1)
at org.openqa.selenium.remote.RemoteWebDriver.findElement(RemoteWebDriver.java:323)
at io.appium.java_client.DefaultGenericMobileDriver.findElement(DefaultGenericMobileDriver.java:62)
at io.appium.java_client.AppiumDriver.findElement(AppiumDriver.java:1)
at io.appium.java_client.android.AndroidDriver.findElement(AndroidDriver.java:1)
at org.openqa.selenium.remote.RemoteWebDriver.findElementByXPath(RemoteWebDriver.java:428)
at io.appium.java_client.DefaultGenericMobileDriver.findElementByXPath(DefaultGenericMobileDriver.java:152)
at io.appium.java_client.AppiumDriver.findElementByXPath(AppiumDriver.java:1)
at io.appium.java_client.android.AndroidDriver.findElementByXPath(AndroidDriver.java:1)
at org.openqa.selenium.By$ByXPath.findElement(By.java:353)
at org.openqa.selenium.remote.RemoteWebDriver.findElement(RemoteWebDriver.java:315)
at io.appium.java_client.DefaultGenericMobileDriver.findElement(DefaultGenericMobileDriver.java:58)
at io.appium.java_client.AppiumDriver.findElement(AppiumDriver.java:1)
at io.appium.java_client.android.AndroidDriver.findElement(AndroidDriver.java:1)
at Tests.Job_Management.testtwelve_RS(Job_Management.java:79)
at java.base/jdk.internal.reflect.DirectMethodHandleAccessor.invoke(DirectMethodHandleAccessor.java:103)
at java.base/java.lang.reflect.Method.invoke(Method.java:580)
at org.testng.internal.invokers.MethodInvocationHelper.invokeMethod(MethodInvocationHelper.java:141)
at org.testng.internal.invokers.TestInvoker.invokeMethod(TestInvoker.java:687)
at org.testng.internal.invokers.TestInvoker.retryFailed(TestInvoker.java:269)
at org.testng.internal.invokers.MethodRunner.runInSequence(MethodRunner.java:76)
at org.testng.internal.invokers.TestInvoker$MethodInvocationAgent.invoke(TestInvoker.java:995)
at org.testng.internal.invokers.TestInvoker.invokeTestMethods(TestInvoker.java:203)
at org.testng.internal.invokers.TestMethodWorker.invokeTestMethods(TestMethodWorker.java:154)
at org.testng.internal.invokers.TestMethodWorker.run(TestMethodWorker.java:134)
at java.base/java.util.ArrayList.forEach(ArrayList.java:1596)
at org.testng.TestRunner.privateRun(TestRunner.java:741)
at org.testng.TestRunner.run(TestRunner.java:616)
at org.testng.SuiteRunner.runTest(SuiteRunner.java:421)
at org.testng.SuiteRunner.runSequentially(SuiteRunner.java:413)
at org.testng.SuiteRunner.privateRun(SuiteRunner.java:373)
at org.testng.SuiteRunner.run(SuiteRunner.java:312)
at org.testng.SuiteRunnerWorker.runSuite(SuiteRunnerWorker.java:52)
at org.testng.SuiteRunnerWorker.run(SuiteRunnerWorker.java:95)
at org.testng.TestNG.runSuitesSequentially(TestNG.java:1274)
at org.testng.TestNG.runSuitesLocally(TestNG.java:1208)
at org.testng.TestNG.runSuites(TestNG.java:1112)
at org.testng.TestNG.run(TestNG.java:1079)
at org.testng.remote.AbstractRemoteTestNG.run(AbstractRemoteTestNG.java:115)
at org.testng.remote.RemoteTestNG.initAndRun(RemoteTestNG.java:293)
at org.testng.remote.RemoteTestNG.main(RemoteTestNG.java:91)
]]>
            </full-stacktrace>
          </exception> <!-- org.openqa.selenium.WebDriverException -->
          <reporter-output>
          </reporter-output>
        </test-method> <!-- testtwelve_RS -->
        <test-method signature="testtwelve_RS()[pri:12, instance:Tests.Job_Management@313b2ea6]" started-at="2025-11-17T20:47:09 IST" name="testtwelve_RS" finished-at="2025-11-17T20:47:12 IST" duration-ms="3037" status="FAIL">
          <exception class="org.openqa.selenium.WebDriverException">
            <message>
              <![CDATA[An unknown server-side error occurred while processing the command. Original error: 'POST /element' cannot be proxied to UiAutomator2 server because the instrumentation process is not running (probably crashed). Check the server log and/or the logcat output for more details
Build info: version: '3.141.59', revision: 'e82be7d358', time: '2018-11-14T08:17:03'
System info: host: 'INTELLIFYLT021', ip: '192.168.10.209', os.name: 'Windows 11', os.arch: 'amd64', os.version: '10.0', java.version: '21.0.8'
Driver info: io.appium.java_client.android.AndroidDriver
Capabilities {adbExecTimeout: 120000, app: C:\Users\subhashohal\Downlo..., appActivity: com.xometry.workcenter.prev..., appPackage: com.xometry.workcenter.prev..., automationName: UiAutomator2, databaseEnabled: false, desired: {adbExecTimeout: 120000, app: C:\Users\subhashohal\Downlo..., appActivity: com.xometry.workcenter.prev..., appPackage: com.xometry.workcenter.prev..., automationName: UiAutomator2, deviceName: vivo 1916, fullReset: false, newCommandTimeout: 300, noReset: false, platformName: android, platformVersion: 9, udid: 6609da97, uiautomator2ServerInstallTimeout: 60000, uiautomator2ServerLaunchTimeout: 60000}, deviceApiLevel: 28, deviceManufacturer: vivo, deviceModel: vivo 1916, deviceName: 6609da97, deviceScreenDensity: 320, deviceScreenSize: 720x1544, deviceUDID: 6609da97, fullReset: false, javascriptEnabled: true, locationContextEnabled: false, networkConnectionEnabled: true, newCommandTimeout: 300, noReset: false, pixelRatio: 2, platform: LINUX, platformName: Android, platformVersion: 9, statBarHeight: 56, takesScreenshot: true, udid: 6609da97, uiautomator2ServerInstallTimeout: 60000, uiautomator2ServerLaunchTimeout: 60000, viewportRect: {height: 1351, left: 0, top: 56, width: 720}, warnings: {}, webStorageEnabled: false}
Session ID: 6ee734ab-405c-4a09-a5b6-53b918533da8
*** Element info: {Using=xpath, value=//android.view.ViewGroup[@content-desc="Request Support"]}]]>
            </message>
            <full-stacktrace>
              <![CDATA[org.openqa.selenium.WebDriverException: An unknown server-side error occurred while processing the command. Original error: 'POST /element' cannot be proxied to UiAutomator2 server because the instrumentation process is not running (probably crashed). Check the server log and/or the logcat output for more details
Build info: version: '3.141.59', revision: 'e82be7d358', time: '2018-11-14T08:17:03'
System info: host: 'INTELLIFYLT021', ip: '192.168.10.209', os.name: 'Windows 11', os.arch: 'amd64', os.version: '10.0', java.version: '21.0.8'
Driver info: io.appium.java_client.android.AndroidDriver
Capabilities {adbExecTimeout: 120000, app: C:\Users\subhashohal\Downlo..., appActivity: com.xometry.workcenter.prev..., appPackage: com.xometry.workcenter.prev..., automationName: UiAutomator2, databaseEnabled: false, desired: {adbExecTimeout: 120000, app: C:\Users\subhashohal\Downlo..., appActivity: com.xometry.workcenter.prev..., appPackage: com.xometry.workcenter.prev..., automationName: UiAutomator2, deviceName: vivo 1916, fullReset: false, newCommandTimeout: 300, noReset: false, platformName: android, platformVersion: 9, udid: 6609da97, uiautomator2ServerInstallTimeout: 60000, uiautomator2ServerLaunchTimeout: 60000}, deviceApiLevel: 28, deviceManufacturer: vivo, deviceModel: vivo 1916, deviceName: 6609da97, deviceScreenDensity: 320, deviceScreenSize: 720x1544, deviceUDID: 6609da97, fullReset: false, javascriptEnabled: true, locationContextEnabled: false, networkConnectionEnabled: true, newCommandTimeout: 300, noReset: false, pixelRatio: 2, platform: LINUX, platformName: Android, platformVersion: 9, statBarHeight: 56, takesScreenshot: true, udid: 6609da97, uiautomator2ServerInstallTimeout: 60000, uiautomator2ServerLaunchTimeout: 60000, viewportRect: {height: 1351, left: 0, top: 56, width: 720}, warnings: {}, webStorageEnabled: false}
Session ID: 6ee734ab-405c-4a09-a5b6-53b918533da8
*** Element info: {Using=xpath, value=//android.view.ViewGroup[@content-desc="Request Support"]}
at java.base/jdk.internal.reflect.DirectConstructorHandleAccessor.newInstance(DirectConstructorHandleAccessor.java:62)
at java.base/java.lang.reflect.Constructor.newInstanceWithCaller(Constructor.java:502)
at java.base/java.lang.reflect.Constructor.newInstance(Constructor.java:486)
at org.openqa.selenium.remote.http.W3CHttpResponseCodec.createException(W3CHttpResponseCodec.java:187)
at org.openqa.selenium.remote.http.W3CHttpResponseCodec.decode(W3CHttpResponseCodec.java:122)
at org.openqa.selenium.remote.http.W3CHttpResponseCodec.decode(W3CHttpResponseCodec.java:49)
at org.openqa.selenium.remote.HttpCommandExecutor.execute(HttpCommandExecutor.java:158)
at io.appium.java_client.remote.AppiumCommandExecutor.execute(AppiumCommandExecutor.java:239)
at org.openqa.selenium.remote.RemoteWebDriver.execute(RemoteWebDriver.java:552)
at io.appium.java_client.DefaultGenericMobileDriver.execute(DefaultGenericMobileDriver.java:42)
at io.appium.java_client.AppiumDriver.execute(AppiumDriver.java:1)
at io.appium.java_client.android.AndroidDriver.execute(AndroidDriver.java:1)
at org.openqa.selenium.remote.RemoteWebDriver.findElement(RemoteWebDriver.java:323)
at io.appium.java_client.DefaultGenericMobileDriver.findElement(DefaultGenericMobileDriver.java:62)
at io.appium.java_client.AppiumDriver.findElement(AppiumDriver.java:1)
at io.appium.java_client.android.AndroidDriver.findElement(AndroidDriver.java:1)
at org.openqa.selenium.remote.RemoteWebDriver.findElementByXPath(RemoteWebDriver.java:428)
at io.appium.java_client.DefaultGenericMobileDriver.findElementByXPath(DefaultGenericMobileDriver.java:152)
at io.appium.java_client.AppiumDriver.findElementByXPath(AppiumDriver.java:1)
at io.appium.java_client.android.AndroidDriver.findElementByXPath(AndroidDriver.java:1)
at org.openqa.selenium.By$ByXPath.findElement(By.java:353)
at org.openqa.selenium.remote.RemoteWebDriver.findElement(RemoteWebDriver.java:315)
at io.appium.java_client.DefaultGenericMobileDriver.findElement(DefaultGenericMobileDriver.java:58)
at io.appium.java_client.AppiumDriver.findElement(AppiumDriver.java:1)
at io.appium.java_client.android.AndroidDriver.findElement(AndroidDriver.java:1)
at Tests.Job_Management.testtwelve_RS(Job_Management.java:79)
at java.base/jdk.internal.reflect.DirectMethodHandleAccessor.invoke(DirectMethodHandleAccessor.java:103)
at java.base/java.lang.reflect.Method.invoke(Method.java:580)
at org.testng.internal.invokers.MethodInvocationHelper.invokeMethod(MethodInvocationHelper.java:141)
at org.testng.internal.invokers.TestInvoker.invokeMethod(TestInvoker.java:687)
at org.testng.internal.invokers.TestInvoker.retryFailed(TestInvoker.java:269)
at org.testng.internal.invokers.MethodRunner.runInSequence(MethodRunner.java:76)
at org.testng.internal.invokers.TestInvoker$MethodInvocationAgent.invoke(TestInvoker.java:995)
at org.testng.internal.invokers.TestInvoker.invokeTestMethods(TestInvoker.java:203)
at org.testng.internal.invokers.TestMethodWorker.invokeTestMethods(TestMethodWorker.java:154)
at org.testng.internal.invokers.TestMethodWorker.run(TestMethodWorker.java:134)
at java.base/java.util.ArrayList.forEach(ArrayList.java:1596)
at org.testng.TestRunner.privateRun(TestRunner.java:741)
at org.testng.TestRunner.run(TestRunner.java:616)
at org.testng.SuiteRunner.runTest(SuiteRunner.java:421)
at org.testng.SuiteRunner.runSequentially(SuiteRunner.java:413)
at org.testng.SuiteRunner.privateRun(SuiteRunner.java:373)
at org.testng.SuiteRunner.run(SuiteRunner.java:312)
at org.testng.SuiteRunnerWorker.runSuite(SuiteRunnerWorker.java:52)
at org.testng.SuiteRunnerWorker.run(SuiteRunnerWorker.java:95)
at org.testng.TestNG.runSuitesSequentially(TestNG.java:1274)
at org.testng.TestNG.runSuitesLocally(TestNG.java:1208)
at org.testng.TestNG.runSuites(TestNG.java:1112)
at org.testng.TestNG.run(TestNG.java:1079)
at org.testng.remote.AbstractRemoteTestNG.run(AbstractRemoteTestNG.java:115)
at org.testng.remote.RemoteTestNG.initAndRun(RemoteTestNG.java:293)
at org.testng.remote.RemoteTestNG.main(RemoteTestNG.java:91)
]]>
            </full-stacktrace>
          </exception> <!-- org.openqa.selenium.WebDriverException -->
          <reporter-output>
          </reporter-output>
        </test-method> <!-- testtwelve_RS -->
        <test-method signature="testThirteen()[pri:13, instance:Tests.Job_Management@313b2ea6]" started-at="2025-11-17T20:47:12 IST" name="testThirteen" finished-at="2025-11-17T20:47:12 IST" depends-on-methods="Tests.Job_Management.testtwelve_RS" duration-ms="0" status="SKIP">
          <exception class="java.lang.Throwable">
            <message>
[...]
at Tests.Job_Management.testFortytwo(Job_Management.java:1630)
at java.base/jdk.internal.reflect.DirectMethodHandleAccessor.invoke(DirectMethodHandleAccessor.java:103)
at java.base/java.lang.reflect.Method.invoke(Method.java:580)
at org.testng.internal.invokers.MethodInvocationHelper.invokeMethod(MethodInvocationHelper.java:141)
at org.testng.internal.invokers.TestInvoker.invokeMethod(TestInvoker.java:687)
at org.testng.internal.invokers.TestInvoker.retryFailed(TestInvoker.java:269)
at org.testng.internal.invokers.MethodRunner.runInSequence(MethodRunner.java:76)
at org.testng.internal.invokers.TestInvoker$MethodInvocationAgent.invoke(TestInvoker.java:995)
at org.testng.internal.invokers.TestInvoker.invokeTestMethods(TestInvoker.java:203)
at org.testng.internal.invokers.TestMethodWorker.invokeTestMethods(TestMethodWorker.java:154)
at org.testng.internal.invokers.TestMethodWorker.run(TestMethodWorker.java:134)
at java.base/java.util.ArrayList.forEach(ArrayList.java:1596)
at org.testng.TestRunner.privateRun(TestRunner.java:741)
at org.testng.TestRunner.run(TestRunner.java:616)
at org.testng.SuiteRunner.runTest(SuiteRunner.java:421)
at org.testng.SuiteRunner.runSequentially(SuiteRunner.java:413)
at org.testng.SuiteRunner.privateRun(SuiteRunner.java:373)
at org.testng.SuiteRunner.run(SuiteRunner.java:312)
at org.testng.SuiteRunnerWorker.runSuite(SuiteRunnerWorker.java:52)
at org.testng.SuiteRunnerWorker.run(SuiteRunnerWorker.java:95)
at org.testng.TestNG.runSuitesSequentially(TestNG.java:1274)
at org.testng.TestNG.runSuitesLocally(TestNG.java:1208)
at org.testng.TestNG.runSuites(TestNG.java:1112)
at org.testng.TestNG.run(TestNG.java:1079)
at org.testng.remote.AbstractRemoteTestNG.run(AbstractRemoteTestNG.java:115)
at org.testng.remote.RemoteTestNG.initAndRun(RemoteTestNG.java:293)
at org.testng.remote.RemoteTestNG.main(RemoteTestNG.java:91)
]]>
            </full-stacktrace>
          </exception> <!-- org.openqa.selenium.WebDriverException -->
          <reporter-output>
          </reporter-output>
        </test-method> <!-- testFortytwo -->
        <test-method retried="true" signature="testFortytwo()[pri:42, instance:Tests.Job_Management@313b2ea6]" started-at="2025-11-17T20:50:50 IST" name="testFortytwo" finished-at="2025-11-17T20:50:53 IST" duration-ms="3032" status="SKIP">
          <exception class="org.openqa.selenium.WebDriverException">
            <message>
              <![CDATA[An unknown server-side error occurred while processing the command. Original error: 'POST /element' cannot be proxied to UiAutomator2 server because the instrumentation process is not running (probably crashed). Check the server log and/or the logcat output for more details
Build info: version: '3.141.59', revision: 'e82be7d358', time: '2018-11-14T08:17:03'
System info: host: 'INTELLIFYLT021', ip: '192.168.10.209', os.name: 'Windows 11', os.arch: 'amd64', os.version: '10.0', java.version: '21.0.8'
Driver info: io.appium.java_client.android.AndroidDriver
Capabilities {adbExecTimeout: 120000, app: C:\Users\subhashohal\Downlo..., appActivity: com.xometry.workcenter.prev..., appPackage: com.xometry.workcenter.prev..., automationName: UiAutomator2, databaseEnabled: false, desired: {adbExecTimeout: 120000, app: C:\Users\subhashohal\Downlo..., appActivity: com.xometry.workcenter.prev..., appPackage: com.xometry.workcenter.prev..., automationName: UiAutomator2, deviceName: vivo 1916, fullReset: false, newCommandTimeout: 300, noReset: false, platformName: android, platformVersion: 9, udid: 6609da97, uiautomator2ServerInstallTimeout: 60000, uiautomator2ServerLaunchTimeout: 60000}, deviceApiLevel: 28, deviceManufacturer: vivo, deviceModel: vivo 1916, deviceName: 6609da97, deviceScreenDensity: 320, deviceScreenSize: 720x1544, deviceUDID: 6609da97, fullReset: false, javascriptEnabled: true, locationContextEnabled: false, networkConnectionEnabled: true, newCommandTimeout: 300, noReset: false, pixelRatio: 2, platform: LINUX, platformName: Android, platformVersion: 9, statBarHeight: 56, takesScreenshot: true, udid: 6609da97, uiautomator2ServerInstallTimeout: 60000, uiautomator2ServerLaunchTimeout: 60000, viewportRect: {height: 1351, left: 0, top: 56, width: 720}, warnings: {}, webStorageEnabled: false}
Session ID: 6ee734ab-405c-4a09-a5b6-53b918533da8
*** Element info: {Using=xpath, value=//android.view.ViewGroup[@content-desc="In Progress"]}]]>
            </message>
            <full-stacktrace>
              <![CDATA[org.openqa.selenium.WebDriverException: An unknown server-side error occurred while processing the command. Original error: 'POST /element' cannot be proxied to UiAutomator2 server because the instrumentation process is not running (probably crashed). Check the server log and/or the logcat output for more details
Build info: version: '3.141.59', revision: 'e82be7d358', time: '2018-11-14T08:17:03'
System info: host: 'INTELLIFYLT021', ip: '192.168.10.209', os.name: 'Windows 11', os.arch: 'amd64', os.version: '10.0', java.version: '21.0.8'
Driver info: io.appium.java_client.android.AndroidDriver
Capabilities {adbExecTimeout: 120000, app: C:\Users\subhashohal\Downlo..., appActivity: com.xometry.workcenter.prev..., appPackage: com.xometry.workcenter.prev..., automationName: UiAutomator2, databaseEnabled: false, desired: {adbExecTimeout: 120000, app: C:\Users\subhashohal\Downlo..., appActivity: com.xometry.workcenter.prev..., appPackage: com.xometry.workcenter.prev..., automationName: UiAutomator2, deviceName: vivo 1916, fullReset: false, newCommandTimeout: 300, noReset: false, platformName: android, platformVersion: 9, udid: 6609da97, uiautomator2ServerInstallTimeout: 60000, uiautomator2ServerLaunchTimeout: 60000}, deviceApiLevel: 28, deviceManufacturer: vivo, deviceModel: vivo 1916, deviceName: 6609da97, deviceScreenDensity: 320, deviceScreenSize: 720x1544, deviceUDID: 6609da97, fullReset: false, javascriptEnabled: true, locationContextEnabled: false, networkConnectionEnabled: true, newCommandTimeout: 300, noReset: false, pixelRatio: 2, platform: LINUX, platformName: Android, platformVersion: 9, statBarHeight: 56, takesScreenshot: true, udid: 6609da97, uiautomator2ServerInstallTimeout: 60000, uiautomator2ServerLaunchTimeout: 60000, viewportRect: {height: 1351, left: 0, top: 56, width: 720}, warnings: {}, webStorageEnabled: false}
Session ID: 6ee734ab-405c-4a09-a5b6-53b918533da8
*** Element info: {Using=xpath, value=//android.view.ViewGroup[@content-desc="In Progress"]}
at java.base/jdk.internal.reflect.DirectConstructorHandleAccessor.newInstance(DirectConstructorHandleAccessor.java:62)
at java.base/java.lang.reflect.Constructor.newInstanceWithCaller(Constructor.java:502)
at java.base/java.lang.reflect.Constructor.newInstance(Constructor.java:486)
at org.openqa.selenium.remote.http.W3CHttpResponseCodec.createException(W3CHttpResponseCodec.java:187)
at org.openqa.selenium.remote.http.W3CHttpResponseCodec.decode(W3CHttpResponseCodec.java:122)
at org.openqa.selenium.remote.http.W3CHttpResponseCodec.decode(W3CHttpResponseCodec.java:49)
at org.openqa.selenium.remote.HttpCommandExecutor.execute(HttpCommandExecutor.java:158)
at io.appium.java_client.remote.AppiumCommandExecutor.execute(AppiumCommandExecutor.java:239)
at org.openqa.selenium.remote.RemoteWebDriver.execute(RemoteWebDriver.java:552)
at io.appium.java_client.DefaultGenericMobileDriver.execute(DefaultGenericMobileDriver.java:42)
at io.appium.java_client.AppiumDriver.execute(AppiumDriver.java:1)
at io.appium.java_client.android.AndroidDriver.execute(AndroidDriver.java:1)
at org.openqa.selenium.remote.RemoteWebDriver.findElement(RemoteWebDriver.java:323)
at io.appium.java_client.DefaultGenericMobileDriver.findElement(DefaultGenericMobileDriver.java:62)
at io.appium.java_client.AppiumDriver.findElement(AppiumDriver.java:1)
at io.appium.java_client.android.AndroidDriver.findElement(AndroidDriver.java:1)
at org.openqa.selenium.remote.RemoteWebDriver.findElementByXPath(RemoteWebDriver.java:428)
at io.appium.java_client.DefaultGenericMobileDriver.findElementByXPath(DefaultGenericMobileDriver.java:152)
at io.appium.java_client.AppiumDriver.findElementByXPath(AppiumDriver.java:1)
at io.appium.java_client.android.AndroidDriver.findElementByXPath(AndroidDriver.java:1)
at org.openqa.selenium.By$ByXPath.findElement(By.java:353)
at org.openqa.selenium.remote.RemoteWebDriver.findElement(RemoteWebDriver.java:315)
at io.appium.java_client.DefaultGenericMobileDriver.findElement(DefaultGenericMobileDriver.java:58)
at io.appium.java_client.AppiumDriver.findElement(AppiumDriver.java:1)
at io.appium.java_client.android.AndroidDriver.findElement(AndroidDriver.java:1)
at Tests.Job_Management.testFortytwo(Job_Management.java:1630)
at java.base/jdk.internal.reflect.DirectMethodHandleAccessor.invoke(DirectMethodHandleAccessor.java:103)
at java.base/java.lang.reflect.Method.invoke(Method.java:580)
at org.testng.internal.invokers.MethodInvocationHelper.invokeMethod(MethodInvocationHelper.java:141)
at org.testng.internal.invokers.TestInvoker.invokeMethod(TestInvoker.java:687)
at org.testng.internal.invokers.TestInvoker.retryFailed(TestInvoker.java:269)
at org.testng.internal.invokers.MethodRunner.runInSequence(MethodRunner.java:76)
at org.testng.internal.invokers.TestInvoker$MethodInvocationAgent.invoke(TestInvoker.java:995)
at org.testng.internal.invokers.TestInvoker.invokeTestMethods(TestInvoker.java:203)
at org.testng.internal.invokers.TestMethodWorker.invokeTestMethods(TestMethodWorker.java:154)
at org.testng.internal.invokers.TestMethodWorker.run(TestMethodWorker.java:134)
at java.base/java.util.ArrayList.forEach(ArrayList.java:1596)
at org.testng.TestRunner.privateRun(TestRunner.java:741)
at org.testng.TestRunner.run(TestRunner.java:616)
at org.testng.SuiteRunner.runTest(SuiteRunner.java:421)
at org.testng.SuiteRunner.runSequentially(SuiteRunner.java:413)
at org.testng.SuiteRunner.privateRun(SuiteRunner.java:373)
at org.testng.SuiteRunner.run(SuiteRunner.java:312)
at org.testng.SuiteRunnerWorker.runSuite(SuiteRunnerWorker.java:52)
at org.testng.SuiteRunnerWorker.run(SuiteRunnerWorker.java:95)
at org.testng.TestNG.runSuitesSequentially(TestNG.java:1274)
at org.testng.TestNG.runSuitesLocally(TestNG.java:1208)
at org.testng.TestNG.runSuites(TestNG.java:1112)
at org.testng.TestNG.run(TestNG.java:1079)
at org.testng.remote.AbstractRemoteTestNG.run(AbstractRemoteTestNG.java:115)
at org.testng.remote.RemoteTestNG.initAndRun(RemoteTestNG.java:293)
at org.testng.remote.RemoteTestNG.main(RemoteTestNG.java:91)
]]>
            </full-stacktrace>
          </exception> <!-- org.openqa.selenium.WebDriverException -->
          <reporter-output>
          </reporter-output>
        </test-method> <!-- testFortytwo -->
        <test-method signature="testFortytwo()[pri:42, instance:Tests.Job_Management@313b2ea6]" started-at="2025-11-17T20:50:53 IST" name="testFortytwo" finished-at="2025-11-17T20:50:56 IST" duration-ms="3034" status="FAIL">
          <exception class="org.openqa.selenium.WebDriverException">
            <message>
              <![CDATA[An unknown server-side error occurred while processing the command. Original error: 'POST /element' cannot be proxied to UiAutomator2 server because the instrumentation process is not running (probably crashed). Check the server log and/or the logcat output for more details
Build info: version: '3.141.59', revision: 'e82be7d358', time: '2018-11-14T08:17:03'
System info: host: 'INTELLIFYLT021', ip: '192.168.10.209', os.name: 'Windows 11', os.arch: 'amd64', os.version: '10.0', java.version: '21.0.8'
Driver info: io.appium.java_client.android.AndroidDriver
Capabilities {adbExecTimeout: 120000, app: C:\Users\subhashohal\Downlo..., appActivity: com.xometry.workcenter.prev..., appPackage: com.xometry.workcenter.prev..., automationName: UiAutomator2, databaseEnabled: false, desired: {adbExecTimeout: 120000, app: C:\Users\subhashohal\Downlo..., appActivity: com.xometry.workcenter.prev..., appPackage: com.xometry.workcenter.prev..., automationName: UiAutomator2, deviceName: vivo 1916, fullReset: false, newCommandTimeout: 300, noReset: false, platformName: android, platformVersion: 9, udid: 6609da97, uiautomator2ServerInstallTimeout: 60000, uiautomator2ServerLaunchTimeout: 60000}, deviceApiLevel: 28, deviceManufacturer: vivo, deviceModel: vivo 1916, deviceName: 6609da97, deviceScreenDensity: 320, deviceScreenSize: 720x1544, deviceUDID: 6609da97, fullReset: false, javascriptEnabled: true, locationContextEnabled: false, networkConnectionEnabled: true, newCommandTimeout: 300, noReset: false, pixelRatio: 2, platform: LINUX, platformName: Android, platformVersion: 9, statBarHeight: 56, takesScreenshot: true, udid: 6609da97, uiautomator2ServerInstallTimeout: 60000, uiautomator2ServerLaunchTimeout: 60000, viewportRect: {height: 1351, left: 0, top: 56, width: 720}, warnings: {}, webStorageEnabled: false}
Session ID: 6ee734ab-405c-4a09-a5b6-53b918533da8
*** Element info: {Using=xpath, value=//android.view.ViewGroup[@content-desc="In Progress"]}]]>
            </message>
            <full-stacktrace>
              <![CDATA[org.openqa.selenium.WebDriverException: An unknown server-side error occurred while processing the command. Original error: 'POST /element' cannot be proxied to UiAutomator2 server because the instrumentation process is not running (probably crashed). Check the server log and/or the logcat output for more details
Build info: version: '3.141.59', revision: 'e82be7d358', time: '2018-11-14T08:17:03'
System info: host: 'INTELLIFYLT021', ip: '192.168.10.209', os.name: 'Windows 11', os.arch: 'amd64', os.version: '10.0', java.version: '21.0.8'
Driver info: io.appium.java_client.android.AndroidDriver
Capabilities {adbExecTimeout: 120000, app: C:\Users\subhashohal\Downlo..., appActivity: com.xometry.workcenter.prev..., appPackage: com.xometry.workcenter.prev..., automationName: UiAutomator2, databaseEnabled: false, desired: {adbExecTimeout: 120000, app: C:\Users\subhashohal\Downlo..., appActivity: com.xometry.workcenter.prev..., appPackage: com.xometry.workcenter.prev..., automationName: UiAutomator2, deviceName: vivo 1916, fullReset: false, newCommandTimeout: 300, noReset: false, platformName: android, platformVersion: 9, udid: 6609da97, uiautomator2ServerInstallTimeout: 60000, uiautomator2ServerLaunchTimeout: 60000}, deviceApiLevel: 28, deviceManufacturer: vivo, deviceModel: vivo 1916, deviceName: 6609da97, deviceScreenDensity: 320, deviceScreenSize: 720x1544, deviceUDID: 6609da97, fullReset: false, javascriptEnabled: true, locationContextEnabled: false, networkConnectionEnabled: true, newCommandTimeout: 300, noReset: false, pixelRatio: 2, platform: LINUX, platformName: Android, platformVersion: 9, statBarHeight: 56, takesScreenshot: true, udid: 6609da97, uiautomator2ServerInstallTimeout: 60000, uiautomator2ServerLaunchTimeout: 60000, viewportRect: {height: 1351, left: 0, top: 56, width: 720}, warnings: {}, webStorageEnabled: false}
Session ID: 6ee734ab-405c-4a09-a5b6-53b918533da8
*** Element info: {Using=xpath, value=//android.view.ViewGroup[@content-desc="In Progress"]}
at java.base/jdk.internal.reflect.DirectConstructorHandleAccessor.newInstance(DirectConstructorHandleAccessor.java:62)
at java.base/java.lang.reflect.Constructor.newInstanceWithCaller(Constructor.java:502)
at java.base/java.lang.reflect.Constructor.newInstance(Constructor.java:486)
at org.openqa.selenium.remote.http.W3CHttpResponseCodec.createException(W3CHttpResponseCodec.java:187)
at org.openqa.selenium.remote.http.W3CHttpResponseCodec.decode(W3CHttpResponseCodec.java:122)
at org.openqa.selenium.remote.http.W3CHttpResponseCodec.decode(W3CHttpResponseCodec.java:49)
at org.openqa.selenium.remote.HttpCommandExecutor.execute(HttpCommandExecutor.java:158)
at io.appium.java_client.remote.AppiumCommandExecutor.execute(AppiumCommandExecutor.java:239)
at org.openqa.selenium.remote.RemoteWebDriver.execute(RemoteWebDriver.java:552)
at io.appium.java_client.DefaultGenericMobileDriver.execute(DefaultGenericMobileDriver.java:42)
at io.appium.java_client.AppiumDriver.execute(AppiumDriver.java:1)
at io.appium.java_client.android.AndroidDriver.execute(AndroidDriver.java:1)
at org.openqa.selenium.remote.RemoteWebDriver.findElement(RemoteWebDriver.java:323)
at io.appium.java_client.DefaultGenericMobileDriver.findElement(DefaultGenericMobileDriver.java:62)
at io.appium.java_client.AppiumDriver.findElement(AppiumDriver.java:1)
at io.appium.java_client.android.AndroidDriver.findElement(AndroidDriver.java:1)
at org.openqa.selenium.remote.RemoteWebDriver.findElementByXPath(RemoteWebDriver.java:428)
at io.appium.java_client.DefaultGenericMobileDriver.findElementByXPath(DefaultGenericMobileDriver.java:152)
at io.appium.java_client.AppiumDriver.findElementByXPath(AppiumDriver.java:1)
at io.appium.java_client.android.AndroidDriver.findElementByXPath(AndroidDriver.java:1)
at org.openqa.selenium.By$ByXPath.findElement(By.java:353)
at org.openqa.selenium.remote.RemoteWebDriver.findElement(RemoteWebDriver.java:315)
at io.appium.java_client.DefaultGenericMobileDriver.findElement(DefaultGenericMobileDriver.java:58)
at io.appium.java_client.AppiumDriver.findElement(AppiumDriver.java:1)
at io.appium.java_client.android.AndroidDriver.findElement(AndroidDriver.java:1)
at Tests.Job_Management.testFortytwo(Job_Management.java:1630)
at java.base/jdk.internal.reflect.DirectMethodHandleAccessor.invoke(DirectMethodHandleAccessor.java:103)
at java.base/java.lang.reflect.Method.invoke(Method.java:580)
at org.testng.internal.invokers.MethodInvocationHelper.invokeMethod(MethodInvocationHelper.java:141)
at org.testng.internal.invokers.TestInvoker.invokeMethod(TestInvoker.java:687)
at org.testng.internal.invokers.TestInvoker.retryFailed(TestInvoker.java:269)
at org.testng.internal.invokers.MethodRunner.runInSequence(MethodRunner.java:76)
at org.testng.internal.invokers.TestInvoker$MethodInvocationAgent.invoke(TestInvoker.java:995)
at org.testng.internal.invokers.TestInvoker.invokeTestMethods(TestInvoker.java:203)
at org.testng.internal.invokers.TestMethodWorker.invokeTestMethods(TestMethodWorker.java:154)
at org.testng.internal.invokers.TestMethodWorker.run(TestMethodWorker.java:134)
at java.base/java.util.ArrayList.forEach(ArrayList.java:1596)
at org.testng.TestRunner.privateRun(TestRunner.java:741)
at org.testng.TestRunner.run(TestRunner.java:616)
at org.testng.SuiteRunner.runTest(SuiteRunner.java:421)
at org.testng.SuiteRunner.runSequentially(SuiteRunner.java:413)
at org.testng.SuiteRunner.privateRun(SuiteRunner.java:373)
at org.testng.SuiteRunner.run(SuiteRunner.java:312)
at org.testng.SuiteRunnerWorker.runSuite(SuiteRunnerWorker.java:52)
at org.testng.SuiteRunnerWorker.run(SuiteRunnerWorker.java:95)
at org.testng.TestNG.runSuitesSequentially(TestNG.java:1274)
at org.testng.TestNG.runSuitesLocally(TestNG.java:1208)
at org.testng.TestNG.runSuites(TestNG.java:1112)
at org.testng.TestNG.run(TestNG.java:1079)
at org.testng.remote.AbstractRemoteTestNG.run(AbstractRemoteTestNG.java:115)
at org.testng.remote.RemoteTestNG.initAndRun(RemoteTestNG.java:293)
at org.testng.remote.RemoteTestNG.main(RemoteTestNG.java:91)
]]>
            </full-stacktrace>
          </exception> <!-- org.openqa.selenium.WebDriverException -->
          <reporter-output>
          </reporter-output>
        </test-method> <!-- testFortytwo -->
        <test-method signature="testFortythree()[pri:43, instance:Tests.Job_Management@313b2ea6]" started-at="2025-11-17T20:50:56 IST" name="testFortythree" finished-at="2025-11-17T20:51:00 IST" duration-ms="3035" status="PASS">
          <reporter-output>
          </reporter-output>
        </test-method> <!-- testFortythree -->
      </class> <!-- Tests.Job_Management -->
    </test> <!-- TestRun -->
  </suite> <!-- Suite -->
</testng-results>
